{"numFailedTestSuites":2,"numFailedTests":15,"numPassedTestSuites":6,"numPassedTests":70,"numPendingTestSuites":0,"numPendingTests":0,"numRuntimeErrorTestSuites":0,"numTodoTests":0,"numTotalTestSuites":8,"numTotalTests":85,"openHandles":[],"snapshot":{"added":0,"didUpdate":false,"failure":false,"filesAdded":0,"filesRemoved":0,"filesRemovedList":[],"filesUnmatched":0,"filesUpdated":0,"matched":0,"total":0,"unchecked":0,"uncheckedKeysByFile":[],"unmatched":0,"updated":0},"startTime":1758698386629,"success":false,"testResults":[{"assertionResults":[{"ancestorTitles":["Image Utils","getOptimizedImageUrl"],"duration":3,"failing":false,"failureDetails":[],"failureMessages":[],"fullName":"Image Utils getOptimizedImageUrl should return the original URL if it does not start with /","invocations":1,"location":null,"numPassingAsserts":1,"retryReasons":[],"startAt":1758698387736,"status":"passed","title":"should return the original URL if it does not start with /"},{"ancestorTitles":["Image Utils","getOptimizedImageUrl"],"duration":0,"failing":false,"failureDetails":[],"failureMessages":[],"fullName":"Image Utils getOptimizedImageUrl should prefix relative URLs with window.location.origin","invocations":1,"location":null,"numPassingAsserts":1,"retryReasons":[],"startAt":1758698387740,"status":"passed","title":"should prefix relative URLs with window.location.origin"},{"ancestorTitles":["Image Utils","getOptimizedImageUrl"],"duration":0,"failing":false,"failureDetails":[],"failureMessages":[],"fullName":"Image Utils getOptimizedImageUrl should return the original URL if it is not an image","invocations":1,"location":null,"numPassingAsserts":1,"retryReasons":[],"startAt":1758698387741,"status":"passed","title":"should return the original URL if it is not an image"},{"ancestorTitles":["Image Utils","getOptimizedImageUrl"],"duration":1,"failing":false,"failureDetails":[],"failureMessages":[],"fullName":"Image Utils getOptimizedImageUrl should add width parameter","invocations":1,"location":null,"numPassingAsserts":1,"retryReasons":[],"startAt":1758698387741,"status":"passed","title":"should add width parameter"},{"ancestorTitles":["Image Utils","getOptimizedImageUrl"],"duration":0,"failing":false,"failureDetails":[],"failureMessages":[],"fullName":"Image Utils getOptimizedImageUrl should add height parameter","invocations":1,"location":null,"numPassingAsserts":1,"retryReasons":[],"startAt":1758698387742,"status":"passed","title":"should add height parameter"},{"ancestorTitles":["Image Utils","getOptimizedImageUrl"],"duration":1,"failing":false,"failureDetails":[],"failureMessages":[],"fullName":"Image Utils getOptimizedImageUrl should add quality parameter with default value","invocations":1,"location":null,"numPassingAsserts":1,"retryReasons":[],"startAt":1758698387742,"status":"passed","title":"should add quality parameter with default value"},{"ancestorTitles":["Image Utils","getOptimizedImageUrl"],"duration":0,"failing":false,"failureDetails":[],"failureMessages":[],"fullName":"Image Utils getOptimizedImageUrl should add custom quality parameter","invocations":1,"location":null,"numPassingAsserts":1,"retryReasons":[],"startAt":1758698387743,"status":"passed","title":"should add custom quality parameter"},{"ancestorTitles":["Image Utils","getOptimizedImageUrl"],"duration":1,"failing":false,"failureDetails":[],"failureMessages":[],"fullName":"Image Utils getOptimizedImageUrl should add format parameter","invocations":1,"location":null,"numPassingAsserts":1,"retryReasons":[],"startAt":1758698387743,"status":"passed","title":"should add format parameter"},{"ancestorTitles":["Image Utils","getOptimizedImageUrl"],"duration":0,"failing":false,"failureDetails":[],"failureMessages":[],"fullName":"Image Utils getOptimizedImageUrl should add multiple parameters","invocations":1,"location":null,"numPassingAsserts":1,"retryReasons":[],"startAt":1758698387744,"status":"passed","title":"should add multiple parameters"},{"ancestorTitles":["Image Utils","getOptimizedImageUrl"],"duration":2,"failing":false,"failureDetails":[],"failureMessages":[],"fullName":"Image Utils getOptimizedImageUrl should handle invalid URLs gracefully","invocations":1,"location":null,"numPassingAsserts":1,"retryReasons":[],"startAt":1758698387745,"status":"passed","title":"should handle invalid URLs gracefully"},{"ancestorTitles":["Image Utils","getOptimizedImageUrl"],"duration":1,"failing":false,"failureDetails":[],"failureMessages":[],"fullName":"Image Utils getOptimizedImageUrl should handle URLs with existing query parameters","invocations":1,"location":null,"numPassingAsserts":1,"retryReasons":[],"startAt":1758698387747,"status":"passed","title":"should handle URLs with existing query parameters"},{"ancestorTitles":["Image Utils","preloadImages"],"duration":4,"failing":false,"failureDetails":[],"failureMessages":[],"fullName":"Image Utils preloadImages should not execute on server side","invocations":1,"location":null,"numPassingAsserts":1,"retryReasons":[],"startAt":1758698387749,"status":"passed","title":"should not execute on server side"},{"ancestorTitles":["Image Utils","preloadImages"],"duration":2,"failing":false,"failureDetails":[],"failureMessages":[],"fullName":"Image Utils preloadImages should create and append link elements for each URL","invocations":1,"location":null,"numPassingAsserts":6,"retryReasons":[],"startAt":1758698387753,"status":"passed","title":"should create and append link elements for each URL"},{"ancestorTitles":["Image Utils","preloadImages"],"duration":0,"failing":false,"failureDetails":[],"failureMessages":[],"fullName":"Image Utils preloadImages should handle empty array","invocations":1,"location":null,"numPassingAsserts":2,"retryReasons":[],"startAt":1758698387755,"status":"passed","title":"should handle empty array"},{"ancestorTitles":["Image Utils","getLowQualityPlaceholder"],"duration":1,"failing":false,"failureDetails":[],"failureMessages":[],"fullName":"Image Utils getLowQualityPlaceholder should generate low quality placeholder URL","invocations":1,"location":null,"numPassingAsserts":1,"retryReasons":[],"startAt":1758698387755,"status":"passed","title":"should generate low quality placeholder URL"},{"ancestorTitles":["Image Utils","getLowQualityPlaceholder"],"duration":0,"failing":false,"failureDetails":[],"failureMessages":[],"fullName":"Image Utils getLowQualityPlaceholder should work with absolute URLs","invocations":1,"location":null,"numPassingAsserts":1,"retryReasons":[],"startAt":1758698387756,"status":"passed","title":"should work with absolute URLs"},{"ancestorTitles":["Image Utils","createResponsiveImageSet"],"duration":1,"failing":false,"failureDetails":[],"failureMessages":[],"fullName":"Image Utils createResponsiveImageSet should create responsive image set with default breakpoints","invocations":1,"location":null,"numPassingAsserts":1,"retryReasons":[],"startAt":1758698387756,"status":"passed","title":"should create responsive image set with default breakpoints"},{"ancestorTitles":["Image Utils","createResponsiveImageSet"],"duration":1,"failing":false,"failureDetails":[],"failureMessages":[],"fullName":"Image Utils createResponsiveImageSet should create responsive image set with custom breakpoints","invocations":1,"location":null,"numPassingAsserts":1,"retryReasons":[],"startAt":1758698387757,"status":"passed","title":"should create responsive image set with custom breakpoints"},{"ancestorTitles":["Image Utils","createResponsiveImageSet"],"duration":0,"failing":false,"failureDetails":[],"failureMessages":[],"fullName":"Image Utils createResponsiveImageSet should handle empty breakpoints array","invocations":1,"location":null,"numPassingAsserts":1,"retryReasons":[],"startAt":1758698387758,"status":"passed","title":"should handle empty breakpoints array"},{"ancestorTitles":["Image Utils","createResponsiveImageSet"],"duration":0,"failing":false,"failureDetails":[],"failureMessages":[],"fullName":"Image Utils createResponsiveImageSet should work with absolute URLs","invocations":1,"location":null,"numPassingAsserts":1,"retryReasons":[],"startAt":1758698387758,"status":"passed","title":"should work with absolute URLs"}],"endTime":1758698387759,"message":"","name":"/app/fm-compta-consulting-frontend/src/lib/image-utils.test.ts","startTime":1758698387063,"status":"passed","summary":""},{"assertionResults":[{"ancestorTitles":["AnimateOnScroll"],"duration":16,"failing":false,"failureDetails":[],"failureMessages":[],"fullName":"AnimateOnScroll renders children correctly","invocations":1,"location":null,"numPassingAsserts":1,"retryReasons":[],"startAt":1758698387823,"status":"passed","title":"renders children correctly"},{"ancestorTitles":["AnimateOnScroll"],"duration":2,"failing":false,"failureDetails":[],"failureMessages":[],"fullName":"AnimateOnScroll applies custom className","invocations":1,"location":null,"numPassingAsserts":1,"retryReasons":[],"startAt":1758698387839,"status":"passed","title":"applies custom className"},{"ancestorTitles":["AnimateOnScroll"],"duration":5,"failing":false,"failureDetails":[],"failureMessages":[],"fullName":"AnimateOnScroll renders with default props","invocations":1,"location":null,"numPassingAsserts":2,"retryReasons":[],"startAt":1758698387841,"status":"passed","title":"renders with default props"}],"endTime":1758698387847,"message":"","name":"/app/fm-compta-consulting-frontend/src/components/Example.test.tsx","startTime":1758698387067,"status":"passed","summary":""},{"assertionResults":[{"ancestorTitles":["Modal"],"duration":46,"failing":false,"failureDetails":[],"failureMessages":[],"fullName":"Modal renders modal when isOpen is true","invocations":1,"location":null,"numPassingAsserts":3,"retryReasons":[],"startAt":1758698387854,"status":"passed","title":"renders modal when isOpen is true"},{"ancestorTitles":["Modal"],"duration":1,"failing":false,"failureDetails":[],"failureMessages":[],"fullName":"Modal does not render modal when isOpen is false","invocations":1,"location":null,"numPassingAsserts":2,"retryReasons":[],"startAt":1758698387901,"status":"passed","title":"does not render modal when isOpen is false"},{"ancestorTitles":["Modal"],"duration":13,"failing":false,"failureDetails":[],"failureMessages":[],"fullName":"Modal calls onClose when close button is clicked","invocations":1,"location":null,"numPassingAsserts":1,"retryReasons":[],"startAt":1758698387902,"status":"passed","title":"calls onClose when close button is clicked"},{"ancestorTitles":["Modal"],"duration":3,"failing":false,"failureDetails":[],"failureMessages":[],"fullName":"Modal calls onClose when clicking outside the modal","invocations":1,"location":null,"numPassingAsserts":1,"retryReasons":[],"startAt":1758698387915,"status":"passed","title":"calls onClose when clicking outside the modal"},{"ancestorTitles":["Modal"],"duration":2,"failing":false,"failureDetails":[],"failureMessages":[],"fullName":"Modal calls onClose when Escape key is pressed","invocations":1,"location":null,"numPassingAsserts":1,"retryReasons":[],"startAt":1758698387918,"status":"passed","title":"calls onClose when Escape key is pressed"},{"ancestorTitles":["Modal"],"duration":2,"failing":false,"failureDetails":[],"failureMessages":[],"fullName":"Modal does not call onClose for other keys","invocations":1,"location":null,"numPassingAsserts":1,"retryReasons":[],"startAt":1758698387920,"status":"passed","title":"does not call onClose for other keys"},{"ancestorTitles":["Modal"],"duration":2,"failing":false,"failureDetails":[],"failureMessages":[],"fullName":"Modal prevents body scroll when open","invocations":1,"location":null,"numPassingAsserts":1,"retryReasons":[],"startAt":1758698387922,"status":"passed","title":"prevents body scroll when open"},{"ancestorTitles":["Modal"],"duration":2,"failing":false,"failureDetails":[],"failureMessages":[],"fullName":"Modal restores body scroll when closed","invocations":1,"location":null,"numPassingAsserts":1,"retryReasons":[],"startAt":1758698387924,"status":"passed","title":"restores body scroll when closed"}],"endTime":1758698387927,"message":"","name":"/app/fm-compta-consulting-frontend/src/components/Modal.test.tsx","startTime":1758698387061,"status":"passed","summary":""},{"assertionResults":[{"ancestorTitles":["ConfirmDialog"],"duration":56,"failing":false,"failureDetails":[],"failureMessages":[],"fullName":"ConfirmDialog renders dialog when isOpen is true","invocations":1,"location":null,"numPassingAsserts":5,"retryReasons":[],"startAt":1758698387902,"status":"passed","title":"renders dialog when isOpen is true"},{"ancestorTitles":["ConfirmDialog"],"duration":2,"failing":false,"failureDetails":[],"failureMessages":[],"fullName":"ConfirmDialog does not render dialog when isOpen is false","invocations":1,"location":null,"numPassingAsserts":2,"retryReasons":[],"startAt":1758698387958,"status":"passed","title":"does not render dialog when isOpen is false"},{"ancestorTitles":["ConfirmDialog"],"duration":13,"failing":false,"failureDetails":[],"failureMessages":[],"fullName":"ConfirmDialog calls onClose when close button is clicked","invocations":1,"location":null,"numPassingAsserts":1,"retryReasons":[],"startAt":1758698387960,"status":"passed","title":"calls onClose when close button is clicked"},{"ancestorTitles":["ConfirmDialog"],"duration":3,"failing":false,"failureDetails":[],"failureMessages":[],"fullName":"ConfirmDialog calls onClose when clicking outside the dialog","invocations":1,"location":null,"numPassingAsserts":1,"retryReasons":[],"startAt":1758698387973,"status":"passed","title":"calls onClose when clicking outside the dialog"},{"ancestorTitles":["ConfirmDialog"],"duration":3,"failing":false,"failureDetails":[],"failureMessages":[],"fullName":"ConfirmDialog calls onClose when Escape key is pressed","invocations":1,"location":null,"numPassingAsserts":1,"retryReasons":[],"startAt":1758698387976,"status":"passed","title":"calls onClose when Escape key is pressed"},{"ancestorTitles":["ConfirmDialog"],"duration":2,"failing":false,"failureDetails":[],"failureMessages":[],"fullName":"ConfirmDialog does not call onClose for other keys","invocations":1,"location":null,"numPassingAsserts":1,"retryReasons":[],"startAt":1758698387979,"status":"passed","title":"does not call onClose for other keys"},{"ancestorTitles":["ConfirmDialog"],"duration":7,"failing":false,"failureDetails":[],"failureMessages":[],"fullName":"ConfirmDialog calls onConfirm and onClose when confirm button is clicked","invocations":1,"location":null,"numPassingAsserts":2,"retryReasons":[],"startAt":1758698387981,"status":"passed","title":"calls onConfirm and onClose when confirm button is clicked"},{"ancestorTitles":["ConfirmDialog"],"duration":7,"failing":false,"failureDetails":[],"failureMessages":[],"fullName":"ConfirmDialog calls onClose when cancel button is clicked","invocations":1,"location":null,"numPassingAsserts":2,"retryReasons":[],"startAt":1758698387988,"status":"passed","title":"calls onClose when cancel button is clicked"},{"ancestorTitles":["ConfirmDialog"],"duration":2,"failing":false,"failureDetails":[],"failureMessages":[],"fullName":"ConfirmDialog prevents body scroll when open","invocations":1,"location":null,"numPassingAsserts":1,"retryReasons":[],"startAt":1758698387995,"status":"passed","title":"prevents body scroll when open"},{"ancestorTitles":["ConfirmDialog"],"duration":2,"failing":false,"failureDetails":[],"failureMessages":[],"fullName":"ConfirmDialog restores body scroll when closed","invocations":1,"location":null,"numPassingAsserts":1,"retryReasons":[],"startAt":1758698387997,"status":"passed","title":"restores body scroll when closed"}],"endTime":1758698388001,"message":"","name":"/app/fm-compta-consulting-frontend/src/components/ConfirmDialog.test.tsx","startTime":1758698387061,"status":"passed","summary":""},{"assertionResults":[{"ancestorTitles":["RegisterForm"],"duration":61,"failing":false,"failureDetails":[],"failureMessages":[],"fullName":"RegisterForm renders the form with inputs and buttons","invocations":1,"location":null,"numPassingAsserts":7,"retryReasons":[],"startAt":1758698387951,"status":"passed","title":"renders the form with inputs and buttons"},{"ancestorTitles":["RegisterForm"],"duration":12,"failing":false,"failureDetails":[],"failureMessages":[],"fullName":"RegisterForm updates form fields on input change","invocations":1,"location":null,"numPassingAsserts":4,"retryReasons":[],"startAt":1758698388012,"status":"passed","title":"updates form fields on input change"},{"ancestorTitles":["RegisterForm"],"duration":23,"failing":false,"failureDetails":[],"failureMessages":[],"fullName":"RegisterForm shows error when passwords do not match","invocations":1,"location":null,"numPassingAsserts":1,"retryReasons":[],"startAt":1758698388024,"status":"passed","title":"shows error when passwords do not match"},{"ancestorTitles":["RegisterForm"],"duration":68,"failing":false,"failureDetails":[],"failureMessages":[],"fullName":"RegisterForm calls fetch and signIn on successful registration","invocations":1,"location":null,"numPassingAsserts":4,"retryReasons":[],"startAt":1758698388047,"status":"passed","title":"calls fetch and signIn on successful registration"},{"ancestorTitles":["RegisterForm"],"duration":18,"failing":false,"failureDetails":[],"failureMessages":[],"fullName":"RegisterForm shows error on registration failure","invocations":1,"location":null,"numPassingAsserts":1,"retryReasons":[],"startAt":1758698388115,"status":"passed","title":"shows error on registration failure"},{"ancestorTitles":["RegisterForm"],"duration":14,"failing":false,"failureDetails":[],"failureMessages":[],"fullName":"RegisterForm shows error on signIn failure after registration","invocations":1,"location":null,"numPassingAsserts":1,"retryReasons":[],"startAt":1758698388133,"status":"passed","title":"shows error on signIn failure after registration"},{"ancestorTitles":["RegisterForm"],"duration":5,"failing":false,"failureDetails":[],"failureMessages":[],"fullName":"RegisterForm calls onSwitchToLogin when login button is clicked","invocations":1,"location":null,"numPassingAsserts":1,"retryReasons":[],"startAt":1758698388147,"status":"passed","title":"calls onSwitchToLogin when login button is clicked"}],"endTime":1758698388153,"message":"","name":"/app/fm-compta-consulting-frontend/src/components/RegisterForm.test.tsx","startTime":1758698387062,"status":"passed","summary":""},{"assertionResults":[{"ancestorTitles":["LoginForm"],"duration":66,"failing":false,"failureDetails":[],"failureMessages":[],"fullName":"LoginForm renders the form with inputs and buttons","invocations":1,"location":null,"numPassingAsserts":5,"retryReasons":[],"startAt":1758698387920,"status":"passed","title":"renders the form with inputs and buttons"},{"ancestorTitles":["LoginForm"],"duration":12,"failing":false,"failureDetails":[],"failureMessages":[],"fullName":"LoginForm updates email and password on input change","invocations":1,"location":null,"numPassingAsserts":2,"retryReasons":[],"startAt":1758698387986,"status":"passed","title":"updates email and password on input change"},{"ancestorTitles":["LoginForm"],"duration":23,"failing":false,"failureDetails":[],"failureMessages":[],"fullName":"LoginForm calls signIn on form submit and closes on success","invocations":1,"location":null,"numPassingAsserts":3,"retryReasons":[],"startAt":1758698387998,"status":"passed","title":"calls signIn on form submit and closes on success"},{"ancestorTitles":["LoginForm"],"duration":17,"failing":false,"failureDetails":[],"failureMessages":[],"fullName":"LoginForm shows error on signIn failure","invocations":1,"location":null,"numPassingAsserts":1,"retryReasons":[],"startAt":1758698388021,"status":"passed","title":"shows error on signIn failure"},{"ancestorTitles":["LoginForm"],"duration":9,"failing":false,"failureDetails":[],"failureMessages":[],"fullName":"LoginForm calls onSwitchToRegister when register button is clicked","invocations":1,"location":null,"numPassingAsserts":1,"retryReasons":[],"startAt":1758698388038,"status":"passed","title":"calls onSwitchToRegister when register button is clicked"},{"ancestorTitles":["LoginForm"],"duration":114,"failing":false,"failureDetails":[],"failureMessages":[],"fullName":"LoginForm disables submit button while loading","invocations":1,"location":null,"numPassingAsserts":2,"retryReasons":[],"startAt":1758698388047,"status":"passed","title":"disables submit button while loading"}],"endTime":1758698388162,"message":"","name":"/app/fm-compta-consulting-frontend/src/components/LoginForm.test.tsx","startTime":1758698387063,"status":"passed","summary":""},{"assertionResults":[{"ancestorTitles":["Layout","Unauthenticated user"],"duration":29,"failing":false,"failureDetails":[{"name":"TestingLibraryElementError"}],"failureMessages":["TestingLibraryElementError: Found multiple elements with the text: FM Compta Consulting\n\nHere are the matching elements:\n\nIgnored nodes: comments, script, style\n\u001b[36m<a\u001b[39m\n  \u001b[33mclass\u001b[39m=\u001b[32m\"text-xl font-bold text-white hover:text-primary-light transition-colors duration-300\"\u001b[39m\n  \u001b[33mhref\u001b[39m=\u001b[32m\"/\"\u001b[39m\n\u001b[36m>\u001b[39m\n  \u001b[0mFM Compta Consulting\u001b[0m\n\u001b[36m</a>\u001b[39m\n\nIgnored nodes: comments, script, style\n\u001b[36m<h3\u001b[39m\n  \u001b[33mclass\u001b[39m=\u001b[32m\"text-xl font-bold\"\u001b[39m\n\u001b[36m>\u001b[39m\n  \u001b[0mFM Compta Consulting\u001b[0m\n\u001b[36m</h3>\u001b[39m\n\n(If this is intentional, then use the `*AllBy*` variant of the query (like `queryAllByText`, `getAllByText`, or `findAllByText`)).\n\nIgnored nodes: comments, script, style\n\u001b[36m<body>\u001b[39m\n  \u001b[36m<div>\u001b[39m\n    \u001b[36m<div\u001b[39m\n      \u001b[33mclass\u001b[39m=\u001b[32m\"min-h-screen flex flex-col\"\u001b[39m\n    \u001b[36m>\u001b[39m\n      \u001b[36m<nav\u001b[39m\n        \u001b[33mclass\u001b[39m=\u001b[32m\"navbar py-4 px-6 bg-primary/80 text-white shadow-md sticky top-0 z-50 backdrop-blur-md\"\u001b[39m\n      \u001b[36m>\u001b[39m\n        \u001b[36m<div\u001b[39m\n          \u001b[33mclass\u001b[39m=\u001b[32m\"container mx-auto flex justify-between items-center\"\u001b[39m\n        \u001b[36m>\u001b[39m\n          \u001b[36m<a\u001b[39m\n            \u001b[33mclass\u001b[39m=\u001b[32m\"text-xl font-bold text-white hover:text-primary-light transition-colors duration-300\"\u001b[39m\n            \u001b[33mhref\u001b[39m=\u001b[32m\"/\"\u001b[39m\n          \u001b[36m>\u001b[39m\n            \u001b[0mFM Compta Consulting\u001b[0m\n          \u001b[36m</a>\u001b[39m\n          \u001b[36m<button\u001b[39m\n            \u001b[33mclass\u001b[39m=\u001b[32m\"md:hidden focus:outline-none\"\u001b[39m\n          \u001b[36m>\u001b[39m\n            \u001b[36m<svg\u001b[39m\n              \u001b[33mclass\u001b[39m=\u001b[32m\"w-6 h-6\"\u001b[39m\n              \u001b[33mfill\u001b[39m=\u001b[32m\"none\"\u001b[39m\n              \u001b[33mstroke\u001b[39m=\u001b[32m\"currentColor\"\u001b[39m\n              \u001b[33mviewBox\u001b[39m=\u001b[32m\"0 0 24 24\"\u001b[39m\n              \u001b[33mxmlns\u001b[39m=\u001b[32m\"http://www.w3.org/2000/svg\"\u001b[39m\n            \u001b[36m>\u001b[39m\n              \u001b[36m<path\u001b[39m\n                \u001b[33md\u001b[39m=\u001b[32m\"M4 6h16M4 12h16M4 18h16\"\u001b[39m\n                \u001b[33mstroke-linecap\u001b[39m=\u001b[32m\"round\"\u001b[39m\n                \u001b[33mstroke-linejoin\u001b[39m=\u001b[32m\"round\"\u001b[39m\n                \u001b[33mstroke-width\u001b[39m=\u001b[32m\"2\"\u001b[39m\n              \u001b[36m/>\u001b[39m\n            \u001b[36m</svg>\u001b[39m\n          \u001b[36m</button>\u001b[39m\n          \u001b[36m<div\u001b[39m\n            \u001b[33mclass\u001b[39m=\u001b[32m\"hidden md:flex items-center space-x-8\"\u001b[39m\n          \u001b[36m>\u001b[39m\n            \u001b[36m<a\u001b[39m\n              \u001b[33mclass\u001b[39m=\u001b[32m\"navbar-link\"\u001b[39m\n              \u001b[33mhref\u001b[39m=\u001b[32m\"/\"\u001b[39m\n            \u001b[36m>\u001b[39m\n              \u001b[0mnavbar.home\u001b[0m\n            \u001b[36m</a>\u001b[39m\n            \u001b[36m<a\u001b[39m\n              \u001b[33mclass\u001b[39m=\u001b[32m\"navbar-link\"\u001b[39m\n              \u001b[33mhref\u001b[39m=\u001b[32m\"/#about\"\u001b[39m\n            \u001b[36m>\u001b[39m\n              \u001b[0mnavbar.about\u001b[0m\n            \u001b[36m</a>\u001b[39m\n            \u001b[36m<a\u001b[39m\n              \u001b[33mclass\u001b[39m=\u001b[32m\"navbar-link\"\u001b[39m\n              \u001b[33mhref\u001b[39m=\u001b[32m\"/#team\"\u001b[39m\n            \u001b[36m>\u001b[39m\n              \u001b[0mnavbar.team\u001b[0m\n            \u001b[36m</a>\u001b[39m\n            \u001b[36m<a\u001b[39m\n              \u001b[33mclass\u001b[39m=\u001b[32m\"navbar-link\"\u001b[39m\n              \u001b[33mhref\u001b[39m=\u001b[32m\"/#contact\"\u001b[39m\n            \u001b[36m>\u001b[39m\n              \u001b[0mnavbar.contact\u001b[0m\n            \u001b[36m</a>\u001b[39m\n            \u001b[36m<div\u001b[39m\n              \u001b[33mclass\u001b[39m=\u001b[32m\"relative\"\u001b[39m\n            \u001b[36m>\u001b[39m\n              \u001b[36m<button\u001b[39m\n                \u001b[33mclass\u001b[39m=\u001b[32m\"flex items-center text-white hover:text-primary-light transition-colors duration-300 focus:outline-none bg-primary/30 rounded-md px-3 py-1.5\"\u001b[39m\n              \u001b[36m>\u001b[39m\n                \u001b[36m<div\u001b[39m\n                  \u001b[33mdata-testid\u001b[39m=\u001b[32m\"fa-globe\"\u001b[39m\n                \u001b[36m/>\u001b[39m\n                \u001b[36m<span\u001b[39m\n                  \u001b[33mclass\u001b[39m=\u001b[32m\"uppercase font-medium\"\u001b[39m\n                \u001b[36m>\u001b[39m\n                  \u001b[0mfr\u001b[0m\n                \u001b[36m</span>\u001b[39m\n              \u001b[36m</button>\u001b[39m\n            \u001b[36m</div>\u001b[39m\n            \u001b[36m<div\u001b[39m\n              \u001b[33mclass\u001b[39m=\u001b[32m\"relative\"\u001b[39m\n            \u001b[36m>\u001b[39m\n              \u001b[36m<button\u001b[39m\n                \u001b[33mclass\u001b[39m=\u001b[32m\"flex items-center text-white hover:text-primary-light transition-colors duration-300 focus:outline-none bg-primary/30 rounded-md px-3 py-1.5\"\u001b[39m\n              \u001b[36m>\u001b[39m\n                \u001b[36m<div\u001b[39m\n                  \u001b[33mdata-testid\u001b[39m=\u001b[32m\"fa-user\"\u001b[39m\n                \u001b[36m/>\u001b[39m\n                \u001b[36m<span\u001b[39m\n                  \u001b[33mclass\u001b[39m=\u001b[32m\"font-medium\"\u001b[39m\n                \u001b[36m>\u001b[39m\n                  \u001b[0mnavbar.login\u001b[0m\n                \u001b[36m</span>\u001b[39m\n              \u001b[36m</button>\u001b[39m\n            \u001b[36m</div>\u001b[39m\n          \u001b[36m</div>\u001b[39m\n        \u001b[36m</div>\u001b[39m\n      \u001b[36m</nav>\u001b[39m\n      \u001b[36m<main\u001b[39m\n        \u001b[33mclass\u001b[39m=\u001b[32m\"flex-grow\"\u001b[39m\n      \u001b[36m>\u001b[39m\n        \u001b[36m<div\u001b[39m\n          \u001b[33mdata-testid\u001b[39m=\u001b[32m\"children\"\u001b[39m\n        \u001b[36m>\u001b[39m\n          \u001b[0mTest Content\u001b[0m\n        \u001b[36m</div>\u001b[39m\n      \u001b[36m</main>\u001b[39m\n      \u001b[36m<footer\u001b[39m\n        \u001b[33mclass\u001b[39m=\u001b[32m\"bg-primary-dark text-white py-6 mt-auto\"\u001b[39m\n      \u001b[36m>\u001b[39m\n        \u001b[36m<div\u001b[39m\n          \u001b[33mclass\u001b[39m=\u001b[32m\"container mx-auto px-4\"\u001b[39m\n        \u001b[36m>\u001b[39m\n          \u001b[36m<div\u001b[39m\n            \u001b[33mclass\u001b[39m=\u001b[32m\"flex flex-col md:flex-row justify-between items-center\"\u001b[39m\n          \u001b[36m>\u001b[39m\n            \u001b[36m<div\u001b[39m\n              \u001b[33mclass\u001b[39m=\u001b[32m\"mb-4 md:mb-0\"\u001b[39m\n            \u001b[36m>\u001b[39m\n              \u001b[36m<h3\u001b[39m\n                \u001b[33mclass\u001b[39m=\u001b[32m\"text-xl font-bold\"\u001b[39m\n              \u001b[36m>\u001b[39m\n                \u001b[0mFM Compta Consulting\u001b[0m\n              \u001b[36m</h3>\u001b[39m\n            \u001b[36m</div>\u001b[39m\n            \u001b[36m<div\u001b[39m\n              \u001b[33mclass\u001b[39m=\u001b[32m\"text-center md:text-right\"\u001b[39m\n            \u001b[36m>\u001b[39m\n              \u001b[36m<p\u001b[39m\n                \u001b[33mclass\u001b[39m=\u001b[32m\"mb-1\"\u001b[39m\n              \u001b[36m>\u001b[39m\n                \u001b[0mEmail: admin@fmcompta.be | Tél: +32 2 123 45 67\u001b[0m\n              \u001b[36m</p>\u001b[39m\n              \u001b[36m<p>\u001b[39m\n                \u001b[0mAvenue du château 28, boite 15, 1081 Koekelberg\u001b[0m\n              \u001b[36m</p>\u001b[39m\n            \u001b[36m</div>\u001b[39m\n          \u001b[36m</div>\u001b[39m\n          \u001b[36m<div\u001b[39m\n            \u001b[33mclass\u001b[39m=\u001b[32m\"mt-4 pt-4 border-t border-white/20 text-center\"\u001b[39m\n          \u001b[36m>\u001b[39m\n            \u001b[36m<p>\u001b[39m\n              \u001b[0m© \u001b[0m\n              \u001b[0m2025\u001b[0m\n              \u001b[0m FM Compta Consulting. Tous droits réservés.\u001b[0m\n            \u001b[36m</p>\u001b[39m\n          \u001b[36m</div>\u001b[39m\n        \u001b[36m</div>\u001b[39m\n      \u001b[36m</footer>\u001b[39m\n    \u001b[36m</div>\u001b[39m\n  \u001b[36m</div>\u001b[39m\n\u001b[36m</body>\u001b[39m\n    at Object.getElementError (/app/fm-compta-consulting-frontend/node_modules/@testing-library/dom/dist/config.js:37:19)\n    at getElementError (/app/fm-compta-consulting-frontend/node_modules/@testing-library/dom/dist/query-helpers.js:20:35)\n    at getMultipleElementsFoundError (/app/fm-compta-consulting-frontend/node_modules/@testing-library/dom/dist/query-helpers.js:23:10)\n    at /app/fm-compta-consulting-frontend/node_modules/@testing-library/dom/dist/query-helpers.js:55:13\n    at /app/fm-compta-consulting-frontend/node_modules/@testing-library/dom/dist/query-helpers.js:95:19\n    at Object.getByText (/app/fm-compta-consulting-frontend/src/components/Layout.test.tsx:143:21)\n    at Promise.finally.completed (/app/fm-compta-consulting-frontend/node_modules/jest-circus/build/jestAdapterInit.js:1556:28)\n    at new Promise (<anonymous>)\n    at callAsyncCircusFn (/app/fm-compta-consulting-frontend/node_modules/jest-circus/build/jestAdapterInit.js:1496:10)\n    at _callCircusTest (/app/fm-compta-consulting-frontend/node_modules/jest-circus/build/jestAdapterInit.js:1006:40)\n    at processTicksAndRejections (node:internal/process/task_queues:95:5)\n    at _runTest (/app/fm-compta-consulting-frontend/node_modules/jest-circus/build/jestAdapterInit.js:946:3)\n    at _runTestsForDescribeBlock (/app/fm-compta-consulting-frontend/node_modules/jest-circus/build/jestAdapterInit.js:839:13)\n    at _runTestsForDescribeBlock (/app/fm-compta-consulting-frontend/node_modules/jest-circus/build/jestAdapterInit.js:829:11)\n    at _runTestsForDescribeBlock (/app/fm-compta-consulting-frontend/node_modules/jest-circus/build/jestAdapterInit.js:829:11)\n    at run (/app/fm-compta-consulting-frontend/node_modules/jest-circus/build/jestAdapterInit.js:757:3)\n    at runAndTransformResultsToJestFormat (/app/fm-compta-consulting-frontend/node_modules/jest-circus/build/jestAdapterInit.js:1917:21)\n    at jestAdapter (/app/fm-compta-consulting-frontend/node_modules/jest-circus/build/runner.js:101:19)\n    at runTestInternal (/app/fm-compta-consulting-frontend/node_modules/jest-runner/build/testWorker.js:275:16)\n    at runTest (/app/fm-compta-consulting-frontend/node_modules/jest-runner/build/testWorker.js:343:7)\n    at Object.worker (/app/fm-compta-consulting-frontend/node_modules/jest-runner/build/testWorker.js:497:12)"],"fullName":"Layout Unauthenticated user renders the layout with navigation links","invocations":1,"location":null,"numPassingAsserts":0,"retryReasons":[],"startAt":1758698388076,"status":"failed","title":"renders the layout with navigation links"},{"ancestorTitles":["Layout","Unauthenticated user"],"duration":19,"failing":false,"failureDetails":[{}],"failureMessages":["Error: Objects are not valid as a React child (found: [object Promise]). If you meant to render a collection of children, use an array instead.\n    at throwOnInvalidObjectType (/app/fm-compta-consulting-frontend/node_modules/react-dom/cjs/react-dom.development.js:13123:9)\n    at reconcileChildFibers (/app/fm-compta-consulting-frontend/node_modules/react-dom/cjs/react-dom.development.js:14064:7)\n    at reconcileChildren (/app/fm-compta-consulting-frontend/node_modules/react-dom/cjs/react-dom.development.js:19186:28)\n    at mountIndeterminateComponent (/app/fm-compta-consulting-frontend/node_modules/react-dom/cjs/react-dom.development.js:20186:5)\n    at beginWork (/app/fm-compta-consulting-frontend/node_modules/react-dom/cjs/react-dom.development.js:21626:16)\n    at beginWork$1 (/app/fm-compta-consulting-frontend/node_modules/react-dom/cjs/react-dom.development.js:27465:14)\n    at performUnitOfWork (/app/fm-compta-consulting-frontend/node_modules/react-dom/cjs/react-dom.development.js:26599:12)\n    at workLoopSync (/app/fm-compta-consulting-frontend/node_modules/react-dom/cjs/react-dom.development.js:26505:5)\n    at renderRootSync (/app/fm-compta-consulting-frontend/node_modules/react-dom/cjs/react-dom.development.js:26473:7)\n    at recoverFromConcurrentError (/app/fm-compta-consulting-frontend/node_modules/react-dom/cjs/react-dom.development.js:25889:20)\n    at performSyncWorkOnRoot (/app/fm-compta-consulting-frontend/node_modules/react-dom/cjs/react-dom.development.js:26135:20)\n    at flushSyncCallbacks (/app/fm-compta-consulting-frontend/node_modules/react-dom/cjs/react-dom.development.js:12042:22)\n    at flushActQueue (/app/fm-compta-consulting-frontend/node_modules/react/cjs/react.development.js:2667:24)\n    at act (/app/fm-compta-consulting-frontend/node_modules/react/cjs/react.development.js:2582:11)\n    at /app/fm-compta-consulting-frontend/node_modules/@testing-library/react/dist/act-compat.js:47:25\n    at Object.eventWrapper (/app/fm-compta-consulting-frontend/node_modules/@testing-library/react/dist/pure.js:107:28)\n    at fireEvent (/app/fm-compta-consulting-frontend/node_modules/@testing-library/dom/dist/events.js:12:35)\n    at Function.fireEvent.<computed> [as click] (/app/fm-compta-consulting-frontend/node_modules/@testing-library/dom/dist/events.js:110:36)\n    at Function.fireEvent.<computed> [as click] (/app/fm-compta-consulting-frontend/node_modules/@testing-library/react/dist/fire-event.js:15:52)\n    at Object.click (/app/fm-compta-consulting-frontend/src/components/Layout.test.tsx:155:17)\n    at Promise.finally.completed (/app/fm-compta-consulting-frontend/node_modules/jest-circus/build/jestAdapterInit.js:1556:28)\n    at new Promise (<anonymous>)\n    at callAsyncCircusFn (/app/fm-compta-consulting-frontend/node_modules/jest-circus/build/jestAdapterInit.js:1496:10)\n    at _callCircusTest (/app/fm-compta-consulting-frontend/node_modules/jest-circus/build/jestAdapterInit.js:1006:40)\n    at processTicksAndRejections (node:internal/process/task_queues:95:5)\n    at _runTest (/app/fm-compta-consulting-frontend/node_modules/jest-circus/build/jestAdapterInit.js:946:3)\n    at _runTestsForDescribeBlock (/app/fm-compta-consulting-frontend/node_modules/jest-circus/build/jestAdapterInit.js:839:13)\n    at _runTestsForDescribeBlock (/app/fm-compta-consulting-frontend/node_modules/jest-circus/build/jestAdapterInit.js:829:11)\n    at _runTestsForDescribeBlock (/app/fm-compta-consulting-frontend/node_modules/jest-circus/build/jestAdapterInit.js:829:11)\n    at run (/app/fm-compta-consulting-frontend/node_modules/jest-circus/build/jestAdapterInit.js:757:3)\n    at runAndTransformResultsToJestFormat (/app/fm-compta-consulting-frontend/node_modules/jest-circus/build/jestAdapterInit.js:1917:21)\n    at jestAdapter (/app/fm-compta-consulting-frontend/node_modules/jest-circus/build/runner.js:101:19)\n    at runTestInternal (/app/fm-compta-consulting-frontend/node_modules/jest-runner/build/testWorker.js:275:16)\n    at runTest (/app/fm-compta-consulting-frontend/node_modules/jest-runner/build/testWorker.js:343:7)\n    at Object.worker (/app/fm-compta-consulting-frontend/node_modules/jest-runner/build/testWorker.js:497:12)"],"fullName":"Layout Unauthenticated user opens login modal when login button is clicked","invocations":1,"location":null,"numPassingAsserts":0,"retryReasons":[],"startAt":1758698388114,"status":"failed","title":"opens login modal when login button is clicked"},{"ancestorTitles":["Layout","Unauthenticated user"],"duration":7,"failing":false,"failureDetails":[{}],"failureMessages":["Error: Objects are not valid as a React child (found: [object Promise]). If you meant to render a collection of children, use an array instead.\n    at throwOnInvalidObjectType (/app/fm-compta-consulting-frontend/node_modules/react-dom/cjs/react-dom.development.js:13123:9)\n    at reconcileChildFibers (/app/fm-compta-consulting-frontend/node_modules/react-dom/cjs/react-dom.development.js:14064:7)\n    at reconcileChildren (/app/fm-compta-consulting-frontend/node_modules/react-dom/cjs/react-dom.development.js:19186:28)\n    at mountIndeterminateComponent (/app/fm-compta-consulting-frontend/node_modules/react-dom/cjs/react-dom.development.js:20186:5)\n    at beginWork (/app/fm-compta-consulting-frontend/node_modules/react-dom/cjs/react-dom.development.js:21626:16)\n    at beginWork$1 (/app/fm-compta-consulting-frontend/node_modules/react-dom/cjs/react-dom.development.js:27465:14)\n    at performUnitOfWork (/app/fm-compta-consulting-frontend/node_modules/react-dom/cjs/react-dom.development.js:26599:12)\n    at workLoopSync (/app/fm-compta-consulting-frontend/node_modules/react-dom/cjs/react-dom.development.js:26505:5)\n    at renderRootSync (/app/fm-compta-consulting-frontend/node_modules/react-dom/cjs/react-dom.development.js:26473:7)\n    at recoverFromConcurrentError (/app/fm-compta-consulting-frontend/node_modules/react-dom/cjs/react-dom.development.js:25889:20)\n    at performSyncWorkOnRoot (/app/fm-compta-consulting-frontend/node_modules/react-dom/cjs/react-dom.development.js:26135:20)\n    at flushSyncCallbacks (/app/fm-compta-consulting-frontend/node_modules/react-dom/cjs/react-dom.development.js:12042:22)\n    at flushActQueue (/app/fm-compta-consulting-frontend/node_modules/react/cjs/react.development.js:2667:24)\n    at act (/app/fm-compta-consulting-frontend/node_modules/react/cjs/react.development.js:2582:11)\n    at /app/fm-compta-consulting-frontend/node_modules/@testing-library/react/dist/act-compat.js:47:25\n    at Object.eventWrapper (/app/fm-compta-consulting-frontend/node_modules/@testing-library/react/dist/pure.js:107:28)\n    at fireEvent (/app/fm-compta-consulting-frontend/node_modules/@testing-library/dom/dist/events.js:12:35)\n    at Function.fireEvent.<computed> [as click] (/app/fm-compta-consulting-frontend/node_modules/@testing-library/dom/dist/events.js:110:36)\n    at Function.fireEvent.<computed> [as click] (/app/fm-compta-consulting-frontend/node_modules/@testing-library/react/dist/fire-event.js:15:52)\n    at Object.click (/app/fm-compta-consulting-frontend/src/components/Layout.test.tsx:165:17)\n    at Promise.finally.completed (/app/fm-compta-consulting-frontend/node_modules/jest-circus/build/jestAdapterInit.js:1556:28)\n    at new Promise (<anonymous>)\n    at callAsyncCircusFn (/app/fm-compta-consulting-frontend/node_modules/jest-circus/build/jestAdapterInit.js:1496:10)\n    at _callCircusTest (/app/fm-compta-consulting-frontend/node_modules/jest-circus/build/jestAdapterInit.js:1006:40)\n    at processTicksAndRejections (node:internal/process/task_queues:95:5)\n    at _runTest (/app/fm-compta-consulting-frontend/node_modules/jest-circus/build/jestAdapterInit.js:946:3)\n    at _runTestsForDescribeBlock (/app/fm-compta-consulting-frontend/node_modules/jest-circus/build/jestAdapterInit.js:839:13)\n    at _runTestsForDescribeBlock (/app/fm-compta-consulting-frontend/node_modules/jest-circus/build/jestAdapterInit.js:829:11)\n    at _runTestsForDescribeBlock (/app/fm-compta-consulting-frontend/node_modules/jest-circus/build/jestAdapterInit.js:829:11)\n    at run (/app/fm-compta-consulting-frontend/node_modules/jest-circus/build/jestAdapterInit.js:757:3)\n    at runAndTransformResultsToJestFormat (/app/fm-compta-consulting-frontend/node_modules/jest-circus/build/jestAdapterInit.js:1917:21)\n    at jestAdapter (/app/fm-compta-consulting-frontend/node_modules/jest-circus/build/runner.js:101:19)\n    at runTestInternal (/app/fm-compta-consulting-frontend/node_modules/jest-runner/build/testWorker.js:275:16)\n    at runTest (/app/fm-compta-consulting-frontend/node_modules/jest-runner/build/testWorker.js:343:7)\n    at Object.worker (/app/fm-compta-consulting-frontend/node_modules/jest-runner/build/testWorker.js:497:12)"],"fullName":"Layout Unauthenticated user switches from login to register modal","invocations":1,"location":null,"numPassingAsserts":0,"retryReasons":[],"startAt":1758698388133,"status":"failed","title":"switches from login to register modal"},{"ancestorTitles":["Layout","Unauthenticated user"],"duration":65,"failing":false,"failureDetails":[{"name":"TestingLibraryElementError"}],"failureMessages":["TestingLibraryElementError: Unable to find an accessible element with the role \"button\" and name `/menu/i`\n\nHere are the accessible roles:\n\n  navigation:\n\n  Name \"\":\n  \u001b[36m<nav\u001b[39m\n    \u001b[33mclass\u001b[39m=\u001b[32m\"navbar py-4 px-6 bg-primary/80 text-white shadow-md sticky top-0 z-50 backdrop-blur-md\"\u001b[39m\n  \u001b[36m/>\u001b[39m\n\n  --------------------------------------------------\n  link:\n\n  Name \"FM Compta Consulting\":\n  \u001b[36m<a\u001b[39m\n    \u001b[33mclass\u001b[39m=\u001b[32m\"text-xl font-bold text-white hover:text-primary-light transition-colors duration-300\"\u001b[39m\n    \u001b[33mhref\u001b[39m=\u001b[32m\"/\"\u001b[39m\n  \u001b[36m/>\u001b[39m\n\n  Name \"navbar.home\":\n  \u001b[36m<a\u001b[39m\n    \u001b[33mclass\u001b[39m=\u001b[32m\"navbar-link\"\u001b[39m\n    \u001b[33mhref\u001b[39m=\u001b[32m\"/\"\u001b[39m\n  \u001b[36m/>\u001b[39m\n\n  Name \"navbar.about\":\n  \u001b[36m<a\u001b[39m\n    \u001b[33mclass\u001b[39m=\u001b[32m\"navbar-link\"\u001b[39m\n    \u001b[33mhref\u001b[39m=\u001b[32m\"/#about\"\u001b[39m\n  \u001b[36m/>\u001b[39m\n\n  Name \"navbar.team\":\n  \u001b[36m<a\u001b[39m\n    \u001b[33mclass\u001b[39m=\u001b[32m\"navbar-link\"\u001b[39m\n    \u001b[33mhref\u001b[39m=\u001b[32m\"/#team\"\u001b[39m\n  \u001b[36m/>\u001b[39m\n\n  Name \"navbar.contact\":\n  \u001b[36m<a\u001b[39m\n    \u001b[33mclass\u001b[39m=\u001b[32m\"navbar-link\"\u001b[39m\n    \u001b[33mhref\u001b[39m=\u001b[32m\"/#contact\"\u001b[39m\n  \u001b[36m/>\u001b[39m\n\n  --------------------------------------------------\n  button:\n\n  Name \"\":\n  \u001b[36m<button\u001b[39m\n    \u001b[33mclass\u001b[39m=\u001b[32m\"md:hidden focus:outline-none\"\u001b[39m\n  \u001b[36m/>\u001b[39m\n\n  Name \"fr\":\n  \u001b[36m<button\u001b[39m\n    \u001b[33mclass\u001b[39m=\u001b[32m\"flex items-center text-white hover:text-primary-light transition-colors duration-300 focus:outline-none bg-primary/30 rounded-md px-3 py-1.5\"\u001b[39m\n  \u001b[36m/>\u001b[39m\n\n  Name \"navbar.login\":\n  \u001b[36m<button\u001b[39m\n    \u001b[33mclass\u001b[39m=\u001b[32m\"flex items-center text-white hover:text-primary-light transition-colors duration-300 focus:outline-none bg-primary/30 rounded-md px-3 py-1.5\"\u001b[39m\n  \u001b[36m/>\u001b[39m\n\n  --------------------------------------------------\n  main:\n\n  Name \"\":\n  \u001b[36m<main\u001b[39m\n    \u001b[33mclass\u001b[39m=\u001b[32m\"flex-grow\"\u001b[39m\n  \u001b[36m/>\u001b[39m\n\n  --------------------------------------------------\n  contentinfo:\n\n  Name \"\":\n  \u001b[36m<footer\u001b[39m\n    \u001b[33mclass\u001b[39m=\u001b[32m\"bg-primary-dark text-white py-6 mt-auto\"\u001b[39m\n  \u001b[36m/>\u001b[39m\n\n  --------------------------------------------------\n  heading:\n\n  Name \"FM Compta Consulting\":\n  \u001b[36m<h3\u001b[39m\n    \u001b[33mclass\u001b[39m=\u001b[32m\"text-xl font-bold\"\u001b[39m\n  \u001b[36m/>\u001b[39m\n\n  --------------------------------------------------\n  paragraph:\n\n  Name \"\":\n  \u001b[36m<p\u001b[39m\n    \u001b[33mclass\u001b[39m=\u001b[32m\"mb-1\"\u001b[39m\n  \u001b[36m/>\u001b[39m\n\n  Name \"\":\n  \u001b[36m<p />\u001b[39m\n\n  Name \"\":\n  \u001b[36m<p />\u001b[39m\n\n  --------------------------------------------------\n\nIgnored nodes: comments, script, style\n\u001b[36m<body>\u001b[39m\n  \u001b[36m<div>\u001b[39m\n    \u001b[36m<div\u001b[39m\n      \u001b[33mclass\u001b[39m=\u001b[32m\"min-h-screen flex flex-col\"\u001b[39m\n    \u001b[36m>\u001b[39m\n      \u001b[36m<nav\u001b[39m\n        \u001b[33mclass\u001b[39m=\u001b[32m\"navbar py-4 px-6 bg-primary/80 text-white shadow-md sticky top-0 z-50 backdrop-blur-md\"\u001b[39m\n      \u001b[36m>\u001b[39m\n        \u001b[36m<div\u001b[39m\n          \u001b[33mclass\u001b[39m=\u001b[32m\"container mx-auto flex justify-between items-center\"\u001b[39m\n        \u001b[36m>\u001b[39m\n          \u001b[36m<a\u001b[39m\n            \u001b[33mclass\u001b[39m=\u001b[32m\"text-xl font-bold text-white hover:text-primary-light transition-colors duration-300\"\u001b[39m\n            \u001b[33mhref\u001b[39m=\u001b[32m\"/\"\u001b[39m\n          \u001b[36m>\u001b[39m\n            \u001b[0mFM Compta Consulting\u001b[0m\n          \u001b[36m</a>\u001b[39m\n          \u001b[36m<button\u001b[39m\n            \u001b[33mclass\u001b[39m=\u001b[32m\"md:hidden focus:outline-none\"\u001b[39m\n          \u001b[36m>\u001b[39m\n            \u001b[36m<svg\u001b[39m\n              \u001b[33mclass\u001b[39m=\u001b[32m\"w-6 h-6\"\u001b[39m\n              \u001b[33mfill\u001b[39m=\u001b[32m\"none\"\u001b[39m\n              \u001b[33mstroke\u001b[39m=\u001b[32m\"currentColor\"\u001b[39m\n              \u001b[33mviewBox\u001b[39m=\u001b[32m\"0 0 24 24\"\u001b[39m\n              \u001b[33mxmlns\u001b[39m=\u001b[32m\"http://www.w3.org/2000/svg\"\u001b[39m\n            \u001b[36m>\u001b[39m\n              \u001b[36m<path\u001b[39m\n                \u001b[33md\u001b[39m=\u001b[32m\"M4 6h16M4 12h16M4 18h16\"\u001b[39m\n                \u001b[33mstroke-linecap\u001b[39m=\u001b[32m\"round\"\u001b[39m\n                \u001b[33mstroke-linejoin\u001b[39m=\u001b[32m\"round\"\u001b[39m\n                \u001b[33mstroke-width\u001b[39m=\u001b[32m\"2\"\u001b[39m\n              \u001b[36m/>\u001b[39m\n            \u001b[36m</svg>\u001b[39m\n          \u001b[36m</button>\u001b[39m\n          \u001b[36m<div\u001b[39m\n            \u001b[33mclass\u001b[39m=\u001b[32m\"hidden md:flex items-center space-x-8\"\u001b[39m\n          \u001b[36m>\u001b[39m\n            \u001b[36m<a\u001b[39m\n              \u001b[33mclass\u001b[39m=\u001b[32m\"navbar-link\"\u001b[39m\n              \u001b[33mhref\u001b[39m=\u001b[32m\"/\"\u001b[39m\n            \u001b[36m>\u001b[39m\n              \u001b[0mnavbar.home\u001b[0m\n            \u001b[36m</a>\u001b[39m\n            \u001b[36m<a\u001b[39m\n              \u001b[33mclass\u001b[39m=\u001b[32m\"navbar-link\"\u001b[39m\n              \u001b[33mhref\u001b[39m=\u001b[32m\"/#about\"\u001b[39m\n            \u001b[36m>\u001b[39m\n              \u001b[0mnavbar.about\u001b[0m\n            \u001b[36m</a>\u001b[39m\n            \u001b[36m<a\u001b[39m\n              \u001b[33mclass\u001b[39m=\u001b[32m\"navbar-link\"\u001b[39m\n              \u001b[33mhref\u001b[39m=\u001b[32m\"/#team\"\u001b[39m\n            \u001b[36m>\u001b[39m\n              \u001b[0mnavbar.team\u001b[0m\n            \u001b[36m</a>\u001b[39m\n            \u001b[36m<a\u001b[39m\n              \u001b[33mclass\u001b[39m=\u001b[32m\"navbar-link\"\u001b[39m\n              \u001b[33mhref\u001b[39m=\u001b[32m\"/#contact\"\u001b[39m\n            \u001b[36m>\u001b[39m\n              \u001b[0mnavbar.contact\u001b[0m\n            \u001b[36m</a>\u001b[39m\n            \u001b[36m<div\u001b[39m\n              \u001b[33mclass\u001b[39m=\u001b[32m\"relative\"\u001b[39m\n            \u001b[36m>\u001b[39m\n              \u001b[36m<button\u001b[39m\n                \u001b[33mclass\u001b[39m=\u001b[32m\"flex items-center text-white hover:text-primary-light transition-colors duration-300 focus:outline-none bg-primary/30 rounded-md px-3 py-1.5\"\u001b[39m\n              \u001b[36m>\u001b[39m\n                \u001b[36m<div\u001b[39m\n                  \u001b[33mdata-testid\u001b[39m=\u001b[32m\"fa-globe\"\u001b[39m\n                \u001b[36m/>\u001b[39m\n                \u001b[36m<span\u001b[39m\n                  \u001b[33mclass\u001b[39m=\u001b[32m\"uppercase font-medium\"\u001b[39m\n                \u001b[36m>\u001b[39m\n                  \u001b[0mfr\u001b[0m\n                \u001b[36m</span>\u001b[39m\n              \u001b[36m</button>\u001b[39m\n            \u001b[36m</div>\u001b[39m\n            \u001b[36m<div\u001b[39m\n              \u001b[33mclass\u001b[39m=\u001b[32m\"relative\"\u001b[39m\n            \u001b[36m>\u001b[39m\n              \u001b[36m<button\u001b[39m\n                \u001b[33mclass\u001b[39m=\u001b[32m\"flex items-center text-white hover:text-primary-light transition-colors duration-300 focus:outline-none bg-primary/30 rounded-md px-3 py-1.5\"\u001b[39m\n              \u001b[36m>\u001b[39m\n                \u001b[36m<div\u001b[39m\n                  \u001b[33mdata-testid\u001b[39m=\u001b[32m\"fa-user\"\u001b[39m\n                \u001b[36m/>\u001b[39m\n                \u001b[36m<span\u001b[39m\n                  \u001b[33mclass\u001b[39m=\u001b[32m\"font-medium\"\u001b[39m\n                \u001b[36m>\u001b[39m\n                  \u001b[0mnavbar.login\u001b[0m\n                \u001b[36m</span>\u001b[39m\n              \u001b[36m</button>\u001b[39m\n            \u001b[36m</div>\u001b[39m\n          \u001b[36m</div>\u001b[39m\n        \u001b[36m</div>\u001b[39m\n      \u001b[36m</nav>\u001b[39m\n      \u001b[36m<main\u001b[39m\n        \u001b[33mclass\u001b[39m=\u001b[32m\"flex-grow\"\u001b[39m\n      \u001b[36m>\u001b[39m\n        \u001b[36m<div\u001b[39m\n          \u001b[33mdata-testid\u001b[39m=\u001b[32m\"children\"\u001b[39m\n        \u001b[36m>\u001b[39m\n          \u001b[0mTest Content\u001b[0m\n        \u001b[36m</div>\u001b[39m\n      \u001b[36m</main>\u001b[39m\n      \u001b[36m<footer\u001b[39m\n        \u001b[33mclass\u001b[39m=\u001b[32m\"bg-primary-dark text-white py-6 mt-auto\"\u001b[39m\n      \u001b[36m>\u001b[39m\n        \u001b[36m<div\u001b[39m\n          \u001b[33mclass\u001b[39m=\u001b[32m\"container mx-auto px-4\"\u001b[39m\n        \u001b[36m>\u001b[39m\n          \u001b[36m<div\u001b[39m\n            \u001b[33mclass\u001b[39m=\u001b[32m\"flex flex-col md:flex-row justify-between items-center\"\u001b[39m\n          \u001b[36m>\u001b[39m\n            \u001b[36m<div\u001b[39m\n              \u001b[33mclass\u001b[39m=\u001b[32m\"mb-4 md:mb-0\"\u001b[39m\n            \u001b[36m>\u001b[39m\n              \u001b[36m<h3\u001b[39m\n                \u001b[33mclass\u001b[39m=\u001b[32m\"text-xl font-bold\"\u001b[39m\n              \u001b[36m>\u001b[39m\n                \u001b[0mFM Compta Consulting\u001b[0m\n              \u001b[36m</h3>\u001b[39m\n            \u001b[36m</div>\u001b[39m\n            \u001b[36m<div\u001b[39m\n              \u001b[33mclass\u001b[39m=\u001b[32m\"text-center md:text-right\"\u001b[39m\n            \u001b[36m>\u001b[39m\n              \u001b[36m<p\u001b[39m\n                \u001b[33mclass\u001b[39m=\u001b[32m\"mb-1\"\u001b[39m\n              \u001b[36m>\u001b[39m\n                \u001b[0mEmail: admin@fmcompta.be | Tél: +32 2 123 45 67\u001b[0m\n              \u001b[36m</p>\u001b[39m\n              \u001b[36m<p>\u001b[39m\n                \u001b[0mAvenue du château 28, boite 15, 1081 Koekelberg\u001b[0m\n              \u001b[36m</p>\u001b[39m\n            \u001b[36m</div>\u001b[39m\n          \u001b[36m</div>\u001b[39m\n          \u001b[36m<div\u001b[39m\n            \u001b[33mclass\u001b[39m=\u001b[32m\"mt-4 pt-4 border-t border-white/20 text-center\"\u001b[39m\n          \u001b[36m>\u001b[39m\n            \u001b[36m<p>\u001b[39m\n              \u001b[0m© \u001b[0m\n              \u001b[0m2025\u001b[0m\n              \u001b[0m FM Compta Consulting. Tous droits réservés.\u001b[0m\n            \u001b[36m</p>\u001b[39m\n          \u001b[36m</div>\u001b[39m\n        \u001b[36m</div>\u001b[39m\n      \u001b[36m</footer>\u001b[39m\n    \u001b[36m</div>\u001b[39m\n  \u001b[36m</div>\u001b[39m\n\u001b[36m</body>\u001b[39m\n    at Object.getElementError (/app/fm-compta-consulting-frontend/node_modules/@testing-library/dom/dist/config.js:37:19)\n    at /app/fm-compta-consulting-frontend/node_modules/@testing-library/dom/dist/query-helpers.js:76:38\n    at /app/fm-compta-consulting-frontend/node_modules/@testing-library/dom/dist/query-helpers.js:52:17\n    at /app/fm-compta-consulting-frontend/node_modules/@testing-library/dom/dist/query-helpers.js:95:19\n    at Object.getByRole (/app/fm-compta-consulting-frontend/src/components/Layout.test.tsx:176:33)\n    at Promise.finally.completed (/app/fm-compta-consulting-frontend/node_modules/jest-circus/build/jestAdapterInit.js:1556:28)\n    at new Promise (<anonymous>)\n    at callAsyncCircusFn (/app/fm-compta-consulting-frontend/node_modules/jest-circus/build/jestAdapterInit.js:1496:10)\n    at _callCircusTest (/app/fm-compta-consulting-frontend/node_modules/jest-circus/build/jestAdapterInit.js:1006:40)\n    at processTicksAndRejections (node:internal/process/task_queues:95:5)\n    at _runTest (/app/fm-compta-consulting-frontend/node_modules/jest-circus/build/jestAdapterInit.js:946:3)\n    at _runTestsForDescribeBlock (/app/fm-compta-consulting-frontend/node_modules/jest-circus/build/jestAdapterInit.js:839:13)\n    at _runTestsForDescribeBlock (/app/fm-compta-consulting-frontend/node_modules/jest-circus/build/jestAdapterInit.js:829:11)\n    at _runTestsForDescribeBlock (/app/fm-compta-consulting-frontend/node_modules/jest-circus/build/jestAdapterInit.js:829:11)\n    at run (/app/fm-compta-consulting-frontend/node_modules/jest-circus/build/jestAdapterInit.js:757:3)\n    at runAndTransformResultsToJestFormat (/app/fm-compta-consulting-frontend/node_modules/jest-circus/build/jestAdapterInit.js:1917:21)\n    at jestAdapter (/app/fm-compta-consulting-frontend/node_modules/jest-circus/build/runner.js:101:19)\n    at runTestInternal (/app/fm-compta-consulting-frontend/node_modules/jest-runner/build/testWorker.js:275:16)\n    at runTest (/app/fm-compta-consulting-frontend/node_modules/jest-runner/build/testWorker.js:343:7)\n    at Object.worker (/app/fm-compta-consulting-frontend/node_modules/jest-runner/build/testWorker.js:497:12)"],"fullName":"Layout Unauthenticated user toggles mobile menu","invocations":1,"location":null,"numPassingAsserts":0,"retryReasons":[],"startAt":1758698388141,"status":"failed","title":"toggles mobile menu"},{"ancestorTitles":["Layout","Authenticated admin user"],"duration":22,"failing":false,"failureDetails":[{}],"failureMessages":["TypeError: Cannot read properties of undefined (reading 'catch')\n    at /app/fm-compta-consulting-frontend/src/components/Layout.tsx:50:28\n    at commitHookEffectListMount (/app/fm-compta-consulting-frontend/node_modules/react-dom/cjs/react-dom.development.js:23189:26)\n    at commitPassiveMountOnFiber (/app/fm-compta-consulting-frontend/node_modules/react-dom/cjs/react-dom.development.js:24970:11)\n    at commitPassiveMountEffects_complete (/app/fm-compta-consulting-frontend/node_modules/react-dom/cjs/react-dom.development.js:24930:9)\n    at commitPassiveMountEffects_begin (/app/fm-compta-consulting-frontend/node_modules/react-dom/cjs/react-dom.development.js:24917:7)\n    at commitPassiveMountEffects (/app/fm-compta-consulting-frontend/node_modules/react-dom/cjs/react-dom.development.js:24905:3)\n    at flushPassiveEffectsImpl (/app/fm-compta-consulting-frontend/node_modules/react-dom/cjs/react-dom.development.js:27078:3)\n    at flushPassiveEffects (/app/fm-compta-consulting-frontend/node_modules/react-dom/cjs/react-dom.development.js:27023:14)\n    at /app/fm-compta-consulting-frontend/node_modules/react-dom/cjs/react-dom.development.js:26808:9\n    at flushActQueue (/app/fm-compta-consulting-frontend/node_modules/react/cjs/react.development.js:2667:24)\n    at act (/app/fm-compta-consulting-frontend/node_modules/react/cjs/react.development.js:2582:11)\n    at /app/fm-compta-consulting-frontend/node_modules/@testing-library/react/dist/act-compat.js:47:25\n    at renderRoot (/app/fm-compta-consulting-frontend/node_modules/@testing-library/react/dist/pure.js:190:26)\n    at render (/app/fm-compta-consulting-frontend/node_modules/@testing-library/react/dist/pure.js:292:10)\n    at Object.<anonymous> (/app/fm-compta-consulting-frontend/src/components/Layout.test.tsx:200:13)\n    at Promise.finally.completed (/app/fm-compta-consulting-frontend/node_modules/jest-circus/build/jestAdapterInit.js:1556:28)\n    at new Promise (<anonymous>)\n    at callAsyncCircusFn (/app/fm-compta-consulting-frontend/node_modules/jest-circus/build/jestAdapterInit.js:1496:10)\n    at _callCircusTest (/app/fm-compta-consulting-frontend/node_modules/jest-circus/build/jestAdapterInit.js:1006:40)\n    at processTicksAndRejections (node:internal/process/task_queues:95:5)\n    at _runTest (/app/fm-compta-consulting-frontend/node_modules/jest-circus/build/jestAdapterInit.js:946:3)\n    at _runTestsForDescribeBlock (/app/fm-compta-consulting-frontend/node_modules/jest-circus/build/jestAdapterInit.js:839:13)\n    at _runTestsForDescribeBlock (/app/fm-compta-consulting-frontend/node_modules/jest-circus/build/jestAdapterInit.js:829:11)\n    at _runTestsForDescribeBlock (/app/fm-compta-consulting-frontend/node_modules/jest-circus/build/jestAdapterInit.js:829:11)\n    at run (/app/fm-compta-consulting-frontend/node_modules/jest-circus/build/jestAdapterInit.js:757:3)\n    at runAndTransformResultsToJestFormat (/app/fm-compta-consulting-frontend/node_modules/jest-circus/build/jestAdapterInit.js:1917:21)\n    at jestAdapter (/app/fm-compta-consulting-frontend/node_modules/jest-circus/build/runner.js:101:19)\n    at runTestInternal (/app/fm-compta-consulting-frontend/node_modules/jest-runner/build/testWorker.js:275:16)\n    at runTest (/app/fm-compta-consulting-frontend/node_modules/jest-runner/build/testWorker.js:343:7)\n    at Object.worker (/app/fm-compta-consulting-frontend/node_modules/jest-runner/build/testWorker.js:497:12)"],"fullName":"Layout Authenticated admin user renders admin navigation links","invocations":1,"location":null,"numPassingAsserts":0,"retryReasons":[],"startAt":1758698388206,"status":"failed","title":"renders admin navigation links"},{"ancestorTitles":["Layout","Authenticated admin user"],"duration":3,"failing":false,"failureDetails":[{}],"failureMessages":["TypeError: Cannot read properties of undefined (reading 'catch')\n    at /app/fm-compta-consulting-frontend/src/components/Layout.tsx:50:28\n    at commitHookEffectListMount (/app/fm-compta-consulting-frontend/node_modules/react-dom/cjs/react-dom.development.js:23189:26)\n    at commitPassiveMountOnFiber (/app/fm-compta-consulting-frontend/node_modules/react-dom/cjs/react-dom.development.js:24970:11)\n    at commitPassiveMountEffects_complete (/app/fm-compta-consulting-frontend/node_modules/react-dom/cjs/react-dom.development.js:24930:9)\n    at commitPassiveMountEffects_begin (/app/fm-compta-consulting-frontend/node_modules/react-dom/cjs/react-dom.development.js:24917:7)\n    at commitPassiveMountEffects (/app/fm-compta-consulting-frontend/node_modules/react-dom/cjs/react-dom.development.js:24905:3)\n    at flushPassiveEffectsImpl (/app/fm-compta-consulting-frontend/node_modules/react-dom/cjs/react-dom.development.js:27078:3)\n    at flushPassiveEffects (/app/fm-compta-consulting-frontend/node_modules/react-dom/cjs/react-dom.development.js:27023:14)\n    at /app/fm-compta-consulting-frontend/node_modules/react-dom/cjs/react-dom.development.js:26808:9\n    at flushActQueue (/app/fm-compta-consulting-frontend/node_modules/react/cjs/react.development.js:2667:24)\n    at act (/app/fm-compta-consulting-frontend/node_modules/react/cjs/react.development.js:2582:11)\n    at /app/fm-compta-consulting-frontend/node_modules/@testing-library/react/dist/act-compat.js:47:25\n    at renderRoot (/app/fm-compta-consulting-frontend/node_modules/@testing-library/react/dist/pure.js:190:26)\n    at render (/app/fm-compta-consulting-frontend/node_modules/@testing-library/react/dist/pure.js:292:10)\n    at Object.<anonymous> (/app/fm-compta-consulting-frontend/src/components/Layout.test.tsx:207:13)\n    at Promise.finally.completed (/app/fm-compta-consulting-frontend/node_modules/jest-circus/build/jestAdapterInit.js:1556:28)\n    at new Promise (<anonymous>)\n    at callAsyncCircusFn (/app/fm-compta-consulting-frontend/node_modules/jest-circus/build/jestAdapterInit.js:1496:10)\n    at _callCircusTest (/app/fm-compta-consulting-frontend/node_modules/jest-circus/build/jestAdapterInit.js:1006:40)\n    at processTicksAndRejections (node:internal/process/task_queues:95:5)\n    at _runTest (/app/fm-compta-consulting-frontend/node_modules/jest-circus/build/jestAdapterInit.js:946:3)\n    at _runTestsForDescribeBlock (/app/fm-compta-consulting-frontend/node_modules/jest-circus/build/jestAdapterInit.js:839:13)\n    at _runTestsForDescribeBlock (/app/fm-compta-consulting-frontend/node_modules/jest-circus/build/jestAdapterInit.js:829:11)\n    at _runTestsForDescribeBlock (/app/fm-compta-consulting-frontend/node_modules/jest-circus/build/jestAdapterInit.js:829:11)\n    at run (/app/fm-compta-consulting-frontend/node_modules/jest-circus/build/jestAdapterInit.js:757:3)\n    at runAndTransformResultsToJestFormat (/app/fm-compta-consulting-frontend/node_modules/jest-circus/build/jestAdapterInit.js:1917:21)\n    at jestAdapter (/app/fm-compta-consulting-frontend/node_modules/jest-circus/build/runner.js:101:19)\n    at runTestInternal (/app/fm-compta-consulting-frontend/node_modules/jest-runner/build/testWorker.js:275:16)\n    at runTest (/app/fm-compta-consulting-frontend/node_modules/jest-runner/build/testWorker.js:343:7)\n    at Object.worker (/app/fm-compta-consulting-frontend/node_modules/jest-runner/build/testWorker.js:497:12)"],"fullName":"Layout Authenticated admin user shows user menu with logout option","invocations":1,"location":null,"numPassingAsserts":0,"retryReasons":[],"startAt":1758698388228,"status":"failed","title":"shows user menu with logout option"},{"ancestorTitles":["Layout","Authenticated admin user"],"duration":5,"failing":false,"failureDetails":[{}],"failureMessages":["TypeError: Cannot read properties of undefined (reading 'catch')\n    at /app/fm-compta-consulting-frontend/src/components/Layout.tsx:50:28\n    at commitHookEffectListMount (/app/fm-compta-consulting-frontend/node_modules/react-dom/cjs/react-dom.development.js:23189:26)\n    at commitPassiveMountOnFiber (/app/fm-compta-consulting-frontend/node_modules/react-dom/cjs/react-dom.development.js:24970:11)\n    at commitPassiveMountEffects_complete (/app/fm-compta-consulting-frontend/node_modules/react-dom/cjs/react-dom.development.js:24930:9)\n    at commitPassiveMountEffects_begin (/app/fm-compta-consulting-frontend/node_modules/react-dom/cjs/react-dom.development.js:24917:7)\n    at commitPassiveMountEffects (/app/fm-compta-consulting-frontend/node_modules/react-dom/cjs/react-dom.development.js:24905:3)\n    at flushPassiveEffectsImpl (/app/fm-compta-consulting-frontend/node_modules/react-dom/cjs/react-dom.development.js:27078:3)\n    at flushPassiveEffects (/app/fm-compta-consulting-frontend/node_modules/react-dom/cjs/react-dom.development.js:27023:14)\n    at /app/fm-compta-consulting-frontend/node_modules/react-dom/cjs/react-dom.development.js:26808:9\n    at flushActQueue (/app/fm-compta-consulting-frontend/node_modules/react/cjs/react.development.js:2667:24)\n    at act (/app/fm-compta-consulting-frontend/node_modules/react/cjs/react.development.js:2582:11)\n    at /app/fm-compta-consulting-frontend/node_modules/@testing-library/react/dist/act-compat.js:47:25\n    at renderRoot (/app/fm-compta-consulting-frontend/node_modules/@testing-library/react/dist/pure.js:190:26)\n    at render (/app/fm-compta-consulting-frontend/node_modules/@testing-library/react/dist/pure.js:292:10)\n    at Object.<anonymous> (/app/fm-compta-consulting-frontend/src/components/Layout.test.tsx:216:13)\n    at Promise.finally.completed (/app/fm-compta-consulting-frontend/node_modules/jest-circus/build/jestAdapterInit.js:1556:28)\n    at new Promise (<anonymous>)\n    at callAsyncCircusFn (/app/fm-compta-consulting-frontend/node_modules/jest-circus/build/jestAdapterInit.js:1496:10)\n    at _callCircusTest (/app/fm-compta-consulting-frontend/node_modules/jest-circus/build/jestAdapterInit.js:1006:40)\n    at processTicksAndRejections (node:internal/process/task_queues:95:5)\n    at _runTest (/app/fm-compta-consulting-frontend/node_modules/jest-circus/build/jestAdapterInit.js:946:3)\n    at _runTestsForDescribeBlock (/app/fm-compta-consulting-frontend/node_modules/jest-circus/build/jestAdapterInit.js:839:13)\n    at _runTestsForDescribeBlock (/app/fm-compta-consulting-frontend/node_modules/jest-circus/build/jestAdapterInit.js:829:11)\n    at _runTestsForDescribeBlock (/app/fm-compta-consulting-frontend/node_modules/jest-circus/build/jestAdapterInit.js:829:11)\n    at run (/app/fm-compta-consulting-frontend/node_modules/jest-circus/build/jestAdapterInit.js:757:3)\n    at runAndTransformResultsToJestFormat (/app/fm-compta-consulting-frontend/node_modules/jest-circus/build/jestAdapterInit.js:1917:21)\n    at jestAdapter (/app/fm-compta-consulting-frontend/node_modules/jest-circus/build/runner.js:101:19)\n    at runTestInternal (/app/fm-compta-consulting-frontend/node_modules/jest-runner/build/testWorker.js:275:16)\n    at runTest (/app/fm-compta-consulting-frontend/node_modules/jest-runner/build/testWorker.js:343:7)\n    at Object.worker (/app/fm-compta-consulting-frontend/node_modules/jest-runner/build/testWorker.js:497:12)"],"fullName":"Layout Authenticated admin user opens logout confirmation dialog","invocations":1,"location":null,"numPassingAsserts":0,"retryReasons":[],"startAt":1758698388231,"status":"failed","title":"opens logout confirmation dialog"},{"ancestorTitles":["Layout","Authenticated admin user"],"duration":0,"failing":false,"failureDetails":[{}],"failureMessages":["ReferenceError: mockSignOut is not defined\n    at Object.mockSignOut (/app/fm-compta-consulting-frontend/src/components/Layout.test.tsx:228:7)\n    at Promise.finally.completed (/app/fm-compta-consulting-frontend/node_modules/jest-circus/build/jestAdapterInit.js:1556:28)\n    at new Promise (<anonymous>)\n    at callAsyncCircusFn (/app/fm-compta-consulting-frontend/node_modules/jest-circus/build/jestAdapterInit.js:1496:10)\n    at _callCircusTest (/app/fm-compta-consulting-frontend/node_modules/jest-circus/build/jestAdapterInit.js:1006:40)\n    at processTicksAndRejections (node:internal/process/task_queues:95:5)\n    at _runTest (/app/fm-compta-consulting-frontend/node_modules/jest-circus/build/jestAdapterInit.js:946:3)\n    at _runTestsForDescribeBlock (/app/fm-compta-consulting-frontend/node_modules/jest-circus/build/jestAdapterInit.js:839:13)\n    at _runTestsForDescribeBlock (/app/fm-compta-consulting-frontend/node_modules/jest-circus/build/jestAdapterInit.js:829:11)\n    at _runTestsForDescribeBlock (/app/fm-compta-consulting-frontend/node_modules/jest-circus/build/jestAdapterInit.js:829:11)\n    at run (/app/fm-compta-consulting-frontend/node_modules/jest-circus/build/jestAdapterInit.js:757:3)\n    at runAndTransformResultsToJestFormat (/app/fm-compta-consulting-frontend/node_modules/jest-circus/build/jestAdapterInit.js:1917:21)\n    at jestAdapter (/app/fm-compta-consulting-frontend/node_modules/jest-circus/build/runner.js:101:19)\n    at runTestInternal (/app/fm-compta-consulting-frontend/node_modules/jest-runner/build/testWorker.js:275:16)\n    at runTest (/app/fm-compta-consulting-frontend/node_modules/jest-runner/build/testWorker.js:343:7)\n    at Object.worker (/app/fm-compta-consulting-frontend/node_modules/jest-runner/build/testWorker.js:497:12)"],"fullName":"Layout Authenticated admin user handles logout confirmation","invocations":1,"location":null,"numPassingAsserts":0,"retryReasons":[],"startAt":1758698388236,"status":"failed","title":"handles logout confirmation"},{"ancestorTitles":["Layout","Authenticated regular user"],"duration":4,"failing":false,"failureDetails":[{}],"failureMessages":["TypeError: Cannot read properties of undefined (reading 'catch')\n    at /app/fm-compta-consulting-frontend/src/components/Layout.tsx:68:30\n    at commitHookEffectListMount (/app/fm-compta-consulting-frontend/node_modules/react-dom/cjs/react-dom.development.js:23189:26)\n    at commitPassiveMountOnFiber (/app/fm-compta-consulting-frontend/node_modules/react-dom/cjs/react-dom.development.js:24970:11)\n    at commitPassiveMountEffects_complete (/app/fm-compta-consulting-frontend/node_modules/react-dom/cjs/react-dom.development.js:24930:9)\n    at commitPassiveMountEffects_begin (/app/fm-compta-consulting-frontend/node_modules/react-dom/cjs/react-dom.development.js:24917:7)\n    at commitPassiveMountEffects (/app/fm-compta-consulting-frontend/node_modules/react-dom/cjs/react-dom.development.js:24905:3)\n    at flushPassiveEffectsImpl (/app/fm-compta-consulting-frontend/node_modules/react-dom/cjs/react-dom.development.js:27078:3)\n    at flushPassiveEffects (/app/fm-compta-consulting-frontend/node_modules/react-dom/cjs/react-dom.development.js:27023:14)\n    at /app/fm-compta-consulting-frontend/node_modules/react-dom/cjs/react-dom.development.js:26808:9\n    at flushActQueue (/app/fm-compta-consulting-frontend/node_modules/react/cjs/react.development.js:2667:24)\n    at act (/app/fm-compta-consulting-frontend/node_modules/react/cjs/react.development.js:2582:11)\n    at /app/fm-compta-consulting-frontend/node_modules/@testing-library/react/dist/act-compat.js:47:25\n    at renderRoot (/app/fm-compta-consulting-frontend/node_modules/@testing-library/react/dist/pure.js:190:26)\n    at render (/app/fm-compta-consulting-frontend/node_modules/@testing-library/react/dist/pure.js:292:10)\n    at Object.<anonymous> (/app/fm-compta-consulting-frontend/src/components/Layout.test.tsx:267:13)\n    at Promise.finally.completed (/app/fm-compta-consulting-frontend/node_modules/jest-circus/build/jestAdapterInit.js:1556:28)\n    at new Promise (<anonymous>)\n    at callAsyncCircusFn (/app/fm-compta-consulting-frontend/node_modules/jest-circus/build/jestAdapterInit.js:1496:10)\n    at _callCircusTest (/app/fm-compta-consulting-frontend/node_modules/jest-circus/build/jestAdapterInit.js:1006:40)\n    at processTicksAndRejections (node:internal/process/task_queues:95:5)\n    at _runTest (/app/fm-compta-consulting-frontend/node_modules/jest-circus/build/jestAdapterInit.js:946:3)\n    at _runTestsForDescribeBlock (/app/fm-compta-consulting-frontend/node_modules/jest-circus/build/jestAdapterInit.js:839:13)\n    at _runTestsForDescribeBlock (/app/fm-compta-consulting-frontend/node_modules/jest-circus/build/jestAdapterInit.js:829:11)\n    at _runTestsForDescribeBlock (/app/fm-compta-consulting-frontend/node_modules/jest-circus/build/jestAdapterInit.js:829:11)\n    at run (/app/fm-compta-consulting-frontend/node_modules/jest-circus/build/jestAdapterInit.js:757:3)\n    at runAndTransformResultsToJestFormat (/app/fm-compta-consulting-frontend/node_modules/jest-circus/build/jestAdapterInit.js:1917:21)\n    at jestAdapter (/app/fm-compta-consulting-frontend/node_modules/jest-circus/build/runner.js:101:19)\n    at runTestInternal (/app/fm-compta-consulting-frontend/node_modules/jest-runner/build/testWorker.js:275:16)\n    at runTest (/app/fm-compta-consulting-frontend/node_modules/jest-runner/build/testWorker.js:343:7)\n    at Object.worker (/app/fm-compta-consulting-frontend/node_modules/jest-runner/build/testWorker.js:497:12)"],"fullName":"Layout Authenticated regular user renders user navigation links","invocations":1,"location":null,"numPassingAsserts":0,"retryReasons":[],"startAt":1758698388236,"status":"failed","title":"renders user navigation links"},{"ancestorTitles":["Layout","Authenticated regular user"],"duration":3,"failing":false,"failureDetails":[{}],"failureMessages":["TypeError: Cannot read properties of undefined (reading 'catch')\n    at /app/fm-compta-consulting-frontend/src/components/Layout.tsx:68:30\n    at commitHookEffectListMount (/app/fm-compta-consulting-frontend/node_modules/react-dom/cjs/react-dom.development.js:23189:26)\n    at commitPassiveMountOnFiber (/app/fm-compta-consulting-frontend/node_modules/react-dom/cjs/react-dom.development.js:24970:11)\n    at commitPassiveMountEffects_complete (/app/fm-compta-consulting-frontend/node_modules/react-dom/cjs/react-dom.development.js:24930:9)\n    at commitPassiveMountEffects_begin (/app/fm-compta-consulting-frontend/node_modules/react-dom/cjs/react-dom.development.js:24917:7)\n    at commitPassiveMountEffects (/app/fm-compta-consulting-frontend/node_modules/react-dom/cjs/react-dom.development.js:24905:3)\n    at flushPassiveEffectsImpl (/app/fm-compta-consulting-frontend/node_modules/react-dom/cjs/react-dom.development.js:27078:3)\n    at flushPassiveEffects (/app/fm-compta-consulting-frontend/node_modules/react-dom/cjs/react-dom.development.js:27023:14)\n    at /app/fm-compta-consulting-frontend/node_modules/react-dom/cjs/react-dom.development.js:26808:9\n    at flushActQueue (/app/fm-compta-consulting-frontend/node_modules/react/cjs/react.development.js:2667:24)\n    at act (/app/fm-compta-consulting-frontend/node_modules/react/cjs/react.development.js:2582:11)\n    at /app/fm-compta-consulting-frontend/node_modules/@testing-library/react/dist/act-compat.js:47:25\n    at renderRoot (/app/fm-compta-consulting-frontend/node_modules/@testing-library/react/dist/pure.js:190:26)\n    at render (/app/fm-compta-consulting-frontend/node_modules/@testing-library/react/dist/pure.js:292:10)\n    at Object.<anonymous> (/app/fm-compta-consulting-frontend/src/components/Layout.test.tsx:274:13)\n    at Promise.finally.completed (/app/fm-compta-consulting-frontend/node_modules/jest-circus/build/jestAdapterInit.js:1556:28)\n    at new Promise (<anonymous>)\n    at callAsyncCircusFn (/app/fm-compta-consulting-frontend/node_modules/jest-circus/build/jestAdapterInit.js:1496:10)\n    at _callCircusTest (/app/fm-compta-consulting-frontend/node_modules/jest-circus/build/jestAdapterInit.js:1006:40)\n    at processTicksAndRejections (node:internal/process/task_queues:95:5)\n    at _runTest (/app/fm-compta-consulting-frontend/node_modules/jest-circus/build/jestAdapterInit.js:946:3)\n    at _runTestsForDescribeBlock (/app/fm-compta-consulting-frontend/node_modules/jest-circus/build/jestAdapterInit.js:839:13)\n    at _runTestsForDescribeBlock (/app/fm-compta-consulting-frontend/node_modules/jest-circus/build/jestAdapterInit.js:829:11)\n    at _runTestsForDescribeBlock (/app/fm-compta-consulting-frontend/node_modules/jest-circus/build/jestAdapterInit.js:829:11)\n    at run (/app/fm-compta-consulting-frontend/node_modules/jest-circus/build/jestAdapterInit.js:757:3)\n    at runAndTransformResultsToJestFormat (/app/fm-compta-consulting-frontend/node_modules/jest-circus/build/jestAdapterInit.js:1917:21)\n    at jestAdapter (/app/fm-compta-consulting-frontend/node_modules/jest-circus/build/runner.js:101:19)\n    at runTestInternal (/app/fm-compta-consulting-frontend/node_modules/jest-runner/build/testWorker.js:275:16)\n    at runTest (/app/fm-compta-consulting-frontend/node_modules/jest-runner/build/testWorker.js:343:7)\n    at Object.worker (/app/fm-compta-consulting-frontend/node_modules/jest-runner/build/testWorker.js:497:12)"],"fullName":"Layout Authenticated regular user shows user name in navigation","invocations":1,"location":null,"numPassingAsserts":0,"retryReasons":[],"startAt":1758698388240,"status":"failed","title":"shows user name in navigation"},{"ancestorTitles":["Layout","Language switching"],"duration":4,"failing":false,"failureDetails":[{"name":"TestingLibraryElementError"}],"failureMessages":["TestingLibraryElementError: Unable to find an element with the text: FR. This could be because the text is broken up by multiple elements. In this case, you can provide a function for your text matcher to make your matcher more flexible.\n\nIgnored nodes: comments, script, style\n\u001b[36m<body>\u001b[39m\n  \u001b[36m<div>\u001b[39m\n    \u001b[36m<div\u001b[39m\n      \u001b[33mclass\u001b[39m=\u001b[32m\"min-h-screen flex flex-col\"\u001b[39m\n    \u001b[36m>\u001b[39m\n      \u001b[36m<nav\u001b[39m\n        \u001b[33mclass\u001b[39m=\u001b[32m\"navbar py-4 px-6 bg-primary/80 text-white shadow-md sticky top-0 z-50 backdrop-blur-md\"\u001b[39m\n      \u001b[36m>\u001b[39m\n        \u001b[36m<div\u001b[39m\n          \u001b[33mclass\u001b[39m=\u001b[32m\"container mx-auto flex justify-between items-center\"\u001b[39m\n        \u001b[36m>\u001b[39m\n          \u001b[36m<a\u001b[39m\n            \u001b[33mclass\u001b[39m=\u001b[32m\"text-xl font-bold text-white hover:text-primary-light transition-colors duration-300\"\u001b[39m\n            \u001b[33mhref\u001b[39m=\u001b[32m\"/\"\u001b[39m\n          \u001b[36m>\u001b[39m\n            \u001b[0mFM Compta Consulting\u001b[0m\n          \u001b[36m</a>\u001b[39m\n          \u001b[36m<button\u001b[39m\n            \u001b[33mclass\u001b[39m=\u001b[32m\"md:hidden focus:outline-none\"\u001b[39m\n          \u001b[36m>\u001b[39m\n            \u001b[36m<svg\u001b[39m\n              \u001b[33mclass\u001b[39m=\u001b[32m\"w-6 h-6\"\u001b[39m\n              \u001b[33mfill\u001b[39m=\u001b[32m\"none\"\u001b[39m\n              \u001b[33mstroke\u001b[39m=\u001b[32m\"currentColor\"\u001b[39m\n              \u001b[33mviewBox\u001b[39m=\u001b[32m\"0 0 24 24\"\u001b[39m\n              \u001b[33mxmlns\u001b[39m=\u001b[32m\"http://www.w3.org/2000/svg\"\u001b[39m\n            \u001b[36m>\u001b[39m\n              \u001b[36m<path\u001b[39m\n                \u001b[33md\u001b[39m=\u001b[32m\"M4 6h16M4 12h16M4 18h16\"\u001b[39m\n                \u001b[33mstroke-linecap\u001b[39m=\u001b[32m\"round\"\u001b[39m\n                \u001b[33mstroke-linejoin\u001b[39m=\u001b[32m\"round\"\u001b[39m\n                \u001b[33mstroke-width\u001b[39m=\u001b[32m\"2\"\u001b[39m\n              \u001b[36m/>\u001b[39m\n            \u001b[36m</svg>\u001b[39m\n          \u001b[36m</button>\u001b[39m\n          \u001b[36m<div\u001b[39m\n            \u001b[33mclass\u001b[39m=\u001b[32m\"hidden md:flex items-center space-x-8\"\u001b[39m\n          \u001b[36m>\u001b[39m\n            \u001b[36m<a\u001b[39m\n              \u001b[33mclass\u001b[39m=\u001b[32m\"navbar-link\"\u001b[39m\n              \u001b[33mhref\u001b[39m=\u001b[32m\"/\"\u001b[39m\n            \u001b[36m>\u001b[39m\n              \u001b[0mnavbar.home\u001b[0m\n            \u001b[36m</a>\u001b[39m\n            \u001b[36m<a\u001b[39m\n              \u001b[33mclass\u001b[39m=\u001b[32m\"navbar-link\"\u001b[39m\n              \u001b[33mhref\u001b[39m=\u001b[32m\"/#about\"\u001b[39m\n            \u001b[36m>\u001b[39m\n              \u0
[...]
"column":38},"end":{"line":76,"column":49}},{"start":{"line":76,"column":52},"end":{"line":76,"column":71}}],"line":76},"8":{"loc":{"start":{"line":111,"column":4},"end":{"line":118,"column":5}},"type":"switch","locations":[{"start":{"line":112,"column":6},"end":{"line":113,"column":30}},{"start":{"line":114,"column":6},"end":{"line":115,"column":28}},{"start":{"line":116,"column":6},"end":{"line":117,"column":31}}],"line":111},"9":{"loc":{"start":{"line":122,"column":2},"end":{"line":125,"column":3}},"type":"if","locations":[{"start":{"line":122,"column":2},"end":{"line":125,"column":3}},{"start":{},"end":{}}],"line":122},"10":{"loc":{"start":{"line":122,"column":6},"end":{"line":122,"column":46}},"type":"binary-expr","locations":[{"start":{"line":122,"column":6},"end":{"line":122,"column":13}},{"start":{"line":122,"column":17},"end":{"line":122,"column":46}}],"line":122},"11":{"loc":{"start":{"line":127,"column":2},"end":{"line":145,"column":3}},"type":"if","locations":[{"start":{"line":127,"column":2},"end":{"line":145,"column":3}},{"start":{},"end":{}}],"line":127},"12":{"loc":{"start":{"line":158,"column":11},"end":{"line":162,"column":11}},"type":"binary-expr","locations":[{"start":{"line":158,"column":11},"end":{"line":158,"column":16}},{"start":{"line":159,"column":12},"end":{"line":161,"column":18}}],"line":158},"13":{"loc":{"start":{"line":179,"column":11},"end":{"line":224,"column":11}},"type":"cond-expr","locations":[{"start":{"line":180,"column":12},"end":{"line":183,"column":18}},{"start":{"line":185,"column":12},"end":{"line":223,"column":18}}],"line":179},"14":{"loc":{"start":{"line":195,"column":39},"end":{"line":195,"column":94}},"type":"cond-expr","locations":[{"start":{"line":195,"column":67},"end":{"line":195,"column":68}},{"start":{"line":195,"column":71},"end":{"line":195,"column":94}}],"line":195},"15":{"loc":{"start":{"line":205,"column":23},"end":{"line":218,"column":30}},"type":"cond-expr","locations":[{"start":{"line":206,"column":24},"end":{"line":217,"column":30}},{"start":{"line":218,"column":26},"end":{"line":218,"column":30}}],"line":205},"16":{"loc":{"start":{"line":235,"column":2},"end":{"line":242,"column":3}},"type":"if","locations":[{"start":{"line":235,"column":2},"end":{"line":242,"column":3}},{"start":{},"end":{}}],"line":235},"17":{"loc":{"start":{"line":235,"column":6},"end":{"line":235,"column":47}},"type":"binary-expr","locations":[{"start":{"line":235,"column":6},"end":{"line":235,"column":14}},{"start":{"line":235,"column":18},"end":{"line":235,"column":47}}],"line":235},"18":{"loc":{"start":{"line":246,"column":39},"end":{"line":246,"column":53}},"type":"binary-expr","locations":[{"start":{"line":246,"column":39},"end":{"line":246,"column":45}},{"start":{"line":246,"column":49},"end":{"line":246,"column":53}}],"line":246}},"s":{"0":0,"1":0,"2":0,"3":0,"4":0,"5":0,"6":0,"7":0,"8":0,"9":0,"10":0,"11":0,"12":0,"13":0,"14":0,"15":0,"16":0,"17":0,"18":0,"19":0,"20":0,"21":0,"22":0,"23":0,"24":0,"25":0,"26":0,"27":0,"28":0,"29":0,"30":0,"31":0,"32":0,"33":0,"34":0,"35":0,"36":0,"37":0,"38":0,"39":0,"40":0,"41":0,"42":0,"43":0,"44":0,"45":0,"46":0,"47":0,"48":0,"49":0,"50":0,"51":0,"52":0,"53":0,"54":0,"55":0,"56":0,"57":0},"f":{"0":0,"1":0,"2":0,"3":0,"4":0,"5":0,"6":0,"7":0,"8":0,"9":0,"10":0,"11":0,"12":0,"13":0,"14":0,"15":0},"b":{"0":[0,0],"1":[0,0],"2":[0,0],"3":[0,0],"4":[0,0],"5":[0,0],"6":[0,0],"7":[0,0],"8":[0,0,0],"9":[0,0],"10":[0,0],"11":[0,0],"12":[0,0],"13":[0,0],"14":[0,0],"15":[0,0],"16":[0,0],"17":[0,0],"18":[0,0]}},"/app/fm-compta-consulting-frontend/src/pages/admin/index.tsx":{"path":"/app/fm-compta-consulting-frontend/src/pages/admin/index.tsx","statementMap":{"0":{"start":{"line":27,"column":16},"end":{"line":27,"column":40}},"1":{"start":{"line":28,"column":28},"end":{"line":28,"column":40}},"2":{"start":{"line":29,"column":17},"end":{"line":29,"column":28}},"3":{"start":{"line":30,"column":36},"end":{"line":30,"column":50}},"4":{"start":{"line":31,"column":28},"end":{"line":31,"column":40}},"5":{"start":{"line":32,"column":42},"end":{"line":32,"column":77}},"6":{"start":{"line":33,"column":46},"end":{"line":33,"column":75}},"7":{"start":{"line":34,"column":36},"end":{"line":34,"column":56}},"8":{"start":{"line":35,"column":54},"end":{"line":35,"column":69}},"9":{"start":{"line":37,"column":2},"end":{"line":41,"column":16}},"10":{"start":{"line":38,"column":4},"end":{"line":40,"column":5}},"11":{"start":{"line":39,"column":6},"end":{"line":39,"column":26}},"12":{"start":{"line":43,"column":28},"end":{"line":80,"column":3}},"13":{"start":{"line":44,"column":4},"end":{"line":79,"column":5}},"14":{"start":{"line":45,"column":6},"end":{"line":45,"column":25}},"15":{"start":{"line":46,"column":23},"end":{"line":46,"column":61}},"16":{"start":{"line":48,"column":6},"end":{"line":50,"column":7}},"17":{"start":{"line":49,"column":8},"end":{"line":49,"column":56}},"18":{"start":{"line":52,"column":19},"end":{"line":52,"column":40}},"19":{"start":{"line":55,"column":32},"end":{"line":55,"column":55}},"20":{"start":{"line":58,"column":28},"end":{"line":73,"column":8}},"21":{"start":{"line":60,"column":23},"end":{"line":60,"column":47}},"22":{"start":{"line":61,"column":8},"end":{"line":72,"column":10}},"23":{"start":{"line":74,"column":6},"end":{"line":74,"column":37}},"24":{"start":{"line":76,"column":6},"end":{"line":76,"column":73}},"25":{"start":{"line":78,"column":6},"end":{"line":78,"column":26}},"26":{"start":{"line":82,"column":27},"end":{"line":86,"column":3}},"27":{"start":{"line":83,"column":4},"end":{"line":83,"column":26}},"28":{"start":{"line":84,"column":4},"end":{"line":84,"column":25}},"29":{"start":{"line":85,"column":4},"end":{"line":85,"column":32}},"30":{"start":{"line":88,"column":29},"end":{"line":116,"column":3}},"31":{"start":{"line":89,"column":4},"end":{"line":89,"column":46}},"32":{"start":{"line":89,"column":39},"end":{"line":89,"column":46}},"33":{"start":{"line":91,"column":4},"end":{"line":115,"column":5}},"34":{"start":{"line":92,"column":23},"end":{"line":98,"column":8}},"35":{"start":{"line":100,"column":6},"end":{"line":102,"column":7}},"36":{"start":{"line":101,"column":8},"end":{"line":101,"column":63}},"37":{"start":{"line":105,"column":6},"end":{"line":107,"column":9}},"38":{"start":{"line":106,"column":8},"end":{"line":106,"column":71}},"39":{"start":{"line":109,"column":6},"end":{"line":109,"column":30}},"40":{"start":{"line":110,"column":6},"end":{"line":110,"column":23}},"41":{"start":{"line":112,"column":6},"end":{"line":112,"column":73}},"42":{"start":{"line":114,"column":6},"end":{"line":114,"column":35}},"43":{"start":{"line":118,"column":30},"end":{"line":127,"column":3}},"44":{"start":{"line":119,"column":4},"end":{"line":126,"column":5}},"45":{"start":{"line":121,"column":8},"end":{"line":121,"column":45}},"46":{"start":{"line":123,"column":8},"end":{"line":123,"column":41}},"47":{"start":{"line":125,"column":8},"end":{"line":125,"column":47}},"48":{"start":{"line":129,"column":24},"end":{"line":138,"column":3}},"49":{"start":{"line":130,"column":4},"end":{"line":137,"column":5}},"50":{"start":{"line":132,"column":8},"end":{"line":132,"column":43}},"51":{"start":{"line":134,"column":8},"end":{"line":134,"column":43}},"52":{"start":{"line":136,"column":8},"end":{"line":136,"column":41}},"53":{"start":{"line":141,"column":2},"end":{"line":144,"column":3}},"54":{"start":{"line":142,"column":4},"end":{"line":142,"column":21}},"55":{"start":{"line":143,"column":4},"end":{"line":143,"column":16}},"56":{"start":{"line":146,"column":2},"end":{"line":164,"column":3}},"57":{"start":{"line":147,"column":4},"end":{"line":163,"column":6}},"58":{"start":{"line":166,"column":2},"end":{"line":283,"column":4}},"59":{"start":{"line":207,"column":20},"end":{"line":258,"column":25}},"60":{"start":{"line":226,"column":45},"end":{"line":226,"column":90}},"61":{"start":{"line":234,"column":45},"end":{"line":234,"column":90}},"62":{"start":{"line":242,"column":45},"end":{"line":242,"column":90}},"63":{"start":{"line":250,"column":45},"end":{"line":250,"column":90}},"64":{"start":{"line":275,"column":23},"end":{"line":275,"column":51}},"65":{"start":{"line":286,"column":54},"end":{"line":304,"column":1}},"66":{"start":{"line":287,"column":18},"end":{"line":287,"column":43}},"67":{"start":{"line":290,"column":2},"end":{"line":297,"column":3}},"68":{"start":{"line":291,"column":4},"end":{"line":296,"column":6}},"69":{"start":{"line":299,"column":2},"end":{"line":303,"column":4}}},"fnMap":{"0":{"name":"AdminDashboard","decl":{"start":{"line":26,"column":24},"end":{"line":26,"column":38}},"loc":{"start":{"line":26,"column":41},"end":{"line":284,"column":1}},"line":26},"1":{"name":"(anonymous_1)","decl":{"start":{"line":37,"column":12},"end":{"line":37,"column":13}},"loc":{"start":{"line":37,"column":18},"end":{"line":41,"column":3}},"line":37},"2":{"name":"(anonymous_2)","decl":{"start":{"line":43,"column":28},"end":{"line":43,"column":29}},"loc":{"start":{"line":43,"column":40},"end":{"line":80,"column":3}},"line":43},"3":{"name":"(anonymous_3)","decl":{"start":{"line":58,"column":50},"end":{"line":58,"column":51}},"loc":{"start":{"line":58,"column":72},"end":{"line":73,"column":7}},"line":58},"4":{"name":"(anonymous_4)","decl":{"start":{"line":82,"column":27},"end":{"line":82,"column":28}},"loc":{"start":{"line":82,"column":59},"end":{"line":86,"column":3}},"line":82},"5":{"name":"(anonymous_5)","decl":{"start":{"line":88,"column":29},"end":{"line":88,"column":30}},"loc":{"start":{"line":88,"column":41},"end":{"line":116,"column":3}},"line":88},"6":{"name":"(anonymous_6)","decl":{"start":{"line":105,"column":39},"end":{"line":105,"column":40}},"loc":{"start":{"line":106,"column":8},"end":{"line":106,"column":71}},"line":106},"7":{"name":"(anonymous_7)","decl":{"start":{"line":118,"column":30},"end":{"line":118,"column":31}},"loc":{"start":{"line":118,"column":50},"end":{"line":127,"column":3}},"line":118},"8":{"name":"(anonymous_8)","decl":{"start":{"line":129,"column":24},"end":{"line":129,"column":25}},"loc":{"start":{"line":129,"column":44},"end":{"line":138,"column":3}},"line":129},"9":{"name":"(anonymous_9)","decl":{"start":{"line":206,"column":36},"end":{"line":206,"column":37}},"loc":{"start":{"line":207,"column":20},"end":{"line":258,"column":25}},"line":207},"10":{"name":"(anonymous_10)","decl":{"start":{"line":226,"column":39},"end":{"line":226,"column":40}},"loc":{"start":{"line":226,"column":45},"end":{"line":226,"column":90}},"line":226},"11":{"name":"(anonymous_11)","decl":{"start":{"line":234,"column":39},"end":{"line":234,"column":40}},"loc":{"start":{"line":234,"column":45},"end":{"line":234,"column":90}},"line":234},"12":{"name":"(anonymous_12)","decl":{"start":{"line":242,"column":39},"end":{"line":242,"column":40}},"loc":{"start":{"line":242,"column":45},"end":{"line":242,"column":90}},"line":242},"13":{"name":"(anonymous_13)","decl":{"start":{"line":250,"column":39},"end":{"line":250,"column":40}},"loc":{"start":{"line":250,"column":45},"end":{"line":250,"column":90}},"line":250},"14":{"name":"(anonymous_14)","decl":{"start":{"line":275,"column":17},"end":{"line":275,"column":18}},"loc":{"start":{"line":275,"column":23},"end":{"line":275,"column":51}},"line":275},"15":{"name":"(anonymous_15)","decl":{"start":{"line":286,"column":54},"end":{"line":286,"column":55}},"loc":{"start":{"line":286,"column":81},"end":{"line":304,"column":1}},"line":286}},"branchMap":{"0":{"loc":{"start":{"line":38,"column":4},"end":{"line":40,"column":5}},"type":"if","locations":[{"start":{"line":38,"column":4},"end":{"line":40,"column":5}},{"start":{},"end":{}}],"line":38},"1":{"loc":{"start":{"line":48,"column":6},"end":{"line":50,"column":7}},"type":"if","locations":[{"start":{"line":48,"column":6},"end":{"line":50,"column":7}},{"start":{},"end":{}}],"line":48},"2":{"loc":{"start":{"line":55,"column":32},"end":{"line":55,"column":55}},"type":"binary-expr","locations":[{"start":{"line":55,"column":32},"end":{"line":55,"column":49}},{"start":{"line":55,"column":53},"end":{"line":55,"column":55}}],"line":55},"3":{"loc":{"start":{"line":60,"column":23},"end":{"line":60,"column":47}},"type":"binary-expr","locations":[{"start":{"line":60,"column":23},"end":{"line":60,"column":41}},{"start":{"line":60,"column":45},"end":{"line":60,"column":47}}],"line":60},"4":{"loc":{"start":{"line":68,"column":16},"end":{"line":68,"column":32}},"type":"binary-expr","locations":[{"start":{"line":68,"column":16},"end":{"line":68,"column":26}},{"start":{"line":68,"column":30},"end":{"line":68,"column":32}}],"line":68},"5":{"loc":{"start":{"line":69,"column":18},"end":{"line":69,"column":38}},"type":"binary-expr","locations":[{"start":{"line":69,"column":18},"end":{"line":69,"column":29}},{"start":{"line":69,"column":33},"end":{"line":69,"column":38}}],"line":69},"6":{"loc":{"start":{"line":70,"column":19},"end":{"line":70,"column":40}},"type":"binary-expr","locations":[{"start":{"line":70,"column":19},"end":{"line":70,"column":31}},{"start":{"line":70,"column":35},"end":{"line":70,"column":40}}],"line":70},"7":{"loc":{"start":{"line":76,"column":15},"end":{"line":76,"column":71}},"type":"cond-expr","locations":[{"start":{"line":76,"column":38},"end":{"line":76,"column":49}},{"start":{"line":76,"column":52},"end":{"line":76,"column":71}}],"line":76},"8":{"loc":{"start":{"line":89,"column":4},"end":{"line":89,"column":46}},"type":"if","locations":[{"start":{"line":89,"column":4},"end":{"line":89,"column":46}},{"start":{},"end":{}}],"line":89},"9":{"loc":{"start":{"line":89,"column":8},"end":{"line":89,"column":37}},"type":"binary-expr","locations":[{"start":{"line":89,"column":8},"end":{"line":89,"column":23}},{"start":{"line":89,"column":27},"end":{"line":89,"column":37}}],"line":89},"10":{"loc":{"start":{"line":100,"column":6},"end":{"line":102,"column":7}},"type":"if","locations":[{"start":{"line":100,"column":6},"end":{"line":102,"column":7}},{"start":{},"end":{}}],"line":100},"11":{"loc":{"start":{"line":106,"column":8},"end":{"line":106,"column":71}},"type":"cond-expr","locations":[{"start":{"line":106,"column":36},"end":{"line":106,"column":65}},{"start":{"line":106,"column":68},"end":{"line":106,"column":71}}],"line":106},"12":{"loc":{"start":{"line":112,"column":15},"end":{"line":112,"column":71}},"type":"cond-expr","locations":[{"start":{"line":112,"column":38},"end":{"line":112,"column":49}},{"start":{"line":112,"column":52},"end":{"line":112,"column":71}}],"line":112},"13":{"loc":{"start":{"line":119,"column":4},"end":{"line":126,"column":5}},"type":"switch","locations":[{"start":{"line":120,"column":6},"end":{"line":121,"column":45}},{"start":{"line":122,"column":6},"end":{"line":123,"column":41}},{"start":{"line":124,"column":6},"end":{"line":125,"column":47}}],"line":119},"14":{"loc":{"start":{"line":130,"column":4},"end":{"line":137,"column":5}},"type":"switch","locations":[{"start":{"line":131,"column":6},"end":{"line":132,"column":43}},{"start":{"line":133,"column":6},"end":{"line":134,"column":43}},{"start":{"line":135,"column":6},"end":{"line":136,"column":41}}],"line":130},"15":{"loc":{"start":{"line":141,"column":2},"end":{"line":144,"column":3}},"type":"if","locations":[{"start":{"line":141,"column":2},"end":{"line":144,"column":3}},{"start":{},"end":{}}],"line":141},"16":{"loc":{"start":{"line":141,"column":6},"end":{"line":141,"column":46}},"type":"binary-expr","locations":[{"start":{"line":141,"column":6},"end":{"line":141,"column":13}},{"start":{"line":141,"column":17},"end":{"line":141,"column":46}}],"line":141},"17":{"loc":{"start":{"line":146,"column":2},"end":{"line":164,"column":3}},"type":"if","locations":[{"start":{"line":146,"column":2},"end":{"line":164,"column":3}},{"start":{},"end":{}}],"line":146},"18":{"loc":{"start":{"line":177,"column":11},"end":{"line":181,"column":11}},"type":"binary-expr","locations":[{"start":{"line":177,"column":11},"end":{"line":177,"column":16}},{"start":{"line":178,"column":12},"end":{"line":180,"column":18}}],"line":177},"19":{"loc":{"start":{"line":187,"column":11},"end":{"line":268,"column":11}},"type":"cond-expr","locations":[{"start":{"line":188,"column":12},"end":{"line":191,"column":18}},{"start":{"line":192,"column":14},"end":{"line":268,"column":11}}],"line":187},"20":{"loc":{"start":{"line":192,"column":14},"end":{"line":268,"column":11}},"type":"cond-expr","locations":[{"start":{"line":193,"column":12},"end":{"line":262,"column":18}},{"start":{"line":264,"column":12},"end":{"line":267,"column":18}}],"line":192},"21":{"loc":{"start":{"line":224,"column":27},"end":{"line":231,"column":27}},"type":"binary-expr","locations":[{"start":{"line":224,"column":27},"end":{"line":224,"column":59}},{"start":{"line":225,"column":28},"end":{"line":230,"column":37}}],"line":224},"22":{"loc":{"start":{"line":232,"column":27},"end":{"line":239,"column":27}},"type":"binary-expr","locations":[{"start":{"line":232,"column":27},"end":{"line":232,"column":59}},{"start":{"line":233,"column":28},"end":{"line":238,"column":37}}],"line":232},"23":{"loc":{"start":{"line":240,"column":27},"end":{"line":247,"column":27}},"type":"binary-expr","locations":[{"start":{"line":240,"column":27},"end":{"line":240,"column":61}},{"start":{"line":241,"column":28},"end":{"line":246,"column":37}}],"line":240},"24":{"loc":{"start":{"line":248,"column":27},"end":{"line":255,"column":27}},"type":"binary-expr","locations":[{"start":{"line":248,"column":27},"end":{"line":248,"column":61}},{"start":{"line":249,"column":28},"end":{"line":254,"column":37}}],"line":248},"25":{"loc":{"start":{"line":277,"column":15},"end":{"line":277,"column":91}},"type":"cond-expr","locations":[{"start":{"line":277,"column":43},"end":{"line":277,"column":66}},{"start":{"line":277,"column":69},"end":{"line":277,"column":91}}],"line":277},"26":{"loc":{"start":{"line":278,"column":17},"end":{"line":278,"column":97}},"type":"cond-expr","locations":[{"start":{"line":278,"column":45},"end":{"line":278,"column":70}},{"start":{"line":278,"column":73},"end":{"line":278,"column":97}}],"line":278},"27":{"loc":{"start":{"line":279,"column":21},"end":{"line":279,"column":87}},"type":"cond-expr","locations":[{"start":{"line":279,"column":49},"end":{"line":279,"column":67}},{"start":{"line":279,"column":70},"end":{"line":279,"column":87}}],"line":279},"28":{"loc":{"start":{"line":290,"column":2},"end":{"line":297,"column":3}},"type":"if","locations":[{"start":{"line":290,"column":2},"end":{"line":297,"column":3}},{"start":{},"end":{}}],"line":290},"29":{"loc":{"start":{"line":290,"column":6},"end":{"line":290,"column":47}},"type":"binary-expr","locations":[{"start":{"line":290,"column":6},"end":{"line":290,"column":14}},{"start":{"line":290,"column":18},"end":{"line":290,"column":47}}],"line":290},"30":{"loc":{"start":{"line":301,"column":39},"end":{"line":301,"column":53}},"type":"binary-expr","locations":[{"start":{"line":301,"column":39},"end":{"line":301,"column":45}},{"start":{"line":301,"column":49},"end":{"line":301,"column":53}}],"line":301}},"s":{"0":0,"1":0,"2":0,"3":0,"4":0,"5":0,"6":0,"7":0,"8":0,"9":0,"10":0,"11":0,"12":0,"13":0,"14":0,"15":0,"16":0,"17":0,"18":0,"19":0,"20":0,"21":0,"22":0,"23":0,"24":0,"25":0,"26":0,"27":0,"28":0,"29":0,"30":0,"31":0,"32":0,"33":0,"34":0,"35":0,"36":0,"37":0,"38":0,"39":0,"40":0,"41":0,"42":0,"43":0,"44":0,"45":0,"46":0,"47":0,"48":0,"49":0,"50":0,"51":0,"52":0,"53":0,"54":0,"55":0,"56":0,"57":0,"58":0,"59":0,"60":0,"61":0,"62":0,"63":0,"64":0,"65":0,"66":0,"67":0,"68":0,"69":0},"f":{"0":0,"1":0,"2":0,"3":0,"4":0,"5":0,"6":0,"7":0,"8":0,"9":0,"10":0,"11":0,"12":0,"13":0,"14":0,"15":0},"b":{"0":[0,0],"1":[0,0],"2":[0,0],"3":[0,0],"4":[0,0],"5":[0,0],"6":[0,0],"7":[0,0],"8":[0,0],"9":[0,0],"10":[0,0],"11":[0,0],"12":[0,0],"13":[0,0,0],"14":[0,0,0],"15":[0,0],"16":[0,0],"17":[0,0],"18":[0,0],"19":[0,0],"20":[0,0],"21":[0,0],"22":[0,0],"23":[0,0],"24":[0,0],"25":[0,0],"26":[0,0],"27":[0,0],"28":[0,0],"29":[0,0],"30":[0,0]}}}}
