{"numFailedTestSuites":0,"numFailedTests":0,"numPassedTestSuites":1,"numPassedTests":3,"numPendingTestSuites":0,"numPendingTests":0,"numRuntimeErrorTestSuites":0,"numTodoTests":0,"numTotalTestSuites":1,"numTotalTests":3,"openHandles":[],"snapshot":{"added":0,"didUpdate":false,"failure":false,"filesAdded":0,"filesRemoved":0,"filesRemovedList":[],"filesUnmatched":0,"filesUpdated":0,"matched":0,"total":0,"unchecked":0,"uncheckedKeysByFile":[],"unmatched":0,"updated":0},"startTime":1758374684905,"success":true,"testResults":[{"assertionResults":[{"ancestorTitles":["AnimateOnScroll"],"duration":11,"failing":false,"failureDetails":[],"failureMessages":[],"fullName":"AnimateOnScroll renders children correctly","invocations":1,"location":null,"numPassingAsserts":1,"retryReasons":[],"startAt":1758374685438,"status":"passed","title":"renders children correctly"},{"ancestorTitles":["AnimateOnScroll"],"duration":1,"failing":false,"failureDetails":[],"failureMessages":[],"fullName":"AnimateOnScroll applies custom className","invocations":1,"location":null,"numPassingAsserts":1,"retryReasons":[],"startAt":1758374685450,"status":"passed","title":"applies custom className"},{"ancestorTitles":["AnimateOnScroll"],"duration":3,"failing":false,"failureDetails":[],"failureMessages":[],"fullName":"AnimateOnScroll renders with default props","invocations":1,"location":null,"numPassingAsserts":2,"retryReasons":[],"startAt":1758374685452,"status":"passed","title":"renders with default props"}],"endTime":1758374685456,"message":"","name":"/app/fm-compta-consulting-frontend/src/components/Example.test.tsx","startTime":1758374685082,"status":"passed","summary":""}],"wasInterrupted":false,"coverageMap":{"/app/fm-compta-consulting-frontend/src/components/AnimateOnScroll.tsx":{"path":"/app/fm-compta-consulting-frontend/src/components/AnimateOnScroll.tsx","statementMap":{"0":{"start":{"line":12,"column":24},"end":{"line":26,"column":1}},"1":{"start":{"line":21,"column":2},"end":{"line":25,"column":4}}},"fnMap":{"0":{"name":"(anonymous_0)","decl":{"start":{"line":12,"column":24},"end":{"line":12,"column":25}},"loc":{"start":{"line":19,"column":28},"end":{"line":26,"column":1}},"line":19}},"branchMap":{"0":{"loc":{"start":{"line":14,"column":2},"end":{"line":14,"column":16}},"type":"default-arg","locations":[{"start":{"line":14,"column":14},"end":{"line":14,"column":16}}],"line":14},"1":{"loc":{"start":{"line":15,"column":2},"end":{"line":15,"column":17}},"type":"default-arg","locations":[{"start":{"line":15,"column":14},"end":{"line":15,"column":17}}],"line":15},"2":{"loc":{"start":{"line":16,"column":2},"end":{"line":16,"column":11}},"type":"default-arg","locations":[{"start":{"line":16,"column":10},"end":{"line":16,"column":11}}],"line":16},"3":{"loc":{"start":{"line":17,"column":2},"end":{"line":17,"column":23}},"type":"default-arg","locations":[{"start":{"line":17,"column":14},"end":{"line":17,"column":23}}],"line":17},"4":{"loc":{"start":{"line":18,"column":2},"end":{"line":18,"column":13}},"type":"default-arg","locations":[{"start":{"line":18,"column":9},"end":{"line":18,"column":13}}],"line":18}},"s":{"0":1,"1":3},"f":{"0":3},"b":{"0":[2],"1":[3],"2":[3],"3":[3],"4":[3]},"_coverageSchema":"1a1c01bbd47fc00a2c39e90264f33305004495a9","hash":"c3e0d755e402946d78cc24a05a77bdcdd886157f"},"/app/fm-compta-consulting-frontend/src/models/User.ts":{"path":"/app/fm-compta-consulting-frontend/src/models/User.ts","statementMap":{"0":{"start":{"line":12,"column":27},"end":{"line":52,"column":1}},"1":{"start":{"line":43,"column":8},"end":{"line":43,"column":25}},"2":{"start":{"line":44,"column":8},"end":{"line":44,"column":23}},"3":{"start":{"line":45,"column":8},"end":{"line":45,"column":28}},"4":{"start":{"line":46,"column":8},"end":{"line":46,"column":23}},"5":{"start":{"line":47,"column":8},"end":{"line":47,"column":19}}},"fnMap":{"0":{"name":"(anonymous_0)","decl":{"start":{"line":42,"column":17},"end":{"line":42,"column":18}},"loc":{"start":{"line":42,"column":29},"end":{"line":48,"column":7}},"line":42}},"branchMap":{"0":{"loc":{"start":{"line":55,"column":15},"end":{"line":55,"column":62}},"type":"binary-expr","locations":[{"start":{"line":55,"column":15},"end":{"line":55,"column":26}},{"start":{"line":55,"column":30},"end":{"line":55,"column":62}}],"line":55}},"s":{"0":0,"1":0,"2":0,"3":0,"4":0,"5":0},"f":{"0":0},"b":{"0":[0,0]}},"/app/fm-compta-consulting-frontend/src/models/Appointment.ts":{"path":"/app/fm-compta-consulting-frontend/src/models/Appointment.ts","statementMap":{"0":{"start":{"line":15,"column":34},"end":{"line":51,"column":1}},"1":{"start":{"line":43,"column":8},"end":{"line":43,"column":25}},"2":{"start":{"line":44,"column":8},"end":{"line":44,"column":23}},"3":{"start":{"line":45,"column":8},"end":{"line":45,"column":23}},"4":{"start":{"line":46,"column":8},"end":{"line":46,"column":19}},"5":{"start":{"line":54,"column":0},"end":{"line":54,"column":48}},"6":{"start":{"line":55,"column":0},"end":{"line":55,"column":48}}},"fnMap":{"0":{"name":"(anonymous_0)","decl":{"start":{"line":42,"column":17},"end":{"line":42,"column":18}},"loc":{"start":{"line":42,"column":29},"end":{"line":47,"column":7}},"line":42}},"branchMap":{"0":{"loc":{"start":{"line":58,"column":15},"end":{"line":58,"column":90}},"type":"binary-expr","locations":[{"start":{"line":58,"column":15},"end":{"line":58,"column":33}},{"start":{"line":58,"column":37},"end":{"line":58,"column":90}}],"line":58}},"s":{"0":0,"1":0,"2":0,"3":0,"4":0,"5":0,"6":0},"f":{"0":0},"b":{"0":[0,0]}},"/app/fm-compta-consulting-frontend/src/middleware.ts":{"path":"/app/fm-compta-consulting-frontend/src/middleware.ts","statementMap":{"0":{"start":{"line":5,"column":23},"end":{"line":5,"column":45}},"1":{"start":{"line":7,"column":19},"end":{"line":7,"column":29}},"2":{"start":{"line":10,"column":23},"end":{"line":10,"column":38}},"3":{"start":{"line":11,"column":2},"end":{"line":11,"column":75}},"4":{"start":{"line":14,"column":2},"end":{"line":20,"column":3}},"5":{"start":{"line":18,"column":4},"end":{"line":18,"column":82}},"6":{"start":{"line":19,"column":4},"end":{"line":19,"column":31}},"7":{"start":{"line":22,"column":23},"end":{"line":22,"column":77}},"8":{"start":{"line":22,"column":51},"end":{"line":22,"column":76}},"9":{"start":{"line":24,"column":2},"end":{"line":24,"column":99}},"10":{"start":{"line":26,"column":2},"end":{"line":29,"column":3}},"11":{"start":{"line":27,"column":4},"end":{"line":27,"column":84}},"12":{"start":{"line":28,"column":4},"end":{"line":28,"column":31}},"13":{"start":{"line":31,"column":2},"end":{"line":31,"column":62}},"14":{"start":{"line":32,"column":2},"end":{"line":32,"column":82}},"15":{"start":{"line":32,"column":73},"end":{"line":32,"column":79}},"16":{"start":{"line":34,"column":2},"end":{"line":71,"column":3}},"17":{"start":{"line":35,"column":18},"end":{"line":38,"column":6}},"18":{"start":{"line":40,"column":4},"end":{"line":40,"column":67}},"19":{"start":{"line":43,"column":4},"end":{"line":48,"column":5}},"20":{"start":{"line":44,"column":6},"end":{"line":44,"column":94}},"21":{"start":{"line":46,"column":23},"end":{"line":46,"column":48}},"22":{"start":{"line":47,"column":6},"end":{"line":47,"column":45}},"23":{"start":{"line":52,"column":26},"end":{"line":52,"column":76}},"24":{"start":{"line":52,"column":50},"end":{"line":52,"column":75}},"25":{"start":{"line":53,"column":4},"end":{"line":58,"column":5}},"26":{"start":{"line":54,"column":6},"end":{"line":54,"column":104}},"27":{"start":{"line":56,"column":25},"end":{"line":56,"column":57}},"28":{"start":{"line":57,"column":6},"end":{"line":57,"column":47}},"29":{"start":{"line":60,"column":4},"end":{"line":60,"column":63}},"30":{"start":{"line":61,"column":4},"end":{"line":61,"column":31}},"31":{"start":{"line":64,"column":4},"end":{"line":64,"column":63}},"32":{"start":{"line":66,"column":4},"end":{"line":66,"column":66}},"33":{"start":{"line":68,"column":21},"end":{"line":68,"column":46}},"34":{"start":{"line":69,"column":4},"end":{"line":69,"column":43}},"35":{"start":{"line":74,"column":22},"end":{"line":78,"column":1}}},"fnMap":{"0":{"name":"middleware","decl":{"start":{"line":9,"column":22},"end":{"line":9,"column":32}},"loc":{"start":{"line":9,"column":55},"end":{"line":72,"column":1}},"line":9},"1":{"name":"(anonymous_1)","decl":{"start":{"line":22,"column":43},"end":{"line":22,"column":44}},"loc":{"start":{"line":22,"column":51},"end":{"line":22,"column":76}},"line":22},"2":{"name":"(anonymous_2)","decl":{"start":{"line":32,"column":68},"end":{"line":32,"column":69}},"loc":{"start":{"line":32,"column":73},"end":{"line":32,"column":79}},"line":32},"3":{"name":"(anonymous_3)","decl":{"start":{"line":52,"column":42},"end":{"line":52,"column":43}},"loc":{"start":{"line":52,"column":50},"end":{"line":52,"column":75}},"line":52}},"branchMap":{"0":{"loc":{"start":{"line":14,"column":2},"end":{"line":20,"column":3}},"type":"if","locations":[{"start":{"line":14,"column":2},"end":{"line":20,"column":3}},{"start":{},"end":{}}],"line":14},"1":{"loc":{"start":{"line":14,"column":6},"end":{"line":17,"column":31}},"type":"binary-expr","locations":[{"start":{"line":14,"column":6},"end":{"line":14,"column":34}},{"start":{"line":15,"column":4},"end":{"line":15,"column":34}},{"start":{"line":16,"column":4},"end":{"line":16,"column":26}},{"start":{"line":17,"column":4},"end":{"line":17,"column":31}}],"line":14},"2":{"loc":{"start":{"line":26,"column":2},"end":{"line":29,"column":3}},"type":"if","locations":[{"start":{"line":26,"column":2},"end":{"line":29,"column":3}},{"start":{},"end":{}}],"line":26},"3":{"loc":{"start":{"line":40,"column":45},"end":{"line":40,"column":65}},"type":"cond-expr","locations":[{"start":{"line":40,"column":53},"end":{"line":40,"column":58}},{"start":{"line":40,"column":61},"end":{"line":40,"column":65}}],"line":40},"4":{"loc":{"start":{"line":43,"column":4},"end":{"line":48,"column":5}},"type":"if","locations":[{"start":{"line":43,"column":4},"end":{"line":48,"column":5}},{"start":{},"end":{}}],"line":43},"5":{"loc":{"start":{"line":53,"column":4},"end":{"line":58,"column":5}},"type":"if","locations":[{"start":{"line":53,"column":4},"end":{"line":58,"column":5}},{"start":{},"end":{}}],"line":53},"6":{"loc":{"start":{"line":53,"column":8},"end":{"line":53,"column":47}},"type":"binary-expr","locations":[{"start":{"line":53,"column":8},"end":{"line":53,"column":21}},{"start":{"line":53,"column":25},"end":{"line":53,"column":47}}],"line":53}},"s":{"0":0,"1":0,"2":0,"3":0,"4":0,"5":0,"6":0,"7":0,"8":0,"9":0,"10":0,"11":0,"12":0,"13":0,"14":0,"15":0,"16":0,"17":0,"18":0,"19":0,"20":0,"21":0,"22":0,"23":0,"24":0,"25":0,"26":0,"27":0,"28":0,"29":0,"30":0,"31":0,"32":0,"33":0,"34":0,"35":0},"f":{"0":0,"1":0,"2":0,"3":0},"b":{"0":[0,0],"1":[0,0,0,0],"2":[0,0],"3":[0,0],"4":[0,0],"5":[0,0],"6":[0,0]}},"/app/fm-compta-consulting-frontend/src/lib/mongoose.ts":{"path":"/app/fm-compta-consulting-frontend/src/lib/mongoose.ts","statementMap":{"0":{"start":{"line":4,"column":20},"end":{"line":4,"column":115}},"1":{"start":{"line":7,"column":89},"end":{"line":7,"column":113}},"2":{"start":{"line":9,"column":0},"end":{"line":11,"column":1}},"3":{"start":{"line":10,"column":2},"end":{"line":10,"column":68}},"4":{"start":{"line":14,"column":2},"end":{"line":16,"column":3}},"5":{"start":{"line":15,"column":4},"end":{"line":15,"column":23}},"6":{"start":{"line":18,"column":2},"end":{"line":42,"column":3}},"7":{"start":{"line":19,"column":17},"end":{"line":30,"column":5}},"8":{"start":{"line":33,"column":4},"end":{"line":33,"column":66}},"9":{"start":{"line":35,"column":4},"end":{"line":41,"column":7}},"10":{"start":{"line":36,"column":6},"end":{"line":36,"column":52}},"11":{"start":{"line":37,"column":6},"end":{"line":37,"column":22}},"12":{"start":{"line":39,"column":6},"end":{"line":39,"column":54}},"13":{"start":{"line":40,"column":6},"end":{"line":40,"column":16}},"14":{"start":{"line":44,"column":2},"end":{"line":44,"column":37}},"15":{"start":{"line":45,"column":2},"end":{"line":45,"column":21}}},"fnMap":{"0":{"name":"dbConnect","decl":{"start":{"line":13,"column":15},"end":{"line":13,"column":24}},"loc":{"start":{"line":13,"column":27},"end":{"line":46,"column":1}},"line":13},"1":{"name":"(anonymous_1)","decl":{"start":{"line":35,"column":62},"end":{"line":35,"column":63}},"loc":{"start":{"line":35,"column":76},"end":{"line":38,"column":5}},"line":35},"2":{"name":"(anonymous_2)","decl":{"start":{"line":38,"column":13},"end":{"line":38,"column":14}},"loc":{"start":{"line":38,"column":20},"end":{"line":41,"column":5}},"line":38}},"branchMap":{"0":{"loc":{"start":{"line":4,"column":20},"end":{"line":4,"column":115}},"type":"binary-expr","locations":[{"start":{"line":4,"column":20},"end":{"line":4,"column":43}},{"start":{"line":4,"column":47},"end":{"line":4,"column":115}}],"line":4},"1":{"loc":{"start":{"line":9,"column":0},"end":{"line":11,"column":1}},"type":"if","locations":[{"start":{"line":9,"column":0},"end":{"line":11,"column":1}},{"start":{},"end":{}}],"line":9},"2":{"loc":{"start":{"line":14,"column":2},"end":{"line":16,"column":3}},"type":"if","locations":[{"start":{"line":14,"column":2},"end":{"line":16,"column":3}},{"start":{},"end":{}}],"line":14},"3":{"loc":{"start":{"line":18,"column":2},"end":{"line":42,"column":3}},"type":"if","locations":[{"start":{"line":18,"column":2},"end":{"line":42,"column":3}},{"start":{},"end":{}}],"line":18}},"s":{"0":0,"1":0,"2":0,"3":0,"4":0,"5":0,"6":0,"7":0,"8":0,"9":0,"10":0,"11":0,"12":0,"13":0,"14":0,"15":0},"f":{"0":0,"1":0,"2":0},"b":{"0":[0,0],"1":[0,0],"2":[0,0],"3":[0,0]}},"/app/fm-compta-consulting-frontend/src/components/ConfirmDialog.tsx":{"path":"/app/fm-compta-consulting-frontend/src/components/ConfirmDialog.tsx","statementMap":{"0":{"start":{"line":14,"column":22},"end":{"line":110,"column":1}},"1":{"start":{"line":23,"column":20},"end":{"line":23,"column":48}},"2":{"start":{"line":26,"column":2},"end":{"line":53,"column":24}},"3":{"start":{"line":27,"column":31},"end":{"line":31,"column":5}},"4":{"start":{"line":28,"column":6},"end":{"line":30,"column":7}},"5":{"start":{"line":29,"column":8},"end":{"line":29,"column":18}},"6":{"start":{"line":34,"column":28},"end":{"line":38,"column":5}},"7":{"start":{"line":35,"column":6},"end":{"line":37,"column":7}},"8":{"start":{"line":36,"column":8},"end":{"line":36,"column":18}},"9":{"start":{"line":40,"column":4},"end":{"line":45,"column":5}},"10":{"start":{"line":41,"column":6},"end":{"line":41,"column":65}},"11":{"start":{"line":42,"column":6},"end":{"line":42,"column":60}},"12":{"start":{"line":44,"column":6},"end":{"line":44,"column":46}},"13":{"start":{"line":47,"column":4},"end":{"line":52,"column":6}},"14":{"start":{"line":48,"column":6},"end":{"line":48,"column":68}},"15":{"start":{"line":49,"column":6},"end":{"line":49,"column":63}},"16":{"start":{"line":51,"column":6},"end":{"line":51,"column":44}},"17":{"start":{"line":55,"column":2},"end":{"line":55,"column":27}},"18":{"start":{"line":55,"column":15},"end":{"line":55,"column":27}},"19":{"start":{"line":58,"column":2},"end":{"line":109,"column":4}},"20":{"start":{"line":97,"column":16},"end":{"line":97,"column":28}},"21":{"start":{"line":98,"column":16},"end":{"line":98,"column":26}}},"fnMap":{"0":{"name":"(anonymous_0)","decl":{"start":{"line":14,"column":22},"end":{"line":14,"column":23}},"loc":{"start":{"line":22,"column":26},"end":{"line":110,"column":1}},"line":22},"1":{"name":"(anonymous_1)","decl":{"start":{"line":26,"column":12},"end":{"line":26,"column":13}},"loc":{"start":{"line":26,"column":18},"end":{"line":53,"column":3}},"line":26},"2":{"name":"(anonymous_2)","decl":{"start":{"line":27,"column":31},"end":{"line":27,"column":32}},"loc":{"start":{"line":27,"column":54},"end":{"line":31,"column":5}},"line":27},"3":{"name":"(anonymous_3)","decl":{"start":{"line":34,"column":28},"end":{"line":34,"column":29}},"loc":{"start":{"line":34,"column":54},"end":{"line":38,"column":5}},"line":34},"4":{"name":"(anonymous_4)","decl":{"start":{"line":47,"column":11},"end":{"line":47,"column":12}},"loc":{"start":{"line":47,"column":17},"end":{"line":52,"column":5}},"line":47},"5":{"name":"(anonymous_5)","decl":{"start":{"line":96,"column":23},"end":{"line":96,"column":24}},"loc":{"start":{"line":96,"column":29},"end":{"line":99,"column":15}},"line":96}},"branchMap":{"0":{"loc":{"start":{"line":28,"column":6},"end":{"line":30,"column":7}},"type":"if","locations":[{"start":{"line":28,"column":6},"end":{"line":30,"column":7}},{"start":{},"end":{}}],"line":28},"1":{"loc":{"start":{"line":28,"column":10},"end":{"line":28,"column":80}},"type":"binary-expr","locations":[{"start":{"line":28,"column":10},"end":{"line":28,"column":27}},{"start":{"line":28,"column":31},"end":{"line":28,"column":80}}],"line":28},"2":{"loc":{"start":{"line":35,"column":6},"end":{"line":37,"column":7}},"type":"if","locations":[{"start":{"line":35,"column":6},"end":{"line":37,"column":7}},{"start":{},"end":{}}],"line":35},"3":{"loc":{"start":{"line":40,"column":4},"end":{"line":45,"column":5}},"type":"if","locations":[{"start":{"line":40,"column":4},"end":{"line":45,"column":5}},{"start":{},"end":{}}],"line":40},"4":{"loc":{"start":{"line":55,"column":2},"end":{"line":55,"column":27}},"type":"if","locations":[{"start":{"line":55,"column":2},"end":{"line":55,"column":27}},{"start":{},"end":{}}],"line":55}},"s":{"0":0,"1":0,"2":0,"3":0,"4":0,"5":0,"6":0,"7":0,"8":0,"9":0,"10":0,"11":0,"12":0,"13":0,"14":0,"15":0,"16":0,"17":0,"18":0,"19":0,"20":0,"21":0},"f":{"0":0,"1":0,"2":0,"3":0,"4":0,"5":0},"b":{"0":[0,0],"1":[0,0],"2":[0,0],"3":[0,0],"4":[0,0]}},"/app/fm-compta-consulting-frontend/src/components/Modal.tsx":{"path":"/app/fm-compta-consulting-frontend/src/components/Modal.tsx","statementMap":{"0":{"start":{"line":11,"column":14},"end":{"line":82,"column":1}},"1":{"start":{"line":12,"column":19},"end":{"line":12,"column":47}},"2":{"start":{"line":15,"column":2},"end":{"line":42,"column":24}},"3":{"start":{"line":16,"column":31},"end":{"line":20,"column":5}},"4":{"start":{"line":17,"column":6},"end":{"line":19,"column":7}},"5":{"start":{"line":18,"column":8},"end":{"line":18,"column":18}},"6":{"start":{"line":23,"column":28},"end":{"line":27,"column":5}},"7":{"start":{"line":24,"column":6},"end":{"line":26,"column":7}},"8":{"start":{"line":25,"column":8},"end":{"line":25,"column":18}},"9":{"start":{"line":29,"column":4},"end":{"line":34,"column":5}},"10":{"start":{"line":30,"column":6},"end":{"line":30,"column":65}},"11":{"start":{"line":31,"column":6},"end":{"line":31,"column":60}},"12":{"start":{"line":33,"column":6},"end":{"line":33,"column":46}},"13":{"start":{"line":36,"column":4},"end":{"line":41,"column":6}},"14":{"start":{"line":37,"column":6},"end":{"line":37,"column":68}},"15":{"start":{"line":38,"column":6},"end":{"line":38,"column":63}},"16":{"start":{"line":40,"column":6},"end":{"line":40,"column":44}},"17":{"start":{"line":44,"column":2},"end":{"line":44,"column":27}},"18":{"start":{"line":44,"column":15},"end":{"line":44,"column":27}},"19":{"start":{"line":47,"column":2},"end":{"line":81,"column":4}}},"fnMap":{"0":{"name":"(anonymous_0)","decl":{"start":{"line":11,"column":14},"end":{"line":11,"column":15}},"loc":{"start":{"line":11,"column":68},"end":{"line":82,"column":1}},"line":11},"1":{"name":"(anonymous_1)","decl":{"start":{"line":15,"column":12},"end":{"line":15,"column":13}},"loc":{"start":{"line":15,"column":18},"end":{"line":42,"column":3}},"line":15},"2":{"name":"(anonymous_2)","decl":{"start":{"line":16,"column":31},"end":{"line":16,"column":32}},"loc":{"start":{"line":16,"column":54},"end":{"line":20,"column":5}},"line":16},"3":{"name":"(anonymous_3)","decl":{"start":{"line":23,"column":28},"end":{"line":23,"column":29}},"loc":{"start":{"line":23,"column":54},"end":{"line":27,"column":5}},"line":23},"4":{"name":"(anonymous_4)","decl":{"start":{"line":36,"column":11},"end":{"line":36,"column":12}},"loc":{"start":{"line":36,"column":17},"end":{"line":41,"column":5}},"line":36}},"branchMap":{"0":{"loc":{"start":{"line":17,"column":6},"end":{"line":19,"column":7}},"type":"if","locations":[{"start":{"line":17,"column":6},"end":{"line":19,"column":7}},{"start":{},"end":{}}],"line":17},"1":{"loc":{"start":{"line":17,"column":10},"end":{"line":17,"column":78}},"type":"binary-expr","locations":[{"start":{"line":17,"column":10},"end":{"line":17,"column":26}},{"start":{"line":17,"column":30},"end":{"line":17,"column":78}}],"line":17},"2":{"loc":{"start":{"line":24,"column":6},"end":{"line":26,"column":7}},"type":"if","locations":[{"start":{"line":24,"column":6},"end":{"line":26,"column":7}},{"start":{},"end":{}}],"line":24},"3":{"loc":{"start":{"line":29,"column":4},"end":{"line":34,"column":5}},"type":"if","locations":[{"start":{"line":29,"column":4},"end":{"line":34,"column":5}},{"start":{},"end":{}}],"line":29},"4":{"loc":{"start":{"line":44,"column":2},"end":{"line":44,"column":27}},"type":"if","locations":[{"start":{"line":44,"column":2},"end":{"line":44,"column":27}},{"start":{},"end":{}}],"line":44}},"s":{"0":0,"1":0,"2":0,"3":0,"4":0,"5":0,"6":0,"7":0,"8":0,"9":0,"10":0,"11":0,"12":0,"13":0,"14":0,"15":0,"16":0,"17":0,"18":0,"19":0},"f":{"0":0,"1":0,"2":0,"3":0,"4":0},"b":{"0":[0,0],"1":[0,0],"2":[0,0],"3":[0,0],"4":[0,0]}},"/app/fm-compta-consulting-frontend/src/lib/image-utils.ts":{"path":"/app/fm-compta-consulting-frontend/src/lib/image-utils.ts","statementMap":{"0":{"start":{"line":20,"column":2},"end":{"line":22,"column":3}},"1":{"start":{"line":21,"column":4},"end":{"line":21,"column":44}},"2":{"start":{"line":25,"column":2},"end":{"line":27,"column":3}},"3":{"start":{"line":26,"column":4},"end":{"line":26,"column":15}},"4":{"start":{"line":29,"column":2},"end":{"line":44,"column":3}},"5":{"start":{"line":30,"column":16},"end":{"line":30,"column":28}},"6":{"start":{"line":33,"column":52},"end":{"line":33,"column":59}},"7":{"start":{"line":35,"column":4},"end":{"line":35,"column":59}},"8":{"start":{"line":35,"column":15},"end":{"line":35,"column":59}},"9":{"start":{"line":36,"column":4},"end":{"line":36,"column":61}},"10":{"start":{"line":36,"column":16},"end":{"line":36,"column":61}},"11":{"start":{"line":37,"column":4},"end":{"line":37,"column":63}},"12":{"start":{"line":37,"column":17},"end":{"line":37,"column":63}},"13":{"start":{"line":38,"column":4},"end":{"line":38,"column":52}},"14":{"start":{"line":38,"column":16},"end":{"line":38,"column":52}},"15":{"start":{"line":40,"column":4},"end":{"line":40,"column":26}},"16":{"start":{"line":42,"column":4},"end":{"line":42,"column":47}},"17":{"start":{"line":43,"column":4},"end":{"line":43,"column":15}},"18":{"start":{"line":49,"column":2},"end":{"line":49,"column":44}},"19":{"start":{"line":49,"column":37},"end":{"line":49,"column":44}},"20":{"start":{"line":51,"column":2},"end":{"line":57,"column":3}},"21":{"start":{"line":52,"column":17},"end":{"line":52,"column":47}},"22":{"start":{"line":53,"column":4},"end":{"line":53,"column":25}},"23":{"start":{"line":54,"column":4},"end":{"line":54,"column":22}},"24":{"start":{"line":55,"column":4},"end":{"line":55,"column":20}},"25":{"start":{"line":56,"column":4},"end":{"line":56,"column":36}},"26":{"start":{"line":62,"column":2},"end":{"line":67,"column":5}},"27":{"start":{"line":75,"column":2},"end":{"line":77,"column":16}},"28":{"start":{"line":76,"column":18},"end":{"line":76,"column":85}}},"fnMap":{"0":{"name":"getOptimizedImageUrl","decl":{"start":{"line":15,"column":16},"end":{"line":15,"column":36}},"loc":{"start":{"line":18,"column":10},"end":{"line":45,"column":1}},"line":18},"1":{"name":"preloadImages","decl":{"start":{"line":48,"column":16},"end":{"line":48,"column":29}},"loc":{"start":{"line":48,"column":52},"end":{"line":58,"column":1}},"line":48},"2":{"name":"getLowQualityPlaceholder","decl":{"start":{"line":61,"column":16},"end":{"line":61,"column":40}},"loc":{"start":{"line":61,"column":62},"end":{"line":68,"column":1}},"line":61},"3":{"name":"createResponsiveImageSet","decl":{"start":{"line":71,"column":16},"end":{"line":71,"column":40}},"loc":{"start":{"line":74,"column":10},"end":{"line":78,"column":1}},"line":74},"4":{"name":"(anonymous_4)","decl":{"start":{"line":76,"column":9},"end":{"line":76,"column":10}},"loc":{"start":{"line":76,"column":18},"end":{"line":76,"column":85}},"line":76}},"branchMap":{"0":{"loc":{"start":{"line":17,"column":2},"end":{"line":17,"column":28}},"type":"default-arg","locations":[{"start":{"line":17,"column":26},"end":{"line":17,"column":28}}],"line":17},"1":{"loc":{"start":{"line":20,"column":2},"end":{"line":22,"column":3}},"type":"if","locations":[{"start":{"line":20,"column":2},"end":{"line":22,"column":3}},{"start":{},"end":{}}],"line":20},"2":{"loc":{"start":{"line":25,"column":2},"end":{"line":27,"column":3}},"type":"if","locations":[{"start":{"line":25,"column":2},"end":{"line":27,"column":3}},{"start":{},"end":{}}],"line":25},"3":{"loc":{"start":{"line":33,"column":27},"end":{"line":33,"column":39}},"type":"default-arg","locations":[{"start":{"line":33,"column":37},"end":{"line":33,"column":39}}],"line":33},"4":{"loc":{"start":{"line":35,"column":4},"end":{"line":35,"column":59}},"type":"if","locations":[{"start":{"line":35,"column":4},"end":{"line":35,"column":59}},{"start":{},"end":{}}],"line":35},"5":{"loc":{"start":{"line":36,"column":4},"end":{"line":36,"column":61}},"type":"if","locations":[{"start":{"line":36,"column":4},"end":{"line":36,"column":61}},{"start":{},"end":{}}],"line":36},"6":{"loc":{"start":{"line":37,"column":4},"end":{"line":37,"column":63}},"type":"if","locations":[{"start":{"line":37,"column":4},"end":{"line":37,"column":63}},{"start":{},"end":{}}],"line":37},"7":{"loc":{"start":{"line":38,"column":4},"end":{"line":38,"column":52}},"type":"if","locations":[{"start":{"line":38,"column":4},"end":{"line":38,"column":52}},{"start":{},"end":{}}],"line":38},"8":{"loc":{"start":{"line":49,"column":2},"end":{"line":49,"column":44}},"type":"if","locations":[{"start":{"line":49,"column":2},"end":{"line":49,"column":44}},{"start":{},"end":{}}],"line":49},"9":{"loc":{"start":{"line":73,"column":2},"end":{"line":73,"column":54}},"type":"default-arg","locations":[{"start":{"line":73,"column":26},"end":{"line":73,"column":54}}],"line":73}},"s":{"0":0,"1":0,"2":0,"3":0,"4":0,"5":0,"6":0,"7":0,"8":0,"9":0,"10":0,"11":0,"12":0,"13":0,"14":0,"15":0,"16":0,"17":0,"18":0,"19":0,"20":0,"21":0,"22":0,"23":0,"24":0,"25":0,"26":0,"27":0,"28":0},"f":{"0":0,"1":0,"2":0,"3":0,"4":0},"b":{"0":[0],"1":[0,0],"2":[0,0],"3":[0],"4":[0,0],"5":[0,0],"6":[0,0],"7":[0,0],"8":[0,0],"9":[0]}},"/app/fm-compta-consulting-frontend/src/components/LoginForm.tsx":{"path":"/app/fm-compta-consulting-frontend/src/components/LoginForm.tsx","statementMap":{"0":{"start":{"line":14,"column":18},"end":{"line":143,"column":1}},"1":{"start":{"line":15,"column":16},"end":{"line":15,"column":40}},"2":{"start":{"line":16,"column":17},"end":{"line":16,"column":28}},"3":{"start":{"line":17,"column":28},"end":{"line":17,"column":40}},"4":{"start":{"line":18,"column":34},"end":{"line":18,"column":46}},"5":{"start":{"line":19,"column":36},"end":{"line":19,"column":51}},"6":{"start":{"line":20,"column":28},"end":{"line":20,"column":57}},"7":{"start":{"line":23,"column":2},"end":{"line":23,"column":78}},"8":{"start":{"line":26,"column":23},"end":{"line":58,"column":3}},"9":{"start":{"line":27,"column":4},"end":{"line":27,"column":27}},"10":{"start":{"line":28,"column":4},"end":{"line":28,"column":68}},"11":{"start":{"line":29,"column":4},"end":{"line":29,"column":23}},"12":{"start":{"line":30,"column":4},"end":{"line":30,"column":19}},"13":{"start":{"line":31,"column":4},"end":{"line":31,"column":120}},"14":{"start":{"line":33,"column":4},"end":{"line":57,"column":5}},"15":{"start":{"line":34,"column":21},"end":{"line":38,"column":8}},"16":{"start":{"line":40,"column":6},"end":{"line":40,"column":59}},"17":{"start":{"line":42,"column":6},"end":{"line":50,"column":7}},"18":{"start":{"line":44,"column":8},"end":{"line":44,"column":77}},"19":{"start":{"line":45,"column":8},"end":{"line":45,"column":18}},"20":{"start":{"line":48,"column":8},"end":{"line":48,"column":70}},"21":{"start":{"line":49,"column":8},"end":{"line":49,"column":103}},"22":{"start":{"line":52,"column":6},"end":{"line":52,"column":78}},"23":{"start":{"line":53,"column":6},"end":{"line":53,"column":85}},"24":{"start":{"line":55,"column":6},"end":{"line":55,"column":88}},"25":{"start":{"line":56,"column":6},"end":{"line":56,"column":26}},"26":{"start":{"line":61,"column":2},"end":{"line":142,"column":4}},"27":{"start":{"line":86,"column":31},"end":{"line":86,"column":55}},"28":{"start":{"line":108,"column":31},"end":{"line":108,"column":58}}},"fnMap":{"0":{"name":"(anonymous_0)","decl":{"start":{"line":14,"column":18},"end":{"line":14,"column":19}},"loc":{"start":{"line":14,"column":71},"end":{"line":143,"column":1}},"line":14},"1":{"name":"(anonymous_1)","decl":{"start":{"line":26,"column":23},"end":{"line":26,"column":24}},"loc":{"start":{"line":26,"column":68},"end":{"line":58,"column":3}},"line":26},"2":{"name":"(anonymous_2)","decl":{"start":{"line":86,"column":24},"end":{"line":86,"column":25}},"loc":{"start":{"line":86,"column":31},"end":{"line":86,"column":55}},"line":86},"3":{"name":"(anonymous_3)","decl":{"start":{"line":108,"column":24},"end":{"line":108,"column":25}},"loc":{"start":{"line":108,"column":31},"end":{"line":108,"column":58}},"line":108}},"branchMap":{"0":{"loc":{"start":{"line":31,"column":86},"end":{"line":31,"column":115}},"type":"cond-expr","locations":[{"start":{"line":31,"column":97},"end":{"line":31,"column":105}},{"start":{"line":31,"column":108},"end":{"line":31,"column":115}}],"line":31},"1":{"loc":{"start":{"line":42,"column":6},"end":{"line":50,"column":7}},"type":"if","locations":[{"start":{"line":42,"column":6},"end":{"line":50,"column":7}},{"start":{"line":47,"column":13},"end":{"line":50,"column":7}}],"line":42},"2":{"loc":{"start":{"line":49,"column":17},"end":{"line":49,"column":101}},"type":"cond-expr","locations":[{"start":{"line":49,"column":33},"end":{"line":49,"column":64}},{"start":{"line":49,"column":67},"end":{"line":49,"column":101}}],"line":49},"3":{"loc":{"start":{"line":53,"column":45},"end":{"line":53,"column":82}},"type":"cond-expr","locations":[{"start":{"line":53,"column":59},"end":{"line":53,"column":77}},{"start":{"line":53,"column":80},"end":{"line":53,"column":82}}],"line":53},"4":{"loc":{"start":{"line":64,"column":7},"end":{"line":68,"column":7}},"type":"binary-expr","locations":[{"start":{"line":64,"column":7},"end":{"line":64,"column":12}},{"start":{"line":65,"column":8},"end":{"line":67,"column":14}}],"line":64},"5":{"loc":{"start":{"line":122,"column":11},"end":{"line":124,"column":18}},"type":"cond-expr","locations":[{"start":{"line":123,"column":12},"end":{"line":123,"column":132}},{"start":{"line":124,"column":14},"end":{"line":124,"column":18}}],"line":122}},"s":{"0":0,"1":0,"2":0,"3":0,"4":0,"5":0,"6":0,"7":0,"8":0,"9":0,"10":0,"11":0,"12":0,"13":0,"14":0,"15":0,"16":0,"17":0,"18":0,"19":0,"20":0,"21":0,"22":0,"23":0,"24":0,"25":0,"26":0,"27":0,"28":0},"f":{"0":0,"1":0,"2":0,"3":0},"b":{"0":[0,0],"1":[0,0],"2":[0,0],"3":[0,0],"4":[0,0],"5":[0,0]}},"/app/fm-compta-consulting-frontend/src/components/RegisterForm.tsx":{"path":"/app/fm-compta-consulting-frontend/src/components/RegisterForm.tsx","statementMap":{"0":{"start":{"line":11,"column":21},"end":{"line":192,"column":1}},"1":{"start":{"line":12,"column":16},"end":{"line":12,"column":40}},"2":{"start":{"line":13,"column":26},"end":{"line":13,"column":38}},"3":{"start":{"line":14,"column":28},"end":{"line":14,"column":40}},"4":{"start":{"line":15,"column":34},"end":{"line":15,"column":46}},"5":{"start":{"line":16,"column":48},"end":{"line":16,"column":60}},"6":{"start":{"line":17,"column":36},"end":{"line":17,"column":51}},"7":{"start":{"line":18,"column":28},"end":{"line":18,"column":40}},"8":{"start":{"line":20,"column":23},"end":{"line":65,"column":3}},"9":{"start":{"line":21,"column":4},"end":{"line":21,"column":23}},"10":{"start":{"line":22,"column":4},"end":{"line":22,"column":23}},"11":{"start":{"line":23,"column":4},"end":{"line":23,"column":17}},"12":{"start":{"line":26,"column":4},"end":{"line":30,"column":5}},"13":{"start":{"line":27,"column":6},"end":{"line":27,"column":52}},"14":{"start":{"line":28,"column":6},"end":{"line":28,"column":26}},"15":{"start":{"line":29,"column":6},"end":{"line":29,"column":13}},"16":{"start":{"line":32,"column":4},"end":{"line":64,"column":5}},"17":{"start":{"line":34,"column":23},"end":{"line":40,"column":8}},"18":{"start":{"line":42,"column":19},"end":{"line":42,"column":40}},"19":{"start":{"line":44,"column":6},"end":{"line":46,"column":7}},"20":{"start":{"line":45,"column":8},"end":{"line":45,"column":77}},"21":{"start":{"line":49,"column":27},"end":{"line":53,"column":8}},"22":{"start":{"line":55,"column":6},"end":{"line":57,"column":7}},"23":{"start":{"line":56,"column":8},"end":{"line":56,"column":82}},"24":{"start":{"line":60,"column":6},"end":{"line":60,"column":16}},"25":{"start":{"line":62,"column":6},"end":{"line":62,"column":86}},"26":{"start":{"line":63,"column":6},"end":{"line":63,"column":26}},"27":{"start":{"line":67,"column":2},"end":{"line":191,"column":4}},"28":{"start":{"line":91,"column":31},"end":{"line":91,"column":54}},"29":{"start":{"line":113,"column":31},"end":{"line":113,"column":55}},"30":{"start":{"line":135,"column":31},"end":{"line":135,"column":58}},"31":{"start":{"line":157,"column":31},"end":{"line":157,"column":65}}},"fnMap":{"0":{"name":"(anonymous_0)","decl":{"start":{"line":11,"column":21},"end":{"line":11,"column":22}},"loc":{"start":{"line":11,"column":74},"end":{"line":192,"column":1}},"line":11},"1":{"name":"(anonymous_1)","decl":{"start":{"line":20,"column":23},"end":{"line":20,"column":24}},"loc":{"start":{"line":20,"column":53},"end":{"line":65,"column":3}},"line":20},"2":{"name":"(anonymous_2)","decl":{"start":{"line":91,"column":24},"end":{"line":91,"column":25}},"loc":{"start":{"line":91,"column":31},"end":{"line":91,"column":54}},"line":91},"3":{"name":"(anonymous_3)","decl":{"start":{"line":113,"column":24},"end":{"line":113,"column":25}},"loc":{"start":{"line":113,"column":31},"end":{"line":113,"column":55}},"line":113},"4":{"name":"(anonymous_4)","decl":{"start":{"line":135,"column":24},"end":{"line":135,"column":25}},"loc":{"start":{"line":135,"column":31},"end":{"line":135,"column":58}},"line":135},"5":{"name":"(anonymous_5)","decl":{"start":{"line":157,"column":24},"end":{"line":157,"column":25}},"loc":{"start":{"line":157,"column":31},"end":{"line":157,"column":65}},"line":157}},"branchMap":{"0":{"loc":{"start":{"line":26,"column":4},"end":{"line":30,"column":5}},"type":"if","locations":[{"start":{"line":26,"column":4},"end":{"line":30,"column":5}},{"start":{},"end":{}}],"line":26},"1":{"loc":{"start":{"line":44,"column":6},"end":{"line":46,"column":7}},"type":"if","locations":[{"start":{"line":44,"column":6},"end":{"line":46,"column":7}},{"start":{},"end":{}}],"line":44},"2":{"loc":{"start":{"line":45,"column":24},"end":{"line":45,"column":75}},"type":"binary-expr","locations":[{"start":{"line":45,"column":24},"end":{"line":45,"column":36}},{"start":{"line":45,"column":40},"end":{"line":45,"column":50}},{"start":{"line":45,"column":54},"end":{"line":45,"column":75}}],"line":45},"3":{"loc":{"start":{"line":55,"column":6},"end":{"line":57,"column":7}},"type":"if","locations":[{"start":{"line":55,"column":6},"end":{"line":57,"column":7}},{"start":{},"end":{}}],"line":55},"4":{"loc":{"start":{"line":56,"column":24},"end":{"line":56,"column":80}},"type":"binary-expr","locations":[{"start":{"line":56,"column":24},"end":{"line":56,"column":42}},{"start":{"line":56,"column":46},"end":{"line":56,"column":80}}],"line":56},"5":{"loc":{"start":{"line":62,"column":15},"end":{"line":62,"column":84}},"type":"cond-expr","locations":[{"start":{"line":62,"column":38},"end":{"line":62,"column":49}},{"start":{"line":62,"column":52},"end":{"line":62,"column":84}}],"line":62},"6":{"loc":{"start":{"line":69,"column":7},"end":{"line":73,"column":7}},"type":"binary-expr","locations":[{"start":{"line":69,"column":7},"end":{"line":69,"column":12}},{"start":{"line":70,"column":8},"end":{"line":72,"column":14}}],"line":69},"7":{"loc":{"start":{"line":171,"column":11},"end":{"line":173,"column":18}},"type":"cond-expr","locations":[{"start":{"line":172,"column":12},"end":{"line":172,"column":132}},{"start":{"line":173,"column":14},"end":{"line":173,"column":18}}],"line":171}},"s":{"0":0,"1":0,"2":0,"3":0,"4":0,"5":0,"6":0,"7":0,"8":0,"9":0,"10":0,"11":0,"12":0,"13":0,"14":0,"15":0,"16":0,"17":0,"18":0,"19":0,"20":0,"21":0,"22":0,"23":0,"24":0,"25":0,"26":0,"27":0,"28":0,"29":0,"30":0,"31":0},"f":{"0":0,"1":0,"2":0,"3":0,"4":0,"5":0},"b":{"0":[0,0],"1":[0,0],"2":[0,0,0],"3":[0,0],"4":[0,0],"5":[0,0],"6":[0,0],"7":[0,0]}},"/app/fm-compta-consulting-frontend/src/pages/auth/error.tsx":{"path":"/app/fm-compta-consulting-frontend/src/pages/auth/error.tsx","statementMap":{"0":{"start":{"line":11,"column":16},"end":{"line":11,"column":40}},"1":{"start":{"line":12,"column":17},"end":{"line":12,"column":28}},"2":{"start":{"line":13,"column":20},"end":{"line":13,"column":32}},"3":{"start":{"line":15,"column":26},"end":{"line":40,"column":3}},"4":{"start":{"line":16,"column":4},"end":{"line":39,"column":5}},"5":{"start":{"line":18,"column":8},"end":{"line":18,"column":51}},"6":{"start":{"line":20,"column":8},"end":{"line":20,"column":45}},"7":{"start":{"line":22,"column":8},"end":{"line":22,"column":46}},"8":{"start":{"line":28,"column":8},"end":{"line":28,"column":43}},"9":{"start":{"line":30,"column":8},"end":{"line":30,"column":49}},"10":{"start":{"line":32,"column":8},"end":{"line":32,"column":44}},"11":{"start":{"line":34,"column":8},"end":{"line":34,"column":50}},"12":{"start":{"line":36,"column":8},"end":{"line":36,"column":48}},"13":{"start":{"line":38,"column":8},"end":{"line":38,"column":40}},"14":{"start":{"line":42,"column":2},"end":{"line":68,"column":4}},"15":{"start":{"line":71,"column":54},"end":{"line":77,"column":1}},"16":{"start":{"line":72,"column":2},"end":{"line":76,"column":4}}},"fnMap":{"0":{"name":"AuthError","decl":{"start":{"line":10,"column":24},"end":{"line":10,"column":33}},"loc":{"start":{"line":10,"column":36},"end":{"line":69,"column":1}},"line":10},"1":{"name":"(anonymous_1)","decl":{"start":{"line":15,"column":26},"end":{"line":15,"column":27}},"loc":{"start":{"line":15,"column":32},"end":{"line":40,"column":3}},"line":15},"2":{"name":"(anonymous_2)","decl":{"start":{"line":71,"column":54},"end":{"line":71,"column":55}},"loc":{"start":{"line":71,"column":76},"end":{"line":77,"column":1}},"line":71}},"branchMap":{"0":{"loc":{"start":{"line":16,"column":4},"end":{"line":39,"column":5}},"type":"switch","locations":[{"start":{"line":17,"column":6},"end":{"line":18,"column":51}},{"start":{"line":19,"column":6},"end":{"line":20,"column":45}},{"start":{"line":21,"column":6},"end":{"line":22,"column":46}},{"start":{"line":23,"column":6},"end":{"line":23,"column":25}},{"start":{"line":24,"column":6},"end":{"line":24,"column":27}},{"start":{"line":25,"column":6},"end":{"line":25,"column":32}},{"start":{"line":26,"column":6},"end":{"line":26,"column":32}},{"start":{"line":27,"column":6},"end":{"line":28,"column":43}},{"start":{"line":29,"column":6},"end":{"line":30,"column":49}},{"start":{"line":31,"column":6},"end":{"line":32,"column":44}},{"start":{"line":33,"column":6},"end":{"line":34,"column":50}},{"start":{"line":35,"column":6},"end":{"line":36,"column":48}},{"start":{"line":37,"column":6},"end":{"line":38,"column":40}}],"line":16},"1":{"loc":{"start":{"line":74,"column":39},"end":{"line":74,"column":53}},"type":"binary-expr","locations":[{"start":{"line":74,"column":39},"end":{"line":74,"column":45}},{"start":{"line":74,"column":49},"end":{"line":74,"column":53}}],"line":74}},"s":{"0":0,"1":0,"2":0,"3":0,"4":0,"5":0,"6":0,"7":0,"8":0,"9":0,"10":0,"11":0,"12":0,"13":0,"14":0,"15":0,"16":0},"f":{"0":0,"1":0,"2":0},"b":{"0":[0,0,0,0,0,0,0,0,0,0,0,0,0],"1":[0,0]}},"/app/fm-compta-consulting-frontend/src/pages/index.tsx":{"path":"/app/fm-compta-consulting-frontend/src/pages/index.tsx","statementMap":{"0":{"start":{"line":22,"column":16},"end":{"line":22,"column":40}},"1":{"start":{"line":23,"column":17},"end":{"line":23,"column":28}},"2":{"start":{"line":25,"column":2},"end":{"line":414,"column":4}},"3":{"start":{"line":417,"column":46},"end":{"line":423,"column":1}},"4":{"start":{"line":418,"column":2},"end":{"line":422,"column":4}}},"fnMap":{"0":{"name":"Home","decl":{"start":{"line":21,"column":24},"end":{"line":21,"column":28}},"loc":{"start":{"line":21,"column":31},"end":{"line":415,"column":1}},"line":21},"1":{"name":"(anonymous_1)","decl":{"start":{"line":417,"column":46},"end":{"line":417,"column":47}},"loc":{"start":{"line":417,"column":68},"end":{"line":423,"column":1}},"line":417}},"branchMap":{"0":{"loc":{"start":{"line":420,"column":39},"end":{"line":420,"column":53}},"type":"binary-expr","locations":[{"start":{"line":420,"column":39},"end":{"line":420,"column":45}},{"start":{"line":420,"column":49},"end":{"line":420,"column":53}}],"line":420}},"s":{"0":0,"1":0,"2":0,"3":0,"4":0},"f":{"0":0,"1":0},"b":{"0":[0,0]}},"/app/fm-compta-consulting-frontend/src/lib/api.ts":{"path":"/app/fm-compta-consulting-frontend/src/lib/api.ts","statementMap":{"0":{"start":{"line":21,"column":17},"end":{"line":21,"column":68}},"1":{"start":{"line":22,"column":27},"end":{"line":22,"column":36}},"2":{"start":{"line":25,"column":17},"end":{"line":38,"column":1}},"3":{"start":{"line":26,"column":2},"end":{"line":26,"column":26}},"4":{"start":{"line":26,"column":15},"end":{"line":26,"column":26}},"5":{"start":{"line":28,"column":23},"end":{"line":28,"column":44}},"6":{"start":{"line":30,"column":2},"end":{"line":34,"column":5}},"7":{"start":{"line":31,"column":4},"end":{"line":33,"column":5}},"8":{"start":{"line":32,"column":6},"end":{"line":32,"column":43}},"9":{"start":{"line":36,"column":22},"end":{"line":36,"column":45}},"10":{"start":{"line":37,"column":2},"end":{"line":37,"column":53}},"11":{"start":{"line":43,"column":21},"end":{"line":49,"column":1}},"12":{"start":{"line":44,"column":25},"end":{"line":44,"column":47}},"13":{"start":{"line":45,"column":2},"end":{"line":47,"column":3}},"14":{"start":{"line":46,"column":4},"end":{"line":46,"column":58}},"15":{"start":{"line":48,"column":2},"end":{"line":48,"column":14}},"16":{"start":{"line":54,"column":20},"end":{"line":56,"column":1}},"17":{"start":{"line":55,"column":2},"end":{"line":55,"column":58}},"18":{"start":{"line":61,"column":24},"end":{"line":83,"column":1}},"19":{"start":{"line":62,"column":22},"end":{"line":62,"column":58}},"20":{"start":{"line":64,"column":17},"end":{"line":64,"column":58}},"21":{"start":{"line":65,"column":15},"end":{"line":65,"column":69}},"22":{"start":{"line":68,"column":41},"end":{"line":68,"column":50}},"23":{"start":{"line":69,"column":2},"end":{"line":76,"column":3}},"24":{"start":{"line":71,"column":4},"end":{"line":75,"column":5}},"25":{"start":{"line":72,"column":6},"end":{"line":72,"column":32}},"26":{"start":{"line":74,"column":6},"end":{"line":74,"column":41}},"27":{"start":{"line":78,"column":2},"end":{"line":82,"column":4}},"28":{"start":{"line":88,"column":25},"end":{"line":98,"column":1}},"29":{"start":{"line":89,"column":2},"end":{"line":91,"column":3}},"30":{"start":{"line":90,"column":4},"end":{"line":90,"column":85}},"31":{"start":{"line":93,"column":2},"end":{"line":97,"column":4}},"32":{"start":{"line":103,"column":21},"end":{"line":127,"column":1}},"33":{"start":{"line":108,"column":21},"end":{"line":108,"column":42}},"34":{"start":{"line":109,"column":20},"end":{"line":109,"column":65}},"35":{"start":{"line":109,"column":37},"end":{"line":109,"column":55}},"36":{"start":{"line":111,"column":2},"end":{"line":126,"column":3}},"37":{"start":{"line":112,"column":21},"end":{"line":119,"column":6}},"38":{"start":{"line":121,"column":4},"end":{"line":121,"column":28}},"39":{"start":{"line":122,"column":4},"end":{"line":122,"column":46}},"40":{"start":{"line":124,"column":4},"end":{"line":124,"column":28}},"41":{"start":{"line":125,"column":4},"end":{"line":125,"column":38}},"42":{"start":{"line":134,"column":61},"end":{"line":134,"column":68}},"43":{"start":{"line":137,"column":18},"end":{"line":137,"column":39}},"44":{"start":{"line":140,"column":19},"end":{"line":140,"column":63}},"45":{"start":{"line":141,"column":19},"end":{"line":141,"column":65}},"46":{"start":{"line":143,"column":2},"end":{"line":146,"column":3}},"47":{"start":{"line":144,"column":25},"end":{"line":144,"column":50}},"48":{"start":{"line":145,"column":4},"end":{"line":145,"column":42}},"49":{"start":{"line":145,"column":22},"end":{"line":145,"column":42}},"50":{"start":{"line":148,"column":17},"end":{"line":148,"column":70}},"51":{"start":{"line":151,"column":2},"end":{"line":153,"column":3}},"52":{"start":{"line":152,"column":4},"end":{"line":152,"column":39}},"53":{"start":{"line":155,"column":2},"end":{"line":155,"column":16}},"54":{"start":{"line":159,"column":19},"end":{"line":171,"column":1}},"55":{"start":{"line":161,"column":4},"end":{"line":161,"column":51}},"56":{"start":{"line":164,"column":4},"end":{"line":164,"column":80}},"57":{"start":{"line":167,"column":4},"end":{"line":167,"column":79}},"58":{"start":{"line":170,"column":4},"end":{"line":170,"column":54}}},"fnMap":{"0":{"name":"(anonymous_0)","decl":{"start":{"line":25,"column":17},"end":{"line":25,"column":18}},"loc":{"start":{"line":25,"column":106},"end":{"line":38,"column":1}},"line":25},"1":{"name":"(anonymous_1)","decl":{"start":{"line":30,"column":33},"end":{"line":30,"column":34}},"loc":{"start":{"line":30,"column":51},"end":{"line":34,"column":3}},"line":30},"2":{"name":"(anonymous_2)","decl":{"start":{"line":43,"column":21},"end":{"line":43,"column":22}},"loc":{"start":{"line":43,"column":69},"end":{"line":49,"column":1}},"line":43},"3":{"name":"(anonymous_3)","decl":{"start":{"line":54,"column":20},"end":{"line":54,"column":21}},"loc":{"start":{"line":54,"column":60},"end":{"line":56,"column":1}},"line":54},"4":{"name":"(anonymous_4)","decl":{"start":{"line":61,"column":24},"end":{"line":61,"column":25}},"loc":{"start":{"line":61,"column":82},"end":{"line":83,"column":1}},"line":61},"5":{"name":"(anonymous_5)","decl":{"start":{"line":88,"column":25},"end":{"line":88,"column":26}},"loc":{"start":{"line":88,"column":64},"end":{"line":98,"column":1}},"line":88},"6":{"name":"(anonymous_6)","decl":{"start":{"line":103,"column":21},"end":{"line":103,"column":22}},"loc":{"start":{"line":107,"column":30},"end":{"line":127,"column":1}},"line":107},"7":{"name":"(anonymous_7)","decl":{"start":{"line":109,"column":31},"end":{"line":109,"column":32}},"loc":{"start":{"line":109,"column":37},"end":{"line":109,"column":55}},"line":109},"8":{"name":"fetchApi","decl":{"start":{"line":130,"column":22},"end":{"line":130,"column":30}},"loc":{"start":{"line":133,"column":27},"end":{"line":156,"column":1}},"line":133},"9":{"name":"(anonymous_9)","decl":{"start":{"line":160,"column":7},"end":{"line":160,"column":8}},"loc":{"start":{"line":161,"column":4},"end":{"line":161,"column":51}},"line":161},"10":{"name":"(anonymous_10)","decl":{"start":{"line":163,"column":8},"end":{"line":163,"column":9}},"loc":{"start":{"line":164,"column":4},"end":{"line":164,"column":80}},"line":164},"11":{"name":"(anonymous_11)","decl":{"start":{"line":166,"column":7},"end":{"line":166,"column":8}},"loc":{"start":{"line":167,"column":4},"end":{"line":167,"column":79}},"line":167},"12":{"name":"(anonymous_12)","decl":{"start":{"line":169,"column":10},"end":{"line":169,"column":11}},"loc":{"start":{"line":170,"column":4},"end":{"line":170,"column":54}},"line":170}},"branchMap":{"0":{"loc":{"start":{"line":26,"column":2},"end":{"line":26,"column":26}},"type":"if","locations":[{"start":{"line":26,"column":2},"end":{"line":26,"column":26}},{"start":{},"end":{}}],"line":26},"1":{"loc":{"start":{"line":31,"column":4},"end":{"line":33,"column":5}},"type":"if","locations":[{"start":{"line":31,"column":4},"end":{"line":33,"column":5}},{"start":{},"end":{}}],"line":31},"2":{"loc":{"start":{"line":37,"column":9},"end":{"line":37,"column":52}},"type":"cond-expr","locations":[{"start":{"line":37,"column":23},"end":{"line":37,"column":46}},{"start":{"line":37,"column":49},"end":{"line":37,"column":52}}],"line":37},"3":{"loc":{"start":{"line":45,"column":2},"end":{"line":47,"column":3}},"type":"if","locations":[{"start":{"line":45,"column":2},"end":{"line":47,"column":3}},{"start":{},"end":{}}],"line":45},"4":{"loc":{"start":{"line":45,"column":6},"end":{"line":45,"column":82}},"type":"binary-expr","locations":[{"start":{"line":45,"column":6},"end":{"line":45,"column":20}},{"start":{"line":45,"column":24},"end":{"line":45,"column":82}}],"line":45},"5":{"loc":{"start":{"line":65,"column":15},"end":{"line":65,"column":69}},"type":"cond-expr","locations":[{"start":{"line":65,"column":24},"end":{"line":65,"column":45}},{"start":{"line":65,"column":48},"end":{"line":65,"column":69}}],"line":65},"6":{"loc":{"start":{"line":69,"column":2},"end":{"line":76,"column":3}},"type":"if","locations":[{"start":{"line":69,"column":2},"end":{"line":76,"column":3}},{"start":{},"end":{}}],"line":69},"7":{"loc":{"start":{"line":71,"column":4},"end":{"line":75,"column":5}},"type":"if","locations":[{"start":{"line":71,"column":4},"end":{"line":75,"column":5}},{"start":{"line":73,"column":11},"end":{"line":75,"column":5}}],"line":71},"8":{"loc":{"start":{"line":71,"column":8},"end":{"line":71,"column":29}},"type":"binary-expr","locations":[{"start":{"line":71,"column":8},"end":{"line":71,"column":14}},{"start":{"line":71,"column":18},"end":{"line":71,"column":29}}],"line":71},"9":{"loc":{"start":{"line":89,"column":2},"end":{"line":91,"column":3}},"type":"if","locations":[{"start":{"line":89,"column":2},"end":{"line":91,"column":3}},{"start":{},"end":{}}],"line":89},"10":{"loc":{"start":{"line":89,"column":6},"end":{"line":89,"column":66}},"type":"binary-expr","locations":[{"start":{"line":89,"column":6},"end":{"line":89,"column":35}},{"start":{"line":89,"column":39},"end":{"line":89,"column":66}}],"line":89},"11":{"loc":{"start":{"line":95,"column":11},"end":{"line":95,"column":67}},"type":"cond-expr","locations":[{"start":{"line":95,"column":36},"end":{"line":95,"column":49}},{"start":{"line":95,"column":52},"end":{"line":95,"column":67}}],"line":95},"12":{"loc":{"start":{"line":132,"column":2},"end":{"line":132,"column":28}},"type":"default-arg","locations":[{"start":{"line":132,"column":26},"end":{"line":132,"column":28}}],"line":132},"13":{"loc":{"start":{"line":134,"column":25},"end":{"line":134,"column":39}},"type":"default-arg","locations":[{"start":{"line":134,"column":35},"end":{"line":134,"column":39}}],"line":134},"14":{"loc":{"start":{"line":140,"column":22},"end":{"line":140,"column":50}},"type":"binary-expr","locations":[{"start":{"line":140,"column":22},"end":{"line":140,"column":41}},{"start":{"line":140,"column":45},"end":{"line":140,"column":50}}],"line":140},"15":{"loc":{"start":{"line":141,"column":19},"end":{"line":141,"column":65}},"type":"binary-expr","locations":[{"start":{"line":141,"column":19},"end":{"line":141,"column":33}},{"start":{"line":141,"column":37},"end":{"line":141,"column":65}}],"line":141},"16":{"loc":{"start":{"line":143,"column":2},"end":{"line":146,"column":3}},"type":"if","locations":[{"start":{"line":143,"column":2},"end":{"line":146,"column":3}},{"start":{},"end":{}}],"line":143},"17":{"loc":{"start":{"line":143,"column":6},"end":{"line":143,"column":47}},"type":"binary-expr","locations":[{"start":{"line":143,"column":6},"end":{"line":143,"column":35}},{"start":{"line":143,"column":39},"end":{"line":143,"column":47}}],"line":143},"18":{"loc":{"start":{"line":145,"column":4},"end":{"line":145,"column":42}},"type":"if","locations":[{"start":{"line":145,"column":4},"end":{"line":145,"column":42}},{"start":{},"end":{}}],"line":145},"19":{"loc":{"start":{"line":151,"column":2},"end":{"line":153,"column":3}},"type":"if","locations":[{"start":{"line":151,"column":2},"end":{"line":153,"column":3}},{"start":{},"end":{}}],"line":151},"20":{"loc":{"start":{"line":151,"column":6},"end":{"line":151,"column":76}},"type":"binary-expr","locations":[{"start":{"line":151,"column":6},"end":{"line":151,"column":35}},{"start":{"line":151,"column":39},"end":{"line":151,"column":64}},{"start":{"line":151,"column":68},"end":{"line":151,"column":76}}],"line":151}},"s":{"0":0,"1":0,"2":0,"3":0,"4":0,"5":0,"6":0,"7":0,"8":0,"9":0,"10":0,"11":0,"12":0,"13":0,"14":0,"15":0,"16":0,"17":0,"18":0,"19":0,"20":0,"21":0,"22":0,"23":0,"24":0,"25":0,"26":0,"27":0,"28":0,"29":0,"30":0,"31":0,"32":0,"33":0,"34":0,"35":0,"36":0,"37":0,"38":0,"39":0,"40":0,"41":0,"42":0,"43":0,"44":0,"45":0,"46":0,"47":0,"48":0,"49":0,"50":0,"51":0,"52":0,"53":0,"54":0,"55":0,"56":0,"57":0,"58":0},"f":{"0":0,"1":0,"2":0,"3":0,"4":0,"5":0,"6":0,"7":0,"8":0,"9":0,"10":0,"11":0,"12":0},"b":{"0":[0,0],"1":[0,0],"2":[0,0],"3":[0,0],"4":[0,0],"5":[0,0],"6":[0,0],"7":[0,0],"8":[0,0],"9":[0,0],"10":[0,0],"11":[0,0],"12":[0],"13":[0],"14":[0,0],"15":[0,0],"16":[0,0],"17":[0,0],"18":[0,0],"19":[0,0],"20":[0,0,0]}},"/app/fm-compta-consulting-frontend/src/pages/admin/calendar.tsx":{"path":"/app/fm-compta-consulting-frontend/src/pages/admin/calendar.tsx","statementMap":{"0":{"start":{"line":29,"column":16},"end":{"line":29,"column":40}},"1":{"start":{"line":30,"column":28},"end":{"line":30,"column":40}},"2":{"start":{"line":31,"column":17},"end":{"line":31,"column":28}},"3":{"start":{"line":32,"column":42},"end":{"line":32,"column":62}},"4":{"start":{"line":33,"column":36},"end":{"line":33,"column":50}},"5":{"start":{"line":34,"column":28},"end":{"line":34,"column":40}},"6":{"start":{"line":35,"column":42},"end":{"line":35,"column":77}},"7":{"start":{"line":37,"column":2},"end":{"line":41,"column":16}},"8":{"start":{"line":38,"column":4},"end":{"line":40,"column":5}},"9":{"start":{"line":39,"column":6},"end":{"line":39,"column":26}},"10":{"start":{"line":43,"column":28},"end":{"line":80,"column":3}},"11":{"start":{"line":44,"column":4},"end":{"line":79,"column":5}},"12":{"start":{"line":45,"column":6},"end":{"line":45,"column":25}},"13":{"start":{"line":46,"column":23},"end":{"line":46,"column":61}},"14":{"start":{"line":48,"column":6},"end":{"line":50,"column":7}},"15":{"start":{"line":49,"column":8},"end":{"line":49,"column":56}},"16":{"start":{"line":52,"column":19},"end":{"line":52,"column":40}},"17":{"start":{"line":55,"column":32},"end":{"line":55,"column":55}},"18":{"start":{"line":58,"column":28},"end":{"line":73,"column":8}},"19":{"start":{"line":60,"column":23},"end":{"line":60,"column":47}},"20":{"start":{"line":61,"column":8},"end":{"line":72,"column":10}},"21":{"start":{"line":74,"column":6},"end":{"line":74,"column":37}},"22":{"start":{"line":76,"column":6},"end":{"line":76,"column":73}},"23":{"start":{"line":78,"column":6},"end":{"line":78,"column":26}},"24":{"start":{"line":82,"column":20},"end":{"line":84,"column":3}},"25":{"start":{"line":83,"column":4},"end":{"line":83,"column":48}},"26":{"start":{"line":86,"column":20},"end":{"line":88,"column":3}},"27":{"start":{"line":87,"column":4},"end":{"line":87,"column":48}},"28":{"start":{"line":90,"column":21},"end":{"line":90,"column":47}},"29":{"start":{"line":91,"column":19},"end":{"line":91,"column":43}},"30":{"start":{"line":92,"column":20},"end":{"line":92,"column":75}},"31":{"start":{"line":95,"column":29},"end":{"line":100,"column":20}},"32":{"start":{"line":96,"column":4},"end":{"line":99,"column":8}},"33":{"start":{"line":96,"column":44},"end":{"line":99,"column":5}},"34":{"start":{"line":103,"column":32},"end":{"line":107,"column":3}},"35":{"start":{"line":104,"column":4},"end":{"line":106,"column":6}},"36":{"start":{"line":105,"column":6},"end":{"line":105,"column":54}},"37":{"start":{"line":110,"column":25},"end":{"line":119,"column":3}},"38":{"start":{"line":111,"column":4},"end":{"line":118,"column":5}},"39":{"start":{"line":113,"column":8},"end":{"line":113,"column":30}},"40":{"start":{"line":115,"column":8},"end":{"line":115,"column":28}},"41":{"start":{"line":117,"column":8},"end":{"line":117,"column":31}},"42":{"start":{"line":122,"column":2},"end":{"line":125,"column":3}},"43":{"start":{"line":123,"column":4},"end":{"line":123,"column":21}},"44":{"start":{"line":124,"column":4},"end":{"line":124,"column":16}},"45":{"start":{"line":127,"column":2},"end":{"line":145,"column":3}},"46":{"start":{"line":128,"column":4},"end":{"line":144,"column":6}},"47":{"start":{"line":147,"column":2},"end":{"line":228,"column":4}},"48":{"start":{"line":188,"column":18},"end":{"line":190,"column":24}},"49":{"start":{"line":196,"column":18},"end":{"line":196,"column":82}},"50":{"start":{"line":201,"column":42},"end":{"line":201,"column":68}},"51":{"start":{"line":202,"column":18},"end":{"line":220,"column":20}},"52":{"start":{"line":208,"column":28},"end":{"line":215,"column":34}},"53":{"start":{"line":231,"column":54},"end":{"line":249,"column":1}},"54":{"start":{"line":232,"column":18},"end":{"line":232,"column":43}},"55":{"start":{"line":235,"column":2},"end":{"line":242,"column":3}},"56":{"start":{"line":236,"column":4},"end":{"line":241,"column":6}},"57":{"start":{"line":244,"column":2},"end":{"line":248,"column":4}}},"fnMap":{"0":{"name":"AdminCalendar","decl":{"start":{"line":28,"column":24},"end":{"line":28,"column":37}},"loc":{"start":{"line":28,"column":40},"end":{"line":229,"column":1}},"line":28},"1":{"name":"(anonymous_1)","decl":{"start":{"line":37,"column":12},"end":{"line":37,"column":13}},"loc":{"start":{"line":37,"column":18},"end":{"line":41,"column":3}},"line":37},"2":{"name":"(anonymous_2)","decl":{"start":{"line":43,"column":28},"end":{"line":43,"column":29}},"loc":{"start":{"line":43,"column":40},"end":{"line":80,"column":3}},"line":43},"3":{"name":"(anonymous_3)","decl":{"start":{"line":58,"column":50},"end":{"line":58,"column":51}},"loc":{"start":{"line":58,"column":72},"end":{"line":73,"column":7}},"line":58},"4":{"name":"(anonymous_4)","decl":{"start":{"line":82,"column":20},"end":{"line":82,"column":21}},"loc":{"start":{"line":82,"column":26},"end":{"line":84,"column":3}},"line":82},"5":{"name":"(anonymous_5)","decl":{"start":{"line":86,"column":20},"end":{"line":86,"column":21}},"loc":{"start":{"line":86,"column":26},"end":{"line":88,"column":3}},"line":86},"6":{"name":"(anonymous_6)","decl":{"start":{"line":95,"column":37},"end":{"line":95,"column":38}},"loc":{"start":{"line":95,"column":43},"end":{"line":100,"column":3}},"line":95},"7":{"name":"(anonymous_7)","decl":{"start":{"line":96,"column":28},"end":{"line":96,"column":29}},"loc":{"start":{"line":96,"column":44},"end":{"line":99,"column":5}},"line":96},"8":{"name":"(anonymous_8)","decl":{"start":{"line":103,"column":32},"end":{"line":103,"column":33}},"loc":{"start":{"line":103,"column":47},"end":{"line":107,"column":3}},"line":103},"9":{"name":"(anonymous_9)","decl":{"start":{"line":104,"column":37},"end":{"line":104,"column":38}},"loc":{"start":{"line":105,"column":6},"end":{"line":105,"column":54}},"line":105},"10":{"name":"(anonymous_10)","decl":{"start":{"line":110,"column":25},"end":{"line":110,"column":26}},"loc":{"start":{"line":110,"column":45},"end":{"line":119,"column":3}},"line":110},"11":{"name":"(anonymous_11)","decl":{"start":{"line":187,"column":71},"end":{"line":187,"column":72}},"loc":{"start":{"line":188,"column":18},"end":{"line":190,"column":24}},"line":188},"12":{"name":"(anonymous_12)","decl":{"start":{"line":195,"column":103},"end":{"line":195,"column":104}},"loc":{"start":{"line":196,"column":18},"end":{"line":196,"column":82}},"line":196},"13":{"name":"(anonymous_13)","decl":{"start":{"line":200,"column":31},"end":{"line":200,"column":32}},"loc":{"start":{"line":200,"column":40},"end":{"line":221,"column":17}},"line":200},"14":{"name":"(anonymous_14)","decl":{"start":{"line":207,"column":47},"end":{"line":207,"column":48}},"loc":{"start":{"line":208,"column":28},"end":{"line":215,"column":34}},"line":208},"15":{"name":"(anonymous_15)","decl":{"start":{"line":231,"column":54},"end":{"line":231,"column":55}},"loc":{"start":{"line":231,"column":81},"end":{"line":249,"column":1}},"line":231}},"branchMap":{"0":{"loc":{"start":{"line":38,"column":4},"end":{"line":40,"column":5}},"type":"if","locations":[{"start":{"line":38,"column":4},"end":{"line":40,"column":5}},{"start":{},"end":{}}],"line":38},"1":{"loc":{"start":{"line":48,"column":6},"end":{"line":50,"column":7}},"type":"if","locations":[{"start":{"line":48,"column":6},"end":{"line":50,"column":7}},{"start":{},"end":{}}],"line":48},"2":{"loc":{"start":{"line":55,"column":32},"end":{"line":55,"column":55}},"type":"binary-expr","locations":[{"start":{"line":55,"column":32},"end":{"line":55,"column":49}},{"start":{"line":55,"column":53},"end":{"line":55,"column":55}}],"line":55},"3":{"loc":{"start":{"line":60,"column":23},"end":{"line":60,"column":47}},"type":"binary-expr","locations":[{"start":{"line":60,"column":23},"end":{"line":60,"column":41}},{"start":{"line":60,"column":45},"end":{"line":60,"column":47}}],"line":60},"4":{"loc":{"start":{"line":68,"column":16},"end":{"line":68,"column":32}},"type":"binary-expr","locations":[{"start":{"line":68,"column":16},"end":{"line":68,"column":26}},{"start":{"line":68,"column":30},"end":{"line":68,"column":32}}],"line":68},"5":{"loc":{"start":{"line":69,"column":18},"end":{"line":69,"column":38}},"type":"binary-expr","locations":[{"start":{"line":69,"column":18},"end":{"line":69,"column":29}},{"start":{"line":69,"column":33},"end":{"line":69,"column":38}}],"line":69},"6":{"loc":{"start":{"line":70,"column":19},"end":{"line":70,"column":40}},"type":"binary-expr","locations":[{"start":{"line":70,"column":19},"end":{"line":70,"column":31}},{"start":{"line":70,"column":35},"end":{"line":70,"column":40}}],"line":70},"7":{"loc":{"start":{"line":76,"column":15},"end":{"line":76,"column":71}},"type":"cond-expr","locations":[{"start":{"line":76,"column":38},"end":{"line":76,"column":49}},{"start":{"line":76,"column":52},"end":{"line":76,"column":71}}],"line":76},"8":{"loc":{"start":{"line":111,"column":4},"end":{"line":118,"column":5}},"type":"switch","locations":[{"start":{"line":112,"column":6},"end":{"line":113,"column":30}},{"start":{"line":114,"column":6},"end":{"line":115,"column":28}},{"start":{"line":116,"column":6},"end":{"line":117,"column":31}}],"line":111},"9":{"loc":{"start":{"line":122,"column":2},"end":{"line":125,"column":3}},"type":"if","locations":[{"start":{"line":122,"column":2},"end":{"line":125,"column":3}},{"start":{},"end":{}}],"line":122},"10":{"loc":{"start":{"line":122,"column":6},"end":{"line":122,"column":46}},"type":"binary-expr","locations":[{"start":{"line":122,"column":6},"end":{"line":122,"column":13}},{"start":{"line":122,"column":17},"end":{"line":122,"column":46}}],"line":122},"11":{"loc":{"start":{"line":127,"column":2},"end":{"line":145,"column":3}},"type":"if","locations":[{"start":{"line":127,"column":2},"end":{"line":145,"column":3}},{"start":{},"end":{}}],"line":127},"12":{"loc":{"start":{"line":158,"column":11},"end":{"line":162,"column":11}},"type":"binary-expr","locations":[{"start":{"line":158,"column":11},"end":{"line":158,"column":16}},{"start":{"line":159,"column":12},"end":{"line":161,"column":18}}],"line":158},"13":{"loc":{"start":{"line":179,"column":11},"end":{"line":224,"column":11}},"type":"cond-expr","locations":[{"start":{"line":180,"column":12},"end":{"line":183,"column":18}},{"start":{"line":185,"column":12},"end":{"line":223,"column":18}}],"line":179},"14":{"loc":{"start":{"line":195,"column":39},"end":{"line":195,"column":94}},"type":"cond-expr","locations":[{"start":{"line":195,"column":67},"end":{"line":195,"column":68}},{"start":{"line":195,"column":71},"end":{"line":195,"column":94}}],"line":195},"15":{"loc":{"start":{"line":205,"column":23},"end":{"line":218,"column":30}},"type":"cond-expr","locations":[{"start":{"line":206,"column":24},"end":{"line":217,"column":30}},{"start":{"line":218,"column":26},"end":{"line":218,"column":30}}],"line":205},"16":{"loc":{"start":{"line":235,"column":2},"end":{"line":242,"column":3}},"type":"if","locations":[{"start":{"line":235,"column":2},"end":{"line":242,"column":3}},{"start":{},"end":{}}],"line":235},"17":{"loc":{"start":{"line":235,"column":6},"end":{"line":235,"column":47}},"type":"binary-expr","locations":[{"start":{"line":235,"column":6},"end":{"line":235,"column":14}},{"start":{"line":235,"column":18},"end":{"line":235,"column":47}}],"line":235},"18":{"loc":{"start":{"line":246,"column":39},"end":{"line":246,"column":53}},"type":"binary-expr","locations":[{"start":{"line":246,"column":39},"end":{"line":246,"column":45}},{"start":{"line":246,"column":49},"end":{"line":246,"column":53}}],"line":246}},"s":{"0":0,"1":0,"2":0,"3":0,"4":0,"5":0,"6":0,"7":0,"8":0,"9":0,"10":0,"11":0,"12":0,"13":0,"14":0,"15":0,"16":0,"17":0,"18":0,"19":0,"20":0,"21":0,"22":0,"23":0,"24":0,"25":0,"26":0,"27":0,"28":0,"29":0,"30":0,"31":0,"32":0,"33":0,"34":0,"35":0,"36":0,"37":0,"38":0,"39":0,"40":0,"41":0,"42":0,"43":0,"44":0,"45":0,"46":0,"47":0,"48":0,"49":0,"50":0,"51":0,"52":0,"53":0,"54":0,"55":0,"56":0,"57":0},"f":{"0":0,"1":0,"2":0,"3":0,"4":0,"5":0,"6":0,"7":0,"8":0,"9":0,"10":0,"11":0,"12":0,"13":0,"14":0,"15":0},"b":{"0":[0,0],"1":[0,0],"2":[0,0],"3":[0,0],"4":[0,0],"5":[0,0],"6":[0,0],"7":[0,0],"8":[0,0,0],"9":[0,0],"10":[0,0],"11":[0,0],"12":[0,0],"13":[0,0],"14":[0,0],"15":[0,0],"16":[0,0],"17":[0,0],"18":[0,0]}},"/app/fm-compta-consulting-frontend/src/pages/api/appointments.ts":{"path":"/app/fm-compta-consulting-frontend/src/pages/api/appointments.ts","statementMap":{"0":{"start":{"line":10,"column":4},"end":{"line":18,"column":5}},"1":{"start":{"line":11,"column":8},"end":{"line":11,"column":92}},"2":{"start":{"line":12,"column":29},"end":{"line":12,"column":89}},"3":{"start":{"line":13,"column":8},"end":{"line":13,"column":112}},"4":{"start":{"line":14,"column":8},"end":{"line":14,"column":50}},"5":{"start":{"line":16,"column":8},"end":{"line":16,"column":104}},"6":{"start":{"line":17,"column":8},"end":{"line":17,"column":100}},"7":{"start":{"line":23,"column":4},"end":{"line":68,"column":5}},"8":{"start":{"line":24,"column":39},"end":{"line":24,"column":43}},"9":{"start":{"line":25,"column":8},"end":{"line":25,"column":106}},"10":{"start":{"line":28,"column":8},"end":{"line":31,"column":9}},"11":{"start":{"line":29,"column":12},"end":{"line":29,"column":107}},"12":{"start":{"line":30,"column":12},"end":{"line":30,"column":112}},"13":{"start":{"line":34,"column":31},"end":{"line":34,"column":56}},"14":{"start":{"line":35,"column":32},"end":{"line":35,"column":56}},"15":{"start":{"line":37,"column":8},"end":{"line":40,"column":9}},"16":{"start":{"line":38,"column":12},"end":{"line":38,"column":115}},"17":{"start":{"line":39,"column":12},"end":{"line":39,"column":96}},"18":{"start":{"line":43,"column":8},"end":{"line":46,"column":9}},"19":{"start":{"line":44,"column":12},"end":{"line":44,"column":129}},"20":{"start":{"line":45,"column":12},"end":{"line":45,"column":107}},"21":{"start":{"line":48,"column":31},"end":{"line":53,"column":10}},"22":{"start":{"line":55,"column":8},"end":{"line":55,"column":119}},"23":{"start":{"line":56,"column":8},"end":{"line":56,"column":36}},"24":{"start":{"line":57,"column":8},"end":{"line":57,"column":125}},"25":{"start":{"line":59,"column":8},"end":{"line":59,"column":52}},"26":{"start":{"line":61,"column":8},"end":{"line":61,"column":104}},"27":{"start":{"line":62,"column":8},"end":{"line":66,"column":9}},"28":{"start":{"line":63,"column":36},"end":{"line":63,"column":48}},"29":{"start":{"line":64,"column":12},"end":{"line":64,"column":122}},"30":{"start":{"line":65,"column":12},"end":{"line":65,"column":104}},"31":{"start":{"line":67,"column":8},"end":{"line":67,"column":99}},"32":{"start":{"line":75,"column":20},"end":{"line":75,"column":65}},"33":{"start":{"line":78,"column":4},"end":{"line":81,"column":5}},"34":{"start":{"line":79,"column":8},"end":{"line":79,"column":72}},"35":{"start":{"line":80,"column":8},"end":{"line":80,"column":87}},"36":{"start":{"line":83,"column":19},"end":{"line":83,"column":34}},"37":{"start":{"line":84,"column":4},"end":{"line":84,"column":102}},"38":{"start":{"line":86,"column":4},"end":{"line":109,"column":5}},"39":{"start":{"line":88,"column":8},"end":{"line":88,"column":26}},"40":{"start":{"line":89,"column":8},"end":{"line":89,"column":76}},"41":{"start":{"line":91,"column":8},"end":{"line":105,"column":9}},"42":{"start":{"line":94,"column":16},"end":{"line":94,"column":58}},"43":{"start":{"line":98,"column":16},"end":{"line":98,"column":70}},"44":{"start":{"line":102,"column":16},"end":{"line":102,"column":104}},"45":{"start":{"line":103,"column":16},"end":{"line":103,"column":56}},"46":{"start":{"line":104,"column":16},"end":{"line":104,"column":91}},"47":{"start":{"line":107,"column":8},"end":{"line":107,"column":81}},"48":{"start":{"line":108,"column":8},"end":{"line":108,"column":76}}},"fnMap":{"0":{"name":"getAppointments","decl":{"start":{"line":9,"column":15},"end":{"line":9,"column":30}},"loc":{"start":{"line":9,"column":69},"end":{"line":19,"column":1}},"line":9},"1":{"name":"createAppointment","decl":{"start":{"line":22,"column":15},"end":{"line":22,"column":32}},"loc":{"start":{"line":22,"column":82},"end":{"line":69,"column":1}},"line":22},"2":{"name":"handler","decl":{"start":{"line":71,"column":30},"end":{"line":71,"column":37}},"loc":{"start":{"line":74,"column":2},"end":{"line":110,"column":1}},"line":74}},"branchMap":{"0":{"loc":{"start":{"line":28,"column":8},"end":{"line":31,"column":9}},"type":"if","locations":[{"start":{"line":28,"column":8},"end":{"line":31,"column":9}},{"start":{},"end":{}}],"line":28},"1":{"loc":{"start":{"line":28,"column":12},"end":{"line":28,"column":37}},"type":"binary-expr","locations":[{"start":{"line":28,"column":12},"end":{"line":28,"column":17}},{"start":{"line":28,"column":21},"end":{"line":28,"column":26}},{"start":{"line":28,"column":30},"end":{"line":28,"column":37}}],"line":28},"2":{"loc":{"start":{"line":37,"column":8},"end":{"line":40,"column":9}},"type":"if","locations":[{"start":{"line":37,"column":8},"end":{"line":40,"column":9}},{"start":{},"end":{}}],"line":37},"3":{"loc":{"start":{"line":43,"column":8},"end":{"line":46,"column":9}},"type":"if","locations":[{"start":{"line":43,"column":8},"end":{"line":46,"column":9}},{"start":{},"end":{}}],"line":43},"4":{"loc":{"start":{"line":62,"column":8},"end":{"line":66,"column":9}},"type":"if","locations":[{"start":{"line":62,"column":8},"end":{"line":66,"column":9}},{"start":{},"end":{}}],"line":62},"5":{"loc":{"start":{"line":62,"column":12},"end":{"line":62,"column":70}},"type":"binary-expr","locations":[{"start":{"line":62,"column":12},"end":{"line":62,"column":34}},{"start":{"line":62,"column":38},"end":{"line":62,"column":70}}],"line":62},"6":{"loc":{"start":{"line":78,"column":4},"end":{"line":81,"column":5}},"type":"if","locations":[{"start":{"line":78,"column":4},"end":{"line":81,"column":5}},{"start":{},"end":{}}],"line":78},"7":{"loc":{"start":{"line":78,"column":8},"end":{"line":78,"column":53}},"type":"binary-expr","locations":[{"start":{"line":78,"column":8},"end":{"line":78,"column":16}},{"start":{"line":78,"column":20},"end":{"line":78,"column":33}},{"start":{"line":78,"column":37},"end":{"line":78,"column":53}}],"line":78},"8":{"loc":{"start":{"line":91,"column":8},"end":{"line":105,"column":9}},"type":"switch","locations":[{"start":{"line":92,"column":12},"end":{"line":94,"column":58}},{"start":{"line":96,"column":12},"end":{"line":98,"column":70}},{"start":{"line":101,"column":12},"end":{"line":104,"column":91}}],"line":91}},"s":{"0":0,"1":0,"2":0,"3":0,"4":0,"5":0,"6":0,"7":0,"8":0,"9":0,"10":0,"11":0,"12":0,"13":0,"14":0,"15":0,"16":0,"17":0,"18":0,"19":0,"20":0,"21":0,"22":0,"23":0,"24":0,"25":0,"26":0,"27":0,"28":0,"29":0,"30":0,"31":0,"32":0,"33":0,"34":0,"35":0,"36":0,"37":0,"38":0,"39":0,"40":0,"41":0,"42":0,"43":0,"44":0,"45":0,"46":0,"47":0,"48":0},"f":{"0":0,"1":0,"2":0},"b":{"0":[0,0],"1":[0,0,0],"2":[0,0],"3":[0,0],"4":[0,0],"5":[0,0],"6":[0,0],"7":[0,0,0],"8":[0,0,0]}},"/app/fm-compta-consulting-frontend/src/pages/profile/index.tsx":{"path":"/app/fm-compta-consulting-frontend/src/pages/profile/index.tsx","statementMap":{"0":{"start":{"line":14,"column":16},"end":{"line":14,"column":40}},"1":{"start":{"line":15,"column":28},"end":{"line":15,"column":40}},"2":{"start":{"line":16,"column":17},"end":{"line":16,"column":28}},"3":{"start":{"line":19,"column":2},"end":{"line":21,"column":3}},"4":{"start":{"line":20,"column":4},"end":{"line":20,"column":16}},"5":{"start":{"line":23,"column":2},"end":{"line":99,"column":4}},"6":{"start":{"line":102,"column":54},"end":{"line":124,"column":1}},"7":{"start":{"line":103,"column":2},"end":{"line":103,"column":71}},"8":{"start":{"line":104,"column":18},"end":{"line":104,"column":43}},"9":{"start":{"line":105,"column":2},"end":{"line":105,"column":117}},"10":{"start":{"line":107,"column":2},"end":{"line":115,"column":3}},"11":{"start":{"line":108,"column":4},"end":{"line":108,"column":85}},"12":{"start":{"line":109,"column":4},"end":{"line":114,"column":6}},"13":{"start":{"line":117,"column":2},"end":{"line":117,"column":90}},"14":{"start":{"line":118,"column":2},"end":{"line":123,"column":4}}},"fnMap":{"0":{"name":"Profile","decl":{"start":{"line":13,"column":24},"end":{"line":13,"column":31}},"loc":{"start":{"line":13,"column":34},"end":{"line":100,"column":1}},"line":13},"1":{"name":"(anonymous_1)","decl":{"start":{"line":102,"column":54},"end":{"line":102,"column":55}},"loc":{"start":{"line":102,"column":81},"end":{"line":124,"column":1}},"line":102}},"branchMap":{"0":{"loc":{"start":{"line":19,"column":2},"end":{"line":21,"column":3}},"type":"if","locations":[{"start":{"line":19,"column":2},"end":{"line":21,"column":3}},{"start":{},"end":{}}],"line":19},"1":{"loc":{"start":{"line":59,"column":21},"end":{"line":66,"column":21}},"type":"binary-expr","locations":[{"start":{"line":59,"column":21},"end":{"line":59,"column":50}},{"start":{"line":60,"column":22},"end":{"line":65,"column":29}}],"line":59},"2":{"loc":{"start":{"line":105,"column":66},"end":{"line":105,"column":115}},"type":"cond-expr","locations":[{"start":{"line":105,"column":76},"end":{"line":105,"column":106}},{"start":{"line":105,"column":109},"end":{"line":105,"column":115}}],"line":105},"3":{"loc":{"start":{"line":107,"column":2},"end":{"line":115,"column":3}},"type":"if","locations":[{"start":{"line":107,"column":2},"end":{"line":115,"column":3}},{"start":{},"end":{}}],"line":107},"4":{"loc":{"start":{"line":120,"column":39},"end":{"line":120,"column":53}},"type":"binary-expr","locations":[{"start":{"line":120,"column":39},"end":{"line":120,"column":45}},{"start":{"line":120,"column":49},"end":{"line":120,"column":53}}],"line":120}},"s":{"0":0,"1":0,"2":0,"3":0,"4":0,"5":0,"6":0,"7":0,"8":0,"9":0,"10":0,"11":0,"12":0,"13":0,"14":0},"f":{"0":0,"1":0},"b":{"0":[0,0],"1":[0,0],"2":[0,0],"3":[0,0],"4":[0,0]}},"/app/fm-compta-consulting-frontend/src/pages/api/auth/register.ts":{"path":"/app/fm-compta-consulting-frontend/src/pages/api/auth/register.ts","statementMap":{"0":{"start":{"line":4,"column":2},"end":{"line":6,"column":3}},"1":{"start":{"line":5,"column":4},"end":{"line":5,"column":67}},"2":{"start":{"line":8,"column":36},"end":{"line":8,"column":44}},"3":{"start":{"line":11,"column":2},"end":{"line":13,"column":3}},"4":{"start":{"line":12,"column":4},"end":{"line":12,"column":87}},"5":{"start":{"line":16,"column":24},"end":{"line":16,"column":82}},"6":{"start":{"line":18,"column":2},"end":{"line":41,"column":3}},"7":{"start":{"line":20,"column":28},"end":{"line":26,"column":6}},"8":{"start":{"line":29,"column":17},"end":{"line":29,"column":45}},"9":{"start":{"line":32,"column":4},"end":{"line":34,"column":5}},"10":{"start":{"line":33,"column":6},"end":{"line":33,"column":59}},"11":{"start":{"line":37,"column":4},"end":{"line":37,"column":31}},"12":{"start":{"line":39,"column":4},"end":{"line":39,"column":65}},"13":{"start":{"line":40,"column":4},"end":{"line":40,"column":63}}},"fnMap":{"0":{"name":"handler","decl":{"start":{"line":3,"column":30},"end":{"line":3,"column":37}},"loc":{"start":{"line":3,"column":81},"end":{"line":42,"column":1}},"line":3}},"branchMap":{"0":{"loc":{"start":{"line":4,"column":2},"end":{"line":6,"column":3}},"type":"if","locations":[{"start":{"line":4,"column":2},"end":{"line":6,"column":3}},{"start":{},"end":{}}],"line":4},"1":{"loc":{"start":{"line":11,"column":2},"end":{"line":13,"column":3}},"type":"if","locations":[{"start":{"line":11,"column":2},"end":{"line":13,"column":3}},{"start":{},"end":{}}],"line":11},"2":{"loc":{"start":{"line":11,"column":6},"end":{"line":11,"column":34}},"type":"binary-expr","locations":[{"start":{"line":11,"column":6},"end":{"line":11,"column":11}},{"start":{"line":11,"column":15},"end":{"line":11,"column":21}},{"start":{"line":11,"column":25},"end":{"line":11,"column":34}}],"line":11},"3":{"loc":{"start":{"line":16,"column":24},"end":{"line":16,"column":82}},"type":"binary-expr","locations":[{"start":{"line":16,"column":24},"end":{"line":16,"column":51}},{"start":{"line":16,"column":55},"end":{"line":16,"column":82}}],"line":16},"4":{"loc":{"start":{"line":32,"column":4},"end":{"line":34,"column":5}},"type":"if","locations":[{"start":{"line":32,"column":4},"end":{"line":34,"column":5}},{"start":{},"end":{}}],"line":32}},"s":{"0":0,"1":0,"2":0,"3":0,"4":0,"5":0,"6":0,"7":0,"8":0,"9":0,"10":0,"11":0,"12":0,"13":0},"f":{"0":0},"b":{"0":[0,0],"1":[0,0],"2":[0,0,0],"3":[0,0],"4":[0,0]}},"/app/fm-compta-consulting-frontend/src/pages/appointment/new.tsx":{"path":"/app/fm-compta-consulting-frontend/src/pages/appointment/new.tsx","statementMap":{"0":{"start":{"line":19,"column":16},"end":{"line":19,"column":40}},"1":{"start":{"line":20,"column":17},"end":{"line":20,"column":28}},"2":{"start":{"line":21,"column":42},"end":{"line":21,"column":57}},"3":{"start":{"line":22,"column":28},"end":{"line":22,"column":40}},"4":{"start":{"line":23,"column":34},"end":{"line":27,"column":4}},"5":{"start":{"line":30,"column":32},"end":{"line":37,"column":3}},"6":{"start":{"line":33,"column":4},"end":{"line":36,"column":6}},"7":{"start":{"line":39,"column":23},"end":{"line":42,"column":3}},"8":{"start":{"line":40,"column":28},"end":{"line":40,"column":36}},"9":{"start":{"line":41,"column":4},"end":{"line":41,"column":54}},"10":{"start":{"line":41,"column":25},"end":{"line":41,"column":51}},"11":{"start":{"line":44,"column":23},"end":{"line":70,"column":3}},"12":{"start":{"line":45,"column":4},"end":{"line":45,"column":23}},"13":{"start":{"line":46,"column":4},"end":{"line":46,"column":26}},"14":{"start":{"line":47,"column":4},"end":{"line":47,"column":17}},"15":{"start":{"line":49,"column":4},"end":{"line":69,"column":5}},"16":{"start":{"line":50,"column":23},"end":{"line":56,"column":8}},"17":{"start":{"line":58,"column":6},"end":{"line":61,"column":7}},"18":{"start":{"line":59,"column":26},"end":{"line":59,"column":47}},"19":{"start":{"line":60,"column":8},"end":{"line":60,"column":75}},"20":{"start":{"line":64,"column":6},"end":{"line":64,"column":34}},"21":{"start":{"line":66,"column":6},"end":{"line":66,"column":73}},"22":{"start":{"line":68,"column":6},"end":{"line":68,"column":29}},"23":{"start":{"line":73,"column":16},"end":{"line":73,"column":26}},"24":{"start":{"line":74,"column":18},"end":{"line":74,"column":51}},"25":{"start":{"line":77,"column":18},"end":{"line":77,"column":92}},"26":{"start":{"line":79,"column":2},"end":{
[...]
:{"line":324,"column":61}},"78":{"start":{"line":328,"column":35},"end":{"line":328,"column":63}},"79":{"start":{"line":348,"column":35},"end":{"line":348,"column":55}},"80":{"start":{"line":356,"column":22},"end":{"line":356,"column":43}},"81":{"start":{"line":365,"column":22},"end":{"line":365,"column":43}},"82":{"start":{"line":374,"column":22},"end":{"line":374,"column":43}},"83":{"start":{"line":388,"column":39},"end":{"line":388,"column":59}},"84":{"start":{"line":395,"column":39},"end":{"line":395,"column":59}},"85":{"start":{"line":405,"column":39},"end":{"line":405,"column":59}},"86":{"start":{"line":412,"column":39},"end":{"line":412,"column":59}},"87":{"start":{"line":420,"column":22},"end":{"line":420,"column":43}},"88":{"start":{"line":421,"column":22},"end":{"line":421,"column":51}},"89":{"start":{"line":433,"column":20},"end":{"line":433,"column":41}},"90":{"start":{"line":434,"column":20},"end":{"line":434,"column":46}},"91":{"start":{"line":473,"column":25},"end":{"line":473,"column":51}},"92":{"start":{"line":477,"column":27},"end":{"line":477,"column":53}},"93":{"start":{"line":479,"column":14},"end":{"line":479,"column":41}},"94":{"start":{"line":480,"column":14},"end":{"line":480,"column":43}},"95":{"start":{"line":488,"column":25},"end":{"line":488,"column":54}},"96":{"start":{"line":492,"column":27},"end":{"line":492,"column":56}},"97":{"start":{"line":494,"column":14},"end":{"line":494,"column":44}},"98":{"start":{"line":495,"column":14},"end":{"line":495,"column":40}},"99":{"start":{"line":503,"column":25},"end":{"line":503,"column":54}}},"fnMap":{"0":{"name":"(anonymous_0)","decl":{"start":{"line":11,"column":22},"end":{"line":11,"column":23}},"loc":{"start":{"line":11,"column":28},"end":{"line":11,"column":45}},"line":11},"1":{"name":"(anonymous_1)","decl":{"start":{"line":13,"column":30},"end":{"line":13,"column":31}},"loc":{"start":{"line":13,"column":36},"end":{"line":13,"column":61}},"line":13},"2":{"name":"(anonymous_2)","decl":{"start":{"line":19,"column":15},"end":{"line":19,"column":16}},"loc":{"start":{"line":19,"column":46},"end":{"line":513,"column":1}},"line":19},"3":{"name":"(anonymous_3)","decl":{"start":{"line":31,"column":12},"end":{"line":31,"column":13}},"loc":{"start":{"line":31,"column":18},"end":{"line":93,"column":3}},"line":31},"4":{"name":"(anonymous_4)","decl":{"start":{"line":51,"column":19},"end":{"line":51,"column":20}},"loc":{"start":{"line":51,"column":28},"end":{"line":56,"column":13}},"line":51},"5":{"name":"(anonymous_5)","decl":{"start":{"line":57,"column":21},"end":{"line":57,"column":22}},"loc":{"start":{"line":57,"column":27},"end":{"line":59,"column":13}},"line":57},"6":{"name":"(anonymous_6)","decl":{"start":{"line":58,"column":25},"end":{"line":58,"column":26}},"loc":{"start":{"line":58,"column":31},"end":{"line":58,"column":54}},"line":58},"7":{"name":"(anonymous_7)","decl":{"start":{"line":69,"column":19},"end":{"line":69,"column":20}},"loc":{"start":{"line":69,"column":28},"end":{"line":74,"column":13}},"line":69},"8":{"name":"(anonymous_8)","decl":{"start":{"line":75,"column":21},"end":{"line":75,"column":22}},"loc":{"start":{"line":75,"column":27},"end":{"line":77,"column":13}},"line":75},"9":{"name":"(anonymous_9)","decl":{"start":{"line":76,"column":25},"end":{"line":76,"column":26}},"loc":{"start":{"line":76,"column":31},"end":{"line":76,"column":54}},"line":76},"10":{"name":"(anonymous_10)","decl":{"start":{"line":102,"column":25},"end":{"line":102,"column":26}},"loc":{"start":{"line":102,"column":45},"end":{"line":105,"column":3}},"line":102},"11":{"name":"(anonymous_11)","decl":{"start":{"line":107,"column":23},"end":{"line":107,"column":24}},"loc":{"start":{"line":107,"column":35},"end":{"line":120,"column":3}},"line":107},"12":{"name":"(anonymous_12)","decl":{"start":{"line":145,"column":21},"end":{"line":145,"column":22}},"loc":{"start":{"line":145,"column":27},"end":{"line":145,"column":53}},"line":145},"13":{"name":"(anonymous_13)","decl":{"start":{"line":181,"column":27},"end":{"line":181,"column":28}},"loc":{"start":{"line":181,"column":34},"end":{"line":190,"column":19}},"line":181},"14":{"name":"(anonymous_14)","decl":{"start":{"line":197,"column":27},"end":{"line":197,"column":28}},"loc":{"start":{"line":197,"column":34},"end":{"line":206,"column":19}},"line":197},"15":{"name":"(anonymous_15)","decl":{"start":{"line":213,"column":27},"end":{"line":213,"column":28}},"loc":{"start":{"line":213,"column":34},"end":{"line":222,"column":19}},"line":213},"16":{"name":"(anonymous_16)","decl":{"start":{"line":255,"column":25},"end":{"line":255,"column":26}},"loc":{"start":{"line":255,"column":31},"end":{"line":255,"column":65}},"line":255},"17":{"name":"(anonymous_17)","decl":{"start":{"line":265,"column":32},"end":{"line":265,"column":33}},"loc":{"start":{"line":265,"column":38},"end":{"line":265,"column":61}},"line":265},"18":{"name":"(anonymous_18)","decl":{"start":{"line":266,"column":32},"end":{"line":266,"column":33}},"loc":{"start":{"line":267,"column":20},"end":{"line":267,"column":67}},"line":267},"19":{"name":"(anonymous_19)","decl":{"start":{"line":267,"column":31},"end":{"line":267,"column":32}},"loc":{"start":{"line":267,"column":37},"end":{"line":267,"column":61}},"line":267},"20":{"name":"(anonymous_20)","decl":{"start":{"line":271,"column":29},"end":{"line":271,"column":30}},"loc":{"start":{"line":271,"column":35},"end":{"line":271,"column":55}},"line":271},"21":{"name":"(anonymous_21)","decl":{"start":{"line":277,"column":29},"end":{"line":277,"column":30}},"loc":{"start":{"line":277,"column":35},"end":{"line":277,"column":55}},"line":277},"22":{"name":"(anonymous_22)","decl":{"start":{"line":283,"column":29},"end":{"line":283,"column":30}},"loc":{"start":{"line":283,"column":35},"end":{"line":283,"column":55}},"line":283},"23":{"name":"(anonymous_23)","decl":{"start":{"line":289,"column":29},"end":{"line":289,"column":30}},"loc":{"start":{"line":289,"column":35},"end":{"line":289,"column":55}},"line":289},"24":{"name":"(anonymous_24)","decl":{"start":{"line":300,"column":25},"end":{"line":300,"column":26}},"loc":{"start":{"line":300,"column":31},"end":{"line":306,"column":17}},"line":300},"25":{"name":"(anonymous_25)","decl":{"start":{"line":322,"column":32},"end":{"line":322,"column":33}},"loc":{"start":{"line":322,"column":38},"end":{"line":322,"column":61}},"line":322},"26":{"name":"(anonymous_26)","decl":{"start":{"line":323,"column":32},"end":{"line":323,"column":33}},"loc":{"start":{"line":324,"column":20},"end":{"line":324,"column":67}},"line":324},"27":{"name":"(anonymous_27)","decl":{"start":{"line":324,"column":31},"end":{"line":324,"column":32}},"loc":{"start":{"line":324,"column":37},"end":{"line":324,"column":61}},"line":324},"28":{"name":"(anonymous_28)","decl":{"start":{"line":328,"column":29},"end":{"line":328,"column":30}},"loc":{"start":{"line":328,"column":35},"end":{"line":328,"column":63}},"line":328},"29":{"name":"(anonymous_29)","decl":{"start":{"line":348,"column":29},"end":{"line":348,"column":30}},"loc":{"start":{"line":348,"column":35},"end":{"line":348,"column":55}},"line":348},"30":{"name":"(anonymous_30)","decl":{"start":{"line":355,"column":29},"end":{"line":355,"column":30}},"loc":{"start":{"line":355,"column":36},"end":{"line":357,"column":21}},"line":355},"31":{"name":"(anonymous_31)","decl":{"start":{"line":364,"column":29},"end":{"line":364,"column":30}},"loc":{"start":{"line":364,"column":36},"end":{"line":366,"column":21}},"line":364},"32":{"name":"(anonymous_32)","decl":{"start":{"line":373,"column":29},"end":{"line":373,"column":30}},"loc":{"start":{"line":373,"column":36},"end":{"line":375,"column":21}},"line":373},"33":{"name":"(anonymous_33)","decl":{"start":{"line":388,"column":33},"end":{"line":388,"column":34}},"loc":{"start":{"line":388,"column":39},"end":{"line":388,"column":59}},"line":388},"34":{"name":"(anonymous_34)","decl":{"start":{"line":395,"column":33},"end":{"line":395,"column":34}},"loc":{"start":{"line":395,"column":39},"end":{"line":395,"column":59}},"line":395},"35":{"name":"(anonymous_35)","decl":{"start":{"line":405,"column":33},"end":{"line":405,"column":34}},"loc":{"start":{"line":405,"column":39},"end":{"line":405,"column":59}},"line":405},"36":{"name":"(anonymous_36)","decl":{"start":{"line":412,"column":33},"end":{"line":412,"column":34}},"loc":{"start":{"line":412,"column":39},"end":{"line":412,"column":59}},"line":412},"37":{"name":"(anonymous_37)","decl":{"start":{"line":419,"column":29},"end":{"line":419,"column":30}},"loc":{"start":{"line":419,"column":35},"end":{"line":422,"column":21}},"line":419},"38":{"name":"(anonymous_38)","decl":{"start":{"line":432,"column":27},"end":{"line":432,"column":28}},"loc":{"start":{"line":432,"column":33},"end":{"line":435,"column":19}},"line":432},"39":{"name":"(anonymous_39)","decl":{"start":{"line":473,"column":19},"end":{"line":473,"column":20}},"loc":{"start":{"line":473,"column":25},"end":{"line":473,"column":51}},"line":473},"40":{"name":"(anonymous_40)","decl":{"start":{"line":477,"column":21},"end":{"line":477,"column":22}},"loc":{"start":{"line":477,"column":27},"end":{"line":477,"column":53}},"line":477},"41":{"name":"(anonymous_41)","decl":{"start":{"line":478,"column":32},"end":{"line":478,"column":33}},"loc":{"start":{"line":478,"column":38},"end":{"line":481,"column":13}},"line":478},"42":{"name":"(anonymous_42)","decl":{"start":{"line":488,"column":19},"end":{"line":488,"column":20}},"loc":{"start":{"line":488,"column":25},"end":{"line":488,"column":54}},"line":488},"43":{"name":"(anonymous_43)","decl":{"start":{"line":492,"column":21},"end":{"line":492,"column":22}},"loc":{"start":{"line":492,"column":27},"end":{"line":492,"column":56}},"line":492},"44":{"name":"(anonymous_44)","decl":{"start":{"line":493,"column":29},"end":{"line":493,"column":30}},"loc":{"start":{"line":493,"column":35},"end":{"line":496,"column":13}},"line":493},"45":{"name":"(anonymous_45)","decl":{"start":{"line":503,"column":19},"end":{"line":503,"column":20}},"loc":{"start":{"line":503,"column":25},"end":{"line":503,"column":54}},"line":503}},"branchMap":{"0":{"loc":{"start":{"line":33,"column":4},"end":{"line":92,"column":5}},"type":"if","locations":[{"start":{"line":33,"column":4},"end":{"line":92,"column":5}},{"start":{},"end":{}}],"line":33},"1":{"loc":{"start":{"line":33,"column":8},"end":{"line":33,"column":64}},"type":"binary-expr","locations":[{"start":{"line":33,"column":8},"end":{"line":33,"column":22}},{"start":{"line":33,"column":26},"end":{"line":33,"column":46}},{"start":{"line":33,"column":50},"end":{"line":33,"column":64}}],"line":33},"2":{"loc":{"start":{"line":37,"column":6},"end":{"line":90,"column":7}},"type":"if","locations":[{"start":{"line":37,"column":6},"end":{"line":90,"column":7}},{"start":{"line":85,"column":13},"end":{"line":90,"column":7}}],"line":37},"3":{"loc":{"start":{"line":37,"column":10},"end":{"line":37,"column":53}},"type":"binary-expr","locations":[{"start":{"line":37,"column":10},"end":{"line":37,"column":36}},{"start":{"line":37,"column":40},"end":{"line":37,"column":53}}],"line":37},"4":{"loc":{"start":{"line":44,"column":8},"end":{"line":84,"column":9}},"type":"if","locations":[{"start":{"line":44,"column":8},"end":{"line":84,"column":9}},{"start":{"line":62,"column":13},"end":{"line":84,"column":9}}],"line":44},"5":{"loc":{"start":{"line":44,"column":12},"end":{"line":44,"column":69}},"type":"binary-expr","locations":[{"start":{"line":44,"column":12},"end":{"line":44,"column":32}},{"start":{"line":44,"column":36},"end":{"line":44,"column":69}}],"line":44},"6":{"loc":{"start":{"line":62,"column":13},"end":{"line":84,"column":9}},"type":"if","locations":[{"start":{"line":62,"column":13},"end":{"line":84,"column":9}},{"start":{"line":80,"column":13},"end":{"line":84,"column":9}}],"line":62},"7":{"loc":{"start":{"line":62,"column":17},"end":{"line":62,"column":60}},"type":"binary-expr","locations":[{"start":{"line":62,"column":17},"end":{"line":62,"column":37}},{"start":{"line":62,"column":41},"end":{"line":62,"column":60}}],"line":62},"8":{"loc":{"start":{"line":85,"column":13},"end":{"line":90,"column":7}},"type":"if","locations":[{"start":{"line":85,"column":13},"end":{"line":90,"column":7}},{"start":{},"end":{}}],"line":85},"9":{"loc":{"start":{"line":154,"column":15},"end":{"line":168,"column":15}},"type":"cond-expr","locations":[{"start":{"line":155,"column":16},"end":{"line":160,"column":18}},{"start":{"line":162,"column":16},"end":{"line":167,"column":18}}],"line":154},"10":{"loc":{"start":{"line":173,"column":13},"end":{"line":227,"column":13}},"type":"binary-expr","locations":[{"start":{"line":173,"column":13},"end":{"line":173,"column":39}},{"start":{"line":174,"column":14},"end":{"line":226,"column":17}}],"line":173},"11":{"loc":{"start":{"line":183,"column":20},"end":{"line":189,"column":21}},"type":"if","locations":[{"start":{"line":183,"column":20},"end":{"line":189,"column":21}},{"start":{"line":187,"column":27},"end":{"line":189,"column":21}}],"line":183},"12":{"loc":{"start":{"line":199,"column":20},"end":{"line":205,"column":21}},"type":"if","locations":[{"start":{"line":199,"column":20},"end":{"line":205,"column":21}},{"start":{"line":203,"column":27},"end":{"line":205,"column":21}}],"line":199},"13":{"loc":{"start":{"line":215,"column":20},"end":{"line":221,"column":21}},"type":"if","locations":[{"start":{"line":215,"column":20},"end":{"line":221,"column":21}},{"start":{"line":219,"column":27},"end":{"line":221,"column":21}}],"line":215},"14":{"loc":{"start":{"line":229,"column":13},"end":{"line":251,"column":13}},"type":"binary-expr","locations":[{"start":{"line":229,"column":13},"end":{"line":229,"column":39}},{"start":{"line":229,"column":43},"end":{"line":229,"column":50}},{"start":{"line":230,"column":14},"end":{"line":250,"column":17}}],"line":229},"15":{"loc":{"start":{"line":231,"column":17},"end":{"line":249,"column":17}},"type":"cond-expr","locations":[{"start":{"line":232,"column":18},"end":{"line":239,"column":21}},{"start":{"line":241,"column":18},"end":{"line":248,"column":21}}],"line":231},"16":{"loc":{"start":{"line":262,"column":15},"end":{"line":295,"column":15}},"type":"binary-expr","locations":[{"start":{"line":262,"column":15},"end":{"line":262,"column":29}},{"start":{"line":263,"column":16},"end":{"line":294,"column":22}}],"line":262},"17":{"loc":{"start":{"line":272,"column":87},"end":{"line":272,"column":244}},"type":"cond-expr","locations":[{"start":{"line":272,"column":112},"end":{"line":272,"column":148}},{"start":{"line":272,"column":151},"end":{"line":272,"column":244}}],"line":272},"18":{"loc":{"start":{"line":278,"column":87},"end":{"line":278,"column":244}},"type":"cond-expr","locations":[{"start":{"line":278,"column":112},"end":{"line":278,"column":148}},{"start":{"line":278,"column":151},"end":{"line":278,"column":244}}],"line":278},"19":{"loc":{"start":{"line":284,"column":87},"end":{"line":284,"column":244}},"type":"cond-expr","locations":[{"start":{"line":284,"column":112},"end":{"line":284,"column":148}},{"start":{"line":284,"column":151},"end":{"line":284,"column":244}}],"line":284},"20":{"loc":{"start":{"line":290,"column":87},"end":{"line":290,"column":244}},"type":"cond-expr","locations":[{"start":{"line":290,"column":112},"end":{"line":290,"column":148}},{"start":{"line":290,"column":151},"end":{"line":290,"column":244}}],"line":290},"21":{"loc":{"start":{"line":301,"column":18},"end":{"line":305,"column":19}},"type":"if","locations":[{"start":{"line":301,"column":18},"end":{"line":305,"column":19}},{"start":{"line":303,"column":25},"end":{"line":305,"column":19}}],"line":301},"22":{"loc":{"start":{"line":310,"column":17},"end":{"line":316,"column":17}},"type":"cond-expr","locations":[{"start":{"line":311,"column":18},"end":{"line":313,"column":25}},{"start":{"line":315,"column":18},"end":{"line":315,"column":74}}],"line":310},"23":{"loc":{"start":{"line":310,"column":17},"end":{"line":310,"column":66}},"type":"binary-expr","locations":[{"start":{"line":310,"column":17},"end":{"line":310,"column":43}},{"start":{"line":310,"column":47},"end":{"line":310,"column":66}}],"line":310},"24":{"loc":{"start":{"line":319,"column":15},"end":{"line":335,"column":15}},"type":"binary-expr","locations":[{"start":{"line":319,"column":15},"end":{"line":319,"column":29}},{"start":{"line":319,"column":33},"end":{"line":319,"column":59}},{"start":{"line":320,"column":16},"end":{"line":334,"column":22}}],"line":319},"25":{"loc":{"start":{"line":340,"column":9},"end":{"line":443,"column":9}},"type":"binary-expr","locations":[{"start":{"line":340,"column":9},"end":{"line":340,"column":19}},{"start":{"line":341,"column":10},"end":{"line":442,"column":16}}],"line":340},"26":{"loc":{"start":{"line":343,"column":15},"end":{"line":380,"column":15}},"type":"binary-expr","locations":[{"start":{"line":343,"column":15},"end":{"line":343,"column":41}},{"start":{"line":344,"column":16},"end":{"line":379,"column":19}}],"line":343},"27":{"loc":{"start":{"line":381,"column":15},"end":{"line":429,"column":15}},"type":"binary-expr","locations":[{"start":{"line":381,"column":15},"end":{"line":381,"column":41}},{"start":{"line":381,"column":45},"end":{"line":381,"column":52}},{"start":{"line":382,"column":16},"end":{"line":428,"column":19}}],"line":381},"28":{"loc":{"start":{"line":383,"column":19},"end":{"line":417,"column":19}},"type":"cond-expr","locations":[{"start":{"line":384,"column":20},"end":{"line":399,"column":23}},{"start":{"line":401,"column":20},"end":{"line":416,"column":23}}],"line":383},"29":{"loc":{"start":{"line":430,"column":15},"end":{"line":440,"column":15}},"type":"binary-expr","locations":[{"start":{"line":430,"column":15},"end":{"line":430,"column":41}},{"start":{"line":431,"column":16},"end":{"line":439,"column":25}}],"line":430},"30":{"loc":{"start":{"line":470,"column":7},"end":{"line":484,"column":7}},"type":"binary-expr","locations":[{"start":{"line":470,"column":7},"end":{"line":470,"column":23}},{"start":{"line":471,"column":8},"end":{"line":483,"column":16}}],"line":470},"31":{"loc":{"start":{"line":485,"column":7},"end":{"line":499,"column":7}},"type":"binary-expr","locations":[{"start":{"line":485,"column":7},"end":{"line":485,"column":26}},{"start":{"line":486,"column":8},"end":{"line":498,"column":16}}],"line":485},"32":{"loc":{"start":{"line":500,"column":7},"end":{"line":510,"column":7}},"type":"binary-expr","locations":[{"start":{"line":500,"column":7},"end":{"line":500,"column":26}},{"start":{"line":501,"column":8},"end":{"line":509,"column":10}}],"line":500}},"s":{"0":0,"1":0,"2":0,"3":0,"4":0,"5":0,"6":0,"7":0,"8":0,"9":0,"10":0,"11":0,"12":0,"13":0,"14":0,"15":0,"16":0,"17":0,"18":0,"19":0,"20":0,"21":0,"22":0,"23":0,"24":0,"25":0,"26":0,"27":0,"28":0,"29":0,"30":0,"31":0,"32":0,"33":0,"34":0,"35":0,"36":0,"37":0,"38":0,"39":0,"40":0,"41":0,"42":0,"43":0,"44":0,"45":0,"46":0,"47":0,"48":0,"49":0,"50":0,"51":0,"52":0,"53":0,"54":0,"55":0,"56":0,"57":0,"58":0,"59":0,"60":0,"61":0,"62":0,"63":0,"64":0,"65":0,"66":0,"67":0,"68":0,"69":0,"70":0,"71":0,"72":0,"73":0,"74":0,"75":0,"76":0,"77":0,"78":0,"79":0,"80":0,"81":0,"82":0,"83":0,"84":0,"85":0,"86":0,"87":0,"88":0,"89":0,"90":0,"91":0,"92":0,"93":0,"94":0,"95":0,"96":0,"97":0,"98":0,"99":0},"f":{"0":0,"1":0,"2":0,"3":0,"4":0,"5":0,"6":0,"7":0,"8":0,"9":0,"10":0,"11":0,"12":0,"13":0,"14":0,"15":0,"16":0,"17":0,"18":0,"19":0,"20":0,"21":0,"22":0,"23":0,"24":0,"25":0,"26":0,"27":0,"28":0,"29":0,"30":0,"31":0,"32":0,"33":0,"34":0,"35":0,"36":0,"37":0,"38":0,"39":0,"40":0,"41":0,"42":0,"43":0,"44":0,"45":0},"b":{"0":[0,0],"1":[0,0,0],"2":[0,0],"3":[0,0],"4":[0,0],"5":[0,0],"6":[0,0],"7":[0,0],"8":[0,0],"9":[0,0],"10":[0,0],"11":[0,0],"12":[0,0],"13":[0,0],"14":[0,0,0],"15":[0,0],"16":[0,0],"17":[0,0],"18":[0,0],"19":[0,0],"20":[0,0],"21":[0,0],"22":[0,0],"23":[0,0],"24":[0,0,0],"25":[0,0],"26":[0,0],"27":[0,0,0],"28":[0,0],"29":[0,0],"30":[0,0],"31":[0,0],"32":[0,0]}}}}
